<?xml version="1.0" encoding="UTF-8"?>
<testsuite xmlns:xsi="http://www.w3.org/2001/XMLSchema-instance" xsi:noNamespaceSchemaLocation="https://maven.apache.org/surefire/maven-surefire-plugin/xsd/surefire-test-report.xsd" version="3.0.2" name="TestSuite" time="126.589" tests="4" errors="0" skipped="0" failures="1">
  <properties>
    <property name="java.specification.version" value="22"/>
    <property name="sun.cpu.isalist" value="amd64"/>
    <property name="sun.jnu.encoding" value="Cp1252"/>
    <property name="java.class.path" value="C:\Users\joych\eclipse-workspace\AppiumFrameworkDesign\target\test-classes;C:\Users\joych\eclipse-workspace\AppiumFrameworkDesign\target\classes;C:\Users\joych\.m2\repository\org\testng\testng\7.9.0\testng-7.9.0.jar;C:\Users\joych\.m2\repository\com\beust\jcommander\1.82\jcommander-1.82.jar;C:\Users\joych\.m2\repository\org\webjars\jquery\3.7.1\jquery-3.7.1.jar;C:\Users\joych\.m2\repository\xml-apis\xml-apis\1.4.01\xml-apis-1.4.01.jar;C:\Users\joych\.m2\repository\io\appium\java-client\9.2.2\java-client-9.2.2.jar;C:\Users\joych\.m2\repository\org\seleniumhq\selenium\selenium-api\4.25.0\selenium-api-4.25.0.jar;C:\Users\joych\.m2\repository\org\jspecify\jspecify\1.0.0\jspecify-1.0.0.jar;C:\Users\joych\.m2\repository\org\seleniumhq\selenium\selenium-support\4.25.0\selenium-support-4.25.0.jar;C:\Users\joych\.m2\repository\com\google\code\gson\gson\2.10.1\gson-2.10.1.jar;C:\Users\joych\.m2\repository\org\slf4j\slf4j-simple\2.0.13\slf4j-simple-2.0.13.jar;C:\Users\joych\.m2\repository\org\seleniumhq\selenium\selenium-remote-driver\4.20.0\selenium-remote-driver-4.20.0.jar;C:\Users\joych\.m2\repository\com\google\auto\service\auto-service-annotations\1.1.1\auto-service-annotations-1.1.1.jar;C:\Users\joych\.m2\repository\com\google\guava\guava\33.1.0-jre\guava-33.1.0-jre.jar;C:\Users\joych\.m2\repository\com\google\guava\failureaccess\1.0.2\failureaccess-1.0.2.jar;C:\Users\joych\.m2\repository\com\google\guava\listenablefuture\9999.0-empty-to-avoid-conflict-with-guava\listenablefuture-9999.0-empty-to-avoid-conflict-with-guava.jar;C:\Users\joych\.m2\repository\com\google\code\findbugs\jsr305\3.0.2\jsr305-3.0.2.jar;C:\Users\joych\.m2\repository\org\checkerframework\checker-qual\3.42.0\checker-qual-3.42.0.jar;C:\Users\joych\.m2\repository\com\google\errorprone\error_prone_annotations\2.26.1\error_prone_annotations-2.26.1.jar;C:\Users\joych\.m2\repository\com\google\j2objc\j2objc-annotations\3.0.0\j2objc-annotations-3.0.0.jar;C:\Users\joych\.m2\repository\io\opentelemetry\semconv\opentelemetry-semconv\1.25.0-alpha\opentelemetry-semconv-1.25.0-alpha.jar;C:\Users\joych\.m2\repository\io\opentelemetry\opentelemetry-api\1.37.0\opentelemetry-api-1.37.0.jar;C:\Users\joych\.m2\repository\io\opentelemetry\opentelemetry-context\1.37.0\opentelemetry-context-1.37.0.jar;C:\Users\joych\.m2\repository\io\opentelemetry\opentelemetry-exporter-logging\1.37.0\opentelemetry-exporter-logging-1.37.0.jar;C:\Users\joych\.m2\repository\io\opentelemetry\opentelemetry-sdk-common\1.37.0\opentelemetry-sdk-common-1.37.0.jar;C:\Users\joych\.m2\repository\io\opentelemetry\opentelemetry-sdk-extension-autoconfigure-spi\1.37.0\opentelemetry-sdk-extension-autoconfigure-spi-1.37.0.jar;C:\Users\joych\.m2\repository\io\opentelemetry\opentelemetry-sdk-extension-autoconfigure\1.37.0\opentelemetry-sdk-extension-autoconfigure-1.37.0.jar;C:\Users\joych\.m2\repository\io\opentelemetry\opentelemetry-api-incubator\1.37.0-alpha\opentelemetry-api-incubator-1.37.0-alpha.jar;C:\Users\joych\.m2\repository\io\opentelemetry\opentelemetry-sdk-trace\1.37.0\opentelemetry-sdk-trace-1.37.0.jar;C:\Users\joych\.m2\repository\io\opentelemetry\opentelemetry-sdk\1.37.0\opentelemetry-sdk-1.37.0.jar;C:\Users\joych\.m2\repository\io\opentelemetry\opentelemetry-sdk-metrics\1.37.0\opentelemetry-sdk-metrics-1.37.0.jar;C:\Users\joych\.m2\repository\io\opentelemetry\opentelemetry-sdk-logs\1.37.0\opentelemetry-sdk-logs-1.37.0.jar;C:\Users\joych\.m2\repository\net\bytebuddy\byte-buddy\1.14.14\byte-buddy-1.14.14.jar;C:\Users\joych\.m2\repository\org\seleniumhq\selenium\selenium-http\4.20.0\selenium-http-4.20.0.jar;C:\Users\joych\.m2\repository\dev\failsafe\failsafe\3.3.2\failsafe-3.3.2.jar;C:\Users\joych\.m2\repository\org\seleniumhq\selenium\selenium-json\4.20.0\selenium-json-4.20.0.jar;C:\Users\joych\.m2\repository\org\seleniumhq\selenium\selenium-manager\4.20.0\selenium-manager-4.20.0.jar;C:\Users\joych\.m2\repository\org\seleniumhq\selenium\selenium-os\4.20.0\selenium-os-4.20.0.jar;C:\Users\joych\.m2\repository\org\apache\commons\commons-exec\1.4.0\commons-exec-1.4.0.jar;C:\Users\joych\.m2\repository\org\slf4j\slf4j-api\2.0.13\slf4j-api-2.0.13.jar;C:\Users\joych\.m2\repository\org\slf4j\slf4j-nop\2.0.13\slf4j-nop-2.0.13.jar;C:\Users\joych\.m2\repository\ch\qos\logback\logback-classic\1.5.6\logback-classic-1.5.6.jar;C:\Users\joych\.m2\repository\ch\qos\logback\logback-core\1.5.6\logback-core-1.5.6.jar;C:\Users\joych\.m2\repository\commons-io\commons-io\2.16.1\commons-io-2.16.1.jar;C:\Users\joych\.m2\repository\com\fasterxml\jackson\core\jackson-databind\2.17.2\jackson-databind-2.17.2.jar;C:\Users\joych\.m2\repository\com\fasterxml\jackson\core\jackson-annotations\2.17.2\jackson-annotations-2.17.2.jar;C:\Users\joych\.m2\repository\com\fasterxml\jackson\core\jackson-core\2.17.2\jackson-core-2.17.2.jar;C:\Users\joych\.m2\repository\com\aventstack\extentreports\5.1.2\extentreports-5.1.2.jar;C:\Users\joych\.m2\repository\io\reactivex\rxjava3\rxjava\3.1.6\rxjava-3.1.6.jar;C:\Users\joych\.m2\repository\org\reactivestreams\reactive-streams\1.0.4\reactive-streams-1.0.4.jar;C:\Users\joych\.m2\repository\org\freemarker\freemarker\2.3.32\freemarker-2.3.32.jar;C:\Users\joych\.m2\repository\org\projectlombok\lombok\1.18.26\lombok-1.18.26.jar;"/>
    <property name="java.vm.vendor" value="Oracle Corporation"/>
    <property name="sun.arch.data.model" value="64"/>
    <property name="user.variant" value=""/>
    <property name="java.vendor.url" value="https://java.oracle.com/"/>
    <property name="user.timezone" value="Asia/Calcutta"/>
    <property name="os.name" value="Windows 11"/>
    <property name="java.vm.specification.version" value="22"/>
    <property name="sun.java.launcher" value="SUN_STANDARD"/>
    <property name="user.country" value="IN"/>
    <property name="sun.boot.library.path" value="C:\Program Files\Java\jdk-22\bin"/>
    <property name="sun.java.command" value="C:\Users\joych\AppData\Local\Temp\surefire584803895835139850\surefirebooter-20240924172550451_3.jar C:\Users\joych\AppData\Local\Temp\surefire584803895835139850 2024-09-24T17-25-50_303-jvmRun1 surefire-20240924172550451_1tmp surefire_0-20240924172550451_2tmp"/>
    <property name="jdk.debug" value="release"/>
    <property name="surefire.test.class.path" value="C:\Users\joych\eclipse-workspace\AppiumFrameworkDesign\target\test-classes;C:\Users\joych\eclipse-workspace\AppiumFrameworkDesign\target\classes;C:\Users\joych\.m2\repository\org\testng\testng\7.9.0\testng-7.9.0.jar;C:\Users\joych\.m2\repository\com\beust\jcommander\1.82\jcommander-1.82.jar;C:\Users\joych\.m2\repository\org\webjars\jquery\3.7.1\jquery-3.7.1.jar;C:\Users\joych\.m2\repository\xml-apis\xml-apis\1.4.01\xml-apis-1.4.01.jar;C:\Users\joych\.m2\repository\io\appium\java-client\9.2.2\java-client-9.2.2.jar;C:\Users\joych\.m2\repository\org\seleniumhq\selenium\selenium-api\4.25.0\selenium-api-4.25.0.jar;C:\Users\joych\.m2\repository\org\jspecify\jspecify\1.0.0\jspecify-1.0.0.jar;C:\Users\joych\.m2\repository\org\seleniumhq\selenium\selenium-support\4.25.0\selenium-support-4.25.0.jar;C:\Users\joych\.m2\repository\com\google\code\gson\gson\2.10.1\gson-2.10.1.jar;C:\Users\joych\.m2\repository\org\slf4j\slf4j-simple\2.0.13\slf4j-simple-2.0.13.jar;C:\Users\joych\.m2\repository\org\seleniumhq\selenium\selenium-remote-driver\4.20.0\selenium-remote-driver-4.20.0.jar;C:\Users\joych\.m2\repository\com\google\auto\service\auto-service-annotations\1.1.1\auto-service-annotations-1.1.1.jar;C:\Users\joych\.m2\repository\com\google\guava\guava\33.1.0-jre\guava-33.1.0-jre.jar;C:\Users\joych\.m2\repository\com\google\guava\failureaccess\1.0.2\failureaccess-1.0.2.jar;C:\Users\joych\.m2\repository\com\google\guava\listenablefuture\9999.0-empty-to-avoid-conflict-with-guava\listenablefuture-9999.0-empty-to-avoid-conflict-with-guava.jar;C:\Users\joych\.m2\repository\com\google\code\findbugs\jsr305\3.0.2\jsr305-3.0.2.jar;C:\Users\joych\.m2\repository\org\checkerframework\checker-qual\3.42.0\checker-qual-3.42.0.jar;C:\Users\joych\.m2\repository\com\google\errorprone\error_prone_annotations\2.26.1\error_prone_annotations-2.26.1.jar;C:\Users\joych\.m2\repository\com\google\j2objc\j2objc-annotations\3.0.0\j2objc-annotations-3.0.0.jar;C:\Users\joych\.m2\repository\io\opentelemetry\semconv\opentelemetry-semconv\1.25.0-alpha\opentelemetry-semconv-1.25.0-alpha.jar;C:\Users\joych\.m2\repository\io\opentelemetry\opentelemetry-api\1.37.0\opentelemetry-api-1.37.0.jar;C:\Users\joych\.m2\repository\io\opentelemetry\opentelemetry-context\1.37.0\opentelemetry-context-1.37.0.jar;C:\Users\joych\.m2\repository\io\opentelemetry\opentelemetry-exporter-logging\1.37.0\opentelemetry-exporter-logging-1.37.0.jar;C:\Users\joych\.m2\repository\io\opentelemetry\opentelemetry-sdk-common\1.37.0\opentelemetry-sdk-common-1.37.0.jar;C:\Users\joych\.m2\repository\io\opentelemetry\opentelemetry-sdk-extension-autoconfigure-spi\1.37.0\opentelemetry-sdk-extension-autoconfigure-spi-1.37.0.jar;C:\Users\joych\.m2\repository\io\opentelemetry\opentelemetry-sdk-extension-autoconfigure\1.37.0\opentelemetry-sdk-extension-autoconfigure-1.37.0.jar;C:\Users\joych\.m2\repository\io\opentelemetry\opentelemetry-api-incubator\1.37.0-alpha\opentelemetry-api-incubator-1.37.0-alpha.jar;C:\Users\joych\.m2\repository\io\opentelemetry\opentelemetry-sdk-trace\1.37.0\opentelemetry-sdk-trace-1.37.0.jar;C:\Users\joych\.m2\repository\io\opentelemetry\opentelemetry-sdk\1.37.0\opentelemetry-sdk-1.37.0.jar;C:\Users\joych\.m2\repository\io\opentelemetry\opentelemetry-sdk-metrics\1.37.0\opentelemetry-sdk-metrics-1.37.0.jar;C:\Users\joych\.m2\repository\io\opentelemetry\opentelemetry-sdk-logs\1.37.0\opentelemetry-sdk-logs-1.37.0.jar;C:\Users\joych\.m2\repository\net\bytebuddy\byte-buddy\1.14.14\byte-buddy-1.14.14.jar;C:\Users\joych\.m2\repository\org\seleniumhq\selenium\selenium-http\4.20.0\selenium-http-4.20.0.jar;C:\Users\joych\.m2\repository\dev\failsafe\failsafe\3.3.2\failsafe-3.3.2.jar;C:\Users\joych\.m2\repository\org\seleniumhq\selenium\selenium-json\4.20.0\selenium-json-4.20.0.jar;C:\Users\joych\.m2\repository\org\seleniumhq\selenium\selenium-manager\4.20.0\selenium-manager-4.20.0.jar;C:\Users\joych\.m2\repository\org\seleniumhq\selenium\selenium-os\4.20.0\selenium-os-4.20.0.jar;C:\Users\joych\.m2\repository\org\apache\commons\commons-exec\1.4.0\commons-exec-1.4.0.jar;C:\Users\joych\.m2\repository\org\slf4j\slf4j-api\2.0.13\slf4j-api-2.0.13.jar;C:\Users\joych\.m2\repository\org\slf4j\slf4j-nop\2.0.13\slf4j-nop-2.0.13.jar;C:\Users\joych\.m2\repository\ch\qos\logback\logback-classic\1.5.6\logback-classic-1.5.6.jar;C:\Users\joych\.m2\repository\ch\qos\logback\logback-core\1.5.6\logback-core-1.5.6.jar;C:\Users\joych\.m2\repository\commons-io\commons-io\2.16.1\commons-io-2.16.1.jar;C:\Users\joych\.m2\repository\com\fasterxml\jackson\core\jackson-databind\2.17.2\jackson-databind-2.17.2.jar;C:\Users\joych\.m2\repository\com\fasterxml\jackson\core\jackson-annotations\2.17.2\jackson-annotations-2.17.2.jar;C:\Users\joych\.m2\repository\com\fasterxml\jackson\core\jackson-core\2.17.2\jackson-core-2.17.2.jar;C:\Users\joych\.m2\repository\com\aventstack\extentreports\5.1.2\extentreports-5.1.2.jar;C:\Users\joych\.m2\repository\io\reactivex\rxjava3\rxjava\3.1.6\rxjava-3.1.6.jar;C:\Users\joych\.m2\repository\org\reactivestreams\reactive-streams\1.0.4\reactive-streams-1.0.4.jar;C:\Users\joych\.m2\repository\org\freemarker\freemarker\2.3.32\freemarker-2.3.32.jar;C:\Users\joych\.m2\repository\org\projectlombok\lombok\1.18.26\lombok-1.18.26.jar;"/>
    <property name="sun.cpu.endian" value="little"/>
    <property name="user.home" value="C:\Users\joych"/>
    <property name="user.language" value="en"/>
    <property name="java.specification.vendor" value="Oracle Corporation"/>
    <property name="java.version.date" value="2024-04-16"/>
    <property name="java.home" value="C:\Program Files\Java\jdk-22"/>
    <property name="file.separator" value="\"/>
    <property name="basedir" value="C:\Users\joych\eclipse-workspace\AppiumFrameworkDesign"/>
    <property name="java.vm.compressedOopsMode" value="Zero based"/>
    <property name="line.separator" value="&#10;"/>
    <property name="java.vm.specification.vendor" value="Oracle Corporation"/>
    <property name="java.specification.name" value="Java Platform API Specification"/>
    <property name="surefire.real.class.path" value="C:\Users\joych\AppData\Local\Temp\surefire584803895835139850\surefirebooter-20240924172550451_3.jar"/>
    <property name="user.script" value=""/>
    <property name="sun.management.compiler" value="HotSpot 64-Bit Tiered Compilers"/>
    <property name="java.runtime.version" value="22.0.1+8-16"/>
    <property name="user.name" value="joych"/>
    <property name="stdout.encoding" value="Cp1252"/>
    <property name="path.separator" value=";"/>
    <property name="os.version" value="10.0"/>
    <property name="java.runtime.name" value="Java(TM) SE Runtime Environment"/>
    <property name="file.encoding" value="UTF-8"/>
    <property name="java.vm.name" value="Java HotSpot(TM) 64-Bit Server VM"/>
    <property name="localRepository" value="C:\Users\joych\.m2\repository"/>
    <property name="java.vendor.url.bug" value="https://bugreport.java.com/bugreport/"/>
    <property name="java.io.tmpdir" value="C:\Users\joych\AppData\Local\Temp\"/>
    <property name="java.version" value="22.0.1"/>
    <property name="user.dir" value="C:\Users\joych\eclipse-workspace\AppiumFrameworkDesign"/>
    <property name="os.arch" value="amd64"/>
    <property name="java.vm.specification.name" value="Java Virtual Machine Specification"/>
    <property name="sun.os.patch.level" value=""/>
    <property name="native.encoding" value="Cp1252"/>
    <property name="java.library.path" value="C:\Program Files\Java\jdk-22\bin;C:\Windows\Sun\Java\bin;C:\Windows\system32;C:\Windows;C:\Program Files\Common Files\Oracle\Java\javapath;C:\Program Files (x86)\Common Files\Oracle\Java\java8path;C:\Program Files (x86)\Common Files\Oracle\Java\javapath;C:\Program Files\Python312\Scripts\;C:\Program Files\Python312\;C:\Windows\system32;C:\Windows;C:\Windows\System32\Wbem;C:\Windows\System32\WindowsPowerShell\v1.0\;C:\Windows\System32\OpenSSH\;C:\Program Files\Git\cmd;C:\Program Files\Java\jdk-22\bin;C:\Program Files\Java\jre-1.8\bin;C:\Program Files\nodejs\;C:\Users\joych\AppData\Local\Android\Sdk\tools\bin;C:\Users\joych\AppData\Local\Android\Sdk\tools;C:\Users\joych\AppData\Local\Android\Sdk\platform-tools;C:\Program Files\nodejs\node_modules\npm\bin;C:\Program Files\Docker\Docker\resources\bin;C:\apache-maven-3.9.9;C:\Users\joych\AppData\Local\Microsoft\WindowsApps;C:\Users\joych\AppData\Roaming\npm;C:\Users\joych\AppData\Local\Programs\Microsoft VS Code\bin;C:\apache-maven-3.9.9\bin;;."/>
    <property name="java.vm.info" value="mixed mode, sharing"/>
    <property name="stderr.encoding" value="Cp1252"/>
    <property name="java.vendor" value="Oracle Corporation"/>
    <property name="java.vm.version" value="22.0.1+8-16"/>
    <property name="sun.io.unicode.encoding" value="UnicodeLittle"/>
    <property name="java.class.version" value="66.0"/>
  </properties>
  <testcase name="E2ETestApplication[Joy Chowdhury, Argentina](1)" classname="org.joyacademy.Testcases01" time="42.399">
    <system-out><![CDATA[&amp#27;[35m[Appium]&amp#27;[39m Welcome to Appium v2.5.4
&amp#27;[35m[Appium]&amp#27;[39m Non-default server args:
&amp#27;[35m[Appium]&amp#27;[39m { address: &amp#27;[32m'192.168.31.162'&amp#27;[39m }
&amp#27;[35m[Appium]&amp#27;[39m The autodetected Appium home path: C:\Users\joych
&amp#27;[35m[Appium]&amp#27;[39m Attempting to load driver uiautomator2...
&amp#27;[35m[Appium]&amp#27;[39m Attempting to load driver chromium...
&amp#27;[35m[Appium]&amp#27;[39m Attempting to load driver gecko...
&amp#27;[35m[Appium]&amp#27;[39m Requiring driver at C:\Users\joych\node_modules\appium-uiautomator2-driver\build\index.js
&amp#27;[35m[Appium]&amp#27;[39m Requiring driver at C:\Users\joych\node_modules\appium-geckodriver\build\index.js
&amp#27;[35m[Appium]&amp#27;[39m Requiring driver at C:\Users\joych\node_modules\appium-chromium-driver\index.js
&amp#27;[35m[Appium]&amp#27;[39m AndroidUiautomator2Driver has been successfully loaded in 3.788s
&amp#27;[35m[Appium]&amp#27;[39m GeckoDriver has been successfully loaded in 3.788s
&amp#27;[35m[Appium]&amp#27;[39m ChromiumDriver has been successfully loaded in 3.788s
&amp#27;[35m[Appium]&amp#27;[39m Appium REST http interface listener started on http://192.168.31.162:4723
&amp#27;[35m[Appium]&amp#27;[39m Available drivers:
&amp#27;[35m[Appium]&amp#27;[39m   - uiautomator2@3.2.0 (automationName 'UiAutomator2')
&amp#27;[35m[Appium]&amp#27;[39m   - chromium@1.3.24 (automationName 'Chromium')
&amp#27;[35m[Appium]&amp#27;[39m   - gecko@1.3.3 (automationName 'Gecko')
&amp#27;[35m[Appium]&amp#27;[39m No plugins have been installed. Use the "appium plugin" command to install the one(s) you want to use.
&amp#27;[38;5;0m[HTTP]&amp#27;[0m &amp#27;[37m-->&amp#27;[39m &amp#27;[37mGET&amp#27;[39m &amp#27;[37m/status&amp#27;[39m
&amp#27;[38;5;0m[HTTP]&amp#27;[0m &amp#27;[90m{}&amp#27;[39m
&amp#27;[38;5;16m[AppiumDriver@7cb0]&amp#27;[0m Calling AppiumDriver.getStatus() with args: []
&amp#27;[38;5;16m[AppiumDriver@7cb0]&amp#27;[0m Responding to client with driver.getStatus() result: {"ready":true,"message":"The server is ready to accept new connections","build":{"version":"2.5.4"}}
&amp#27;[38;5;0m[HTTP]&amp#27;[0m &amp#27;[37m<-- GET /status &amp#27;[39m&amp#27;[32m200&amp#27;[39m &amp#27;[90m7 ms - 110&amp#27;[39m
&amp#27;[38;5;0m[HTTP]&amp#27;[0m &amp#27;[90m&amp#27;[39m
&amp#27;[38;5;0m[HTTP]&amp#27;[0m Request idempotency key: e550e4d4-417a-42c0-b7ac-e83d4d952dd8
&amp#27;[38;5;0m[HTTP]&amp#27;[0m &amp#27;[37m-->&amp#27;[39m &amp#27;[37mPOST&amp#27;[39m &amp#27;[37m/session&amp#27;[39m
&amp#27;[38;5;0m[HTTP]&amp#27;[0m &amp#27;[90m{"capabilities":{"firstMatch":[{}],"alwaysMatch":{"appium:app":"C:\\Users\\joych\\eclipse-workspace\\AppiumFrameworkDesign\\src\\main\\java\\org\\joyacademy\\resources\\General-Store.apk","appium:automationName":"UIAutomator2","platformName":"ANDROID"}}}&amp#27;[39m
&amp#27;[38;5;16m[AppiumDriver@7cb0]&amp#27;[0m Calling AppiumDriver.createSession() with args: [null,null,{"firstMatch":[{}],"alwaysMatch":{"appium:app":"C:\\Users\\joych\\eclipse-workspace\\AppiumFrameworkDesign\\src\\main\\java\\org\\joyacademy\\resources\\General-Store.apk","appium:automationName":"UIAutomator2","platformName":"ANDROID"}}]
&amp#27;[38;5;16m[AppiumDriver@7cb0]&amp#27;[0m Event 'newSessionRequested' logged at 1727178957821 (17:25:57 GMT+0530 (India Standard Time))
&amp#27;[35m[Appium]&amp#27;[39m Attempting to find matching driver for automationName 'UIAutomator2' and platformName 'ANDROID'
&amp#27;[35m[Appium]&amp#27;[39m The 'uiautomator2' driver was installed and matched caps.
&amp#27;[35m[Appium]&amp#27;[39m Will require it at C:\Users\joych\node_modules\appium-uiautomator2-driver
&amp#27;[35m[Appium]&amp#27;[39m Requiring driver at C:\Users\joych\node_modules\appium-uiautomator2-driver\build\index.js
&amp#27;[38;5;16m[AppiumDriver@7cb0]&amp#27;[0m Appium v2.5.4 creating new AndroidUiautomator2Driver (v3.2.0) session
&amp#27;[38;5;16m[AppiumDriver@7cb0]&amp#27;[0m Checking BaseDriver versions for Appium and AndroidUiautomator2Driver
&amp#27;[38;5;16m[AppiumDriver@7cb0]&amp#27;[0m Appium's BaseDriver version is 9.6.0
&amp#27;[38;5;16m[AppiumDriver@7cb0]&amp#27;[0m AndroidUiautomator2Driver's BaseDriver version is 9.6.0
&amp#27;[38;5;32m[AndroidUiautomator2Driver@1cda]&amp#27;[0m Creating session with W3C capabilities: {
&amp#27;[38;5;32m[AndroidUiautomator2Driver@1cda]&amp#27;[0m   "alwaysMatch": {
&amp#27;[38;5;32m[AndroidUiautomator2Driver@1cda]&amp#27;[0m     "platformName": "ANDROID",
&amp#27;[38;5;32m[AndroidUiautomator2Driver@1cda]&amp#27;[0m     "appium:app": "C:\\Users\\joych\\eclipse-workspace\\AppiumFrameworkDesign\\src\\main\\java\\org\\joyacademy\\resources\\General-Store.apk",
&amp#27;[38;5;32m[AndroidUiautomator2Driver@1cda]&amp#27;[0m     "appium:automationName": "UIAutomator2"
&amp#27;[38;5;32m[AndroidUiautomator2Driver@1cda]&amp#27;[0m   },
&amp#27;[38;5;32m[AndroidUiautomator2Driver@1cda]&amp#27;[0m   "firstMatch": [
&amp#27;[38;5;32m[AndroidUiautomator2Driver@1cda]&amp#27;[0m     {}
&amp#27;[38;5;32m[AndroidUiautomator2Driver@1cda]&amp#27;[0m   ]
&amp#27;[38;5;32m[AndroidUiautomator2Driver@1cda]&amp#27;[0m }
&amp#27;[38;5;32m[AndroidUiautomator2Driver@1cda (702e746e)]&amp#27;[0m Session created with session id: 702e746e-f803-4824-aa27-03cbfaa3c8f8
&amp#27;[38;5;48m[ADB]&amp#27;[0m Found 1 'build-tools' folders under 'C:\Users\joych\AppData\Local\Android\Sdk' (newest first):
&amp#27;[38;5;48m[ADB]&amp#27;[0m     C:\Users\joych\AppData\Local\Android\Sdk\build-tools\34.0.0
&amp#27;[38;5;48m[ADB]&amp#27;[0m Using 'adb.exe' from 'C:\Users\joych\AppData\Local\Android\Sdk\platform-tools\adb.exe'
&amp#27;[38;5;48m[ADB]&amp#27;[0m Running 'C:\Users\joych\AppData\Local\Android\Sdk\platform-tools\adb.exe -P 5037 start-server'
&amp#27;[38;5;32m[AndroidUiautomator2Driver@1cda (702e746e)]&amp#27;[0m Retrieving device list
&amp#27;[38;5;48m[ADB]&amp#27;[0m Trying to find connected Android devices
&amp#27;[38;5;48m[ADB]&amp#27;[0m Getting connected devices
&amp#27;[38;5;48m[ADB]&amp#27;[0m Connected devices: [{"udid":"emulator-5554","state":"device"}]
&amp#27;[38;5;32m[AndroidUiautomator2Driver@1cda (702e746e)]&amp#27;[0m Using device: emulator-5554
&amp#27;[38;5;48m[ADB]&amp#27;[0m Using 'adb.exe' from 'C:\Users\joych\AppData\Local\Android\Sdk\platform-tools\adb.exe'
&amp#27;[38;5;48m[ADB]&amp#27;[0m Running 'C:\Users\joych\AppData\Local\Android\Sdk\platform-tools\adb.exe -P 5037 start-server'
&amp#27;[38;5;48m[ADB]&amp#27;[0m Setting device id to emulator-5554
&amp#27;[38;5;64m[BaseDriver]&amp#27;[0m Using local app 'C:\Users\joych\eclipse-workspace\AppiumFrameworkDesign\src\main\java\org\joyacademy\resources\General-Store.apk'
&amp#27;[38;5;32m[AndroidUiautomator2Driver@1cda (702e746e)]&amp#27;[0m Checking whether app is actually present
&amp#27;[38;5;48m[ADB]&amp#27;[0m Running 'C:\Users\joych\AppData\Local\Android\Sdk\platform-tools\adb.exe -P 5037 -s emulator-5554 shell getprop ro.build.version.sdk'
&amp#27;[38;5;48m[ADB]&amp#27;[0m Current device property 'ro.build.version.sdk': 34
&amp#27;[38;5;48m[ADB]&amp#27;[0m Getting device platform version
&amp#27;[38;5;48m[ADB]&amp#27;[0m Running 'C:\Users\joych\AppData\Local\Android\Sdk\platform-tools\adb.exe -P 5037 -s emulator-5554 shell getprop ro.build.version.release'
&amp#27;[38;5;48m[ADB]&amp#27;[0m Current device property 'ro.build.version.release': 14
&amp#27;[38;5;48m[ADB]&amp#27;[0m Device API level: 34
&amp#27;[38;5;32m[AndroidUiautomator2Driver@1cda (702e746e)]&amp#27;[0m Relaxing hidden api policy
&amp#27;[38;5;48m[ADB]&amp#27;[0m Running 'C:\Users\joych\AppData\Local\Android\Sdk\platform-tools\adb.exe -P 5037 -s emulator-5554 shell 'settings put global hidden_api_policy_pre_p_apps 1;settings put global hidden_api_policy_p_apps 1;settings put global hidden_api_policy 1''
&amp#27;[38;5;32m[AndroidUiautomator2Driver@1cda (702e746e)]&amp#27;[0m Parsing package and activity from app manifest
&amp#27;[38;5;48m[ADB]&amp#27;[0m Running 'C:\Users\joych\AppData\Local\Android\Sdk\platform-tools\adb.exe -P 5037 -s emulator-5554 wait-for-device'
&amp#27;[38;5;48m[ADB]&amp#27;[0m Package name: 'com.androidsample.generalstore'
&amp#27;[38;5;48m[ADB]&amp#27;[0m Main activity name: 'com.androidsample.generalstore.SplashActivity'
&amp#27;[38;5;32m[AndroidUiautomator2Driver@1cda (702e746e)]&amp#27;[0m Parsed package and activity are: com.androidsample.generalstore/com.androidsample.generalstore.SplashActivity
&amp#27;[38;5;48m[ADB]&amp#27;[0m Running 'C:\Users\joych\AppData\Local\Android\Sdk\platform-tools\adb.exe -P 5037 -s emulator-5554 shell echo ping'
&amp#27;[38;5;32m[AndroidUiautomator2Driver@1cda (702e746e)]&amp#27;[0m Pushing settings apk to the device...
&amp#27;[38;5;48m[ADB]&amp#27;[0m Getting package info for 'io.appium.settings'
&amp#27;[38;5;48m[ADB]&amp#27;[0m Running 'C:\Users\joych\AppData\Local\Android\Sdk\platform-tools\adb.exe -P 5037 -s emulator-5554 shell dumpsys package io.appium.settings'
&amp#27;[38;5;48m[ADB]&amp#27;[0m The version name of the installed 'io.appium.settings' is greater or equal to the application version name ('5.7.9' >= '5.7.9')
&amp#27;[38;5;48m[ADB]&amp#27;[0m There is no need to install/upgrade 'C:\Users\joych\node_modules\appium-uiautomator2-driver\node_modules\io.appium.settings\apks\settings_apk-debug.apk'
&amp#27;[38;5;48m[ADB]&amp#27;[0m Running 'C:\Users\joych\AppData\Local\Android\Sdk\platform-tools\adb.exe -P 5037 -s emulator-5554 shell dumpsys activity services io.appium.settings'
&amp#27;[38;5;48m[ADB]&amp#27;[0m Running 'C:\Users\joych\AppData\Local\Android\Sdk\platform-tools\adb.exe -P 5037 -s emulator-5554 shell cmd notification allow_listener io.appium.settings/.NLService'
&amp#27;[38;5;48m[ADB]&amp#27;[0m Running 'C:\Users\joych\AppData\Local\Android\Sdk\platform-tools\adb.exe -P 5037 -s emulator-5554 shell appops set io.appium.settings PROJECT_MEDIA allow'
&amp#27;[38;5;48m[ADB]&amp#27;[0m Running 'C:\Users\joych\AppData\Local\Android\Sdk\platform-tools\adb.exe -P 5037 -s emulator-5554 shell dumpsys activity services io.appium.settings'
&amp#27;[38;5;80m[SettingsApp]&amp#27;[0m Starting Appium Settings app
&amp#27;[38;5;48m[ADB]&amp#27;[0m Running 'C:\Users\joych\AppData\Local\Android\Sdk\platform-tools\adb.exe -P 5037 -s emulator-5554 shell am start -n io.appium.settings/.Settings -a android.intent.action.MAIN -c android.intent.category.LAUNCHER'
&amp#27;[38;5;48m[ADB]&amp#27;[0m Running 'C:\Users\joych\AppData\Local\Android\Sdk\platform-tools\adb.exe -P 5037 -s emulator-5554 shell dumpsys activity services io.appium.settings'
&amp#27;[38;5;48m[ADB]&amp#27;[0m Running 'C:\Users\joych\AppData\Local\Android\Sdk\platform-tools\adb.exe -P 5037 -s emulator-5554 shell dumpsys activity services io.appium.settings'
&amp#27;[38;5;96m[Logcat]&amp#27;[0m Starting logs capture with command: C:\\Users\\joych\\AppData\\Local\\Android\\Sdk\\platform-tools\\adb.exe -P 5037 -s emulator-5554 logcat -v threadtime
&amp#27;[38;5;32m[AndroidUiautomator2Driver@1cda (702e746e)]&amp#27;[0m Forwarding UiAutomator2 Server port 6790 to local port 8200
&amp#27;[38;5;48m[ADB]&amp#27;[0m Forwarding system: 8200 to device: 6790
&amp#27;[38;5;48m[ADB]&amp#27;[0m Running 'C:\Users\joych\AppData\Local\Android\Sdk\platform-tools\adb.exe -P 5037 -s emulator-5554 forward tcp:8200 tcp:6790'
&amp#27;[38;5;48m[ADB]&amp#27;[0m Getting package info for 'io.appium.uiautomator2.server'
&amp#27;[38;5;48m[ADB]&amp#27;[0m Running 'C:\Users\joych\AppData\Local\Android\Sdk\platform-tools\adb.exe -P 5037 -s emulator-5554 shell dumpsys package io.appium.uiautomator2.server'
&amp#27;[38;5;48m[ADB]&amp#27;[0m Getting install status for io.appium.uiautomator2.server.test
&amp#27;[38;5;48m[ADB]&amp#27;[0m Checking app cert for C:\Users\joych\eclipse-workspace\AppiumFrameworkDesign\src\main\java\org\joyacademy\resources\General-Store.apk
&amp#27;[38;5;48m[ADB]&amp#27;[0m Running 'C:\Users\joych\AppData\Local\Android\Sdk\platform-tools\adb.exe -P 5037 -s emulator-5554 shell cmd package list packages'
&amp#27;[38;5;48m[ADB]&amp#27;[0m Using 'apksigner.jar' from 'C:\Users\joych\AppData\Local\Android\Sdk\build-tools\34.0.0\lib\apksigner.jar'
&amp#27;[38;5;48m[ADB]&amp#27;[0m Starting apksigner: 'C:\\Program Files\\Common Files\\Oracle\\Java\\javapath\\java.exe' -Xmx1024M -Xss1m -jar C:\\Users\\joych\\AppData\\Local\\Android\\Sdk\\build-tools\\34.0.0\\lib\\apksigner.jar verify --print-certs C:\\Users\\joych\\eclipse-workspace\\AppiumFrameworkDesign\\src\\main\\java\\org\\joyacademy\\resources\\General-Store.apk
&amp#27;[38;5;48m[ADB]&amp#27;[0m 'io.appium.uiautomator2.server.test' is installed
&amp#27;[38;5;48m[ADB]&amp#27;[0m The version name of the installed 'io.appium.uiautomator2.server' is greater or equal to the application version name ('7.0.5' >= '7.0.5')
&amp#27;[38;5;32m[AndroidUiautomator2Driver@1cda (702e746e)]&amp#27;[0m Server packages status: [{"installState":"sameVersionInstalled","appPath":"C:\\Users\\joych\\node_modules\\appium-uiautomator2-driver\\node_modules\\appium-uiautomator2-server\\apks\\appium-uiautomator2-server-v7.0.5.apk","appId":"io.appium.uiautomator2.server"},{"installState":"sameVersionInstalled","appPath":"C:\\Users\\joych\\node_modules\\appium-uiautomator2-driver\\node_modules\\appium-uiautomator2-server\\apks\\appium-uiautomator2-server-debug-androidTest.apk","appId":"io.appium.uiautomator2.server.test"}]
&amp#27;[38;5;32m[AndroidUiautomator2Driver@1cda (702e746e)]&amp#27;[0m Server packages are not going to be (re)installed
&amp#27;[38;5;32m[AndroidUiautomator2Driver@1cda (702e746e)]&amp#27;[0m Waiting up to 30000ms for services to be available
&amp#27;[38;5;48m[ADB]&amp#27;[0m Running 'C:\Users\joych\AppData\Local\Android\Sdk\platform-tools\adb.exe -P 5037 -s emulator-5554 shell pm list instrumentation'
&amp#27;[38;5;32m[AndroidUiautomator2Driver@1cda (702e746e)]&amp#27;[0m Instrumentation target 'io.appium.uiautomator2.server.test/androidx.test.runner.AndroidJUnitRunner' is available
&amp#27;[38;5;48m[ADB]&amp#27;[0m Adding packages ["io.appium.settings","io.appium.uiautomator2.server","io.appium.uiautomator2.server.test"] to Doze whitelist
&amp#27;[38;5;48m[ADB]&amp#27;[0m Got the following command chunks to execute: [["dumpsys","deviceidle","whitelist","+io.appium.settings",";","dumpsys","deviceidle","whitelist","+io.appium.uiautomator2.server",";","dumpsys","deviceidle","whitelist","+io.appium.uiautomator2.server.test",";"]]
&amp#27;[38;5;48m[ADB]&amp#27;[0m Running 'C:\Users\joych\AppData\Local\Android\Sdk\platform-tools\adb.exe -P 5037 -s emulator-5554 shell dumpsys deviceidle whitelist +io.appium.settings ; dumpsys deviceidle whitelist +io.appium.uiautomator2.server ; dumpsys deviceidle whitelist +io.appium.uiautomator2.server.test ;'
&amp#27;[38;5;48m[ADB]&amp#27;[0m apksigner stdout: Signer #1 certificate DN: C=US, O=Android, CN=Android Debug
&amp#27;[38;5;48m[ADB]&amp#27;[0m Signer #1 certificate SHA-256 digest: f5f5931c019be6bff8a26255f76ae9ef8a8e631d2a702ec10e91110231549eef
&amp#27;[38;5;48m[ADB]&amp#27;[0m Signer #1 certificate SHA-1 digest: b250161db8b5d0a1bd39154c9fd749bdad79c1a3
&amp#27;[38;5;48m[ADB]&amp#27;[0m Signer #1 certificate MD5 digest: 7a5550323d84472ca25a0861c63e0a6c
&amp#27;[38;5;48m[ADB]&amp#27;[0m 
&amp#27;[38;5;48m[ADB]&amp#27;[0m 'C:\Users\joych\eclipse-workspace\AppiumFrameworkDesign\src\main\java\org\joyacademy\resources\General-Store.apk' is signed with a non-default certificate
&amp#27;[38;5;48m[ADB]&amp#27;[0m Getting package info for 'com.androidsample.generalstore'
&amp#27;[38;5;48m[ADB]&amp#27;[0m Running 'C:\Users\joych\AppData\Local\Android\Sdk\platform-tools\adb.exe -P 5037 -s emulator-5554 shell dumpsys package com.androidsample.generalstore'
&amp#27;[38;5;48m[ADB]&amp#27;[0m The version name of the installed 'com.androidsample.generalstore' is greater or equal to the application version name ('1.0.0' >= '1.0.0')
&amp#27;[38;5;48m[ADB]&amp#27;[0m There is no need to install/upgrade 'C:\Users\joych\eclipse-workspace\AppiumFrameworkDesign\src\main\java\org\joyacademy\resources\General-Store.apk'
&amp#27;[38;5;32m[AndroidUiautomator2Driver@1cda (702e746e)]&amp#27;[0m Performing fast reset on 'com.androidsample.generalstore'
&amp#27;[38;5;48m[ADB]&amp#27;[0m Getting install status for com.androidsample.generalstore
&amp#27;[38;5;48m[ADB]&amp#27;[0m Running 'C:\Users\joych\AppData\Local\Android\Sdk\platform-tools\adb.exe -P 5037 -s emulator-5554 shell cmd package list packages'
&amp#27;[38;5;48m[ADB]&amp#27;[0m 'com.androidsample.generalstore' is installed
&amp#27;[38;5;48m[ADB]&amp#27;[0m Running 'C:\Users\joych\AppData\Local\Android\Sdk\platform-tools\adb.exe -P 5037 -s emulator-5554 shell am force-stop com.androidsample.generalstore'
&amp#27;[38;5;48m[ADB]&amp#27;[0m Running 'C:\Users\joych\AppData\Local\Android\Sdk\platform-tools\adb.exe -P 5037 -s emulator-5554 shell pm clear com.androidsample.generalstore'
&amp#27;[38;5;32m[AndroidUiautomator2Driver@1cda (702e746e)]&amp#27;[0m Performed fast reset on the installed 'com.androidsample.generalstore' application (stop and clear)
&amp#27;[38;5;32m[AndroidUiautomator2Driver@1cda (702e746e)]&amp#27;[0m Performing shallow cleanup of automation leftovers
&amp#27;[38;5;32m[AndroidUiautomator2Driver@1cda (702e746e)]&amp#27;[0m No obsolete sessions have been detected (socket hang up)
&amp#27;[38;5;48m[ADB]&amp#27;[0m Running 'C:\Users\joych\AppData\Local\Android\Sdk\platform-tools\adb.exe -P 5037 -s emulator-5554 shell am force-stop io.appium.uiautomator2.server.test'
&amp#27;[38;5;32m[AndroidUiautomator2Driver@1cda (702e746e)]&amp#27;[0m Starting UIAutomator2 server 7.0.5
&amp#27;[38;5;32m[AndroidUiautomator2Driver@1cda (702e746e)]&amp#27;[0m Using UIAutomator2 server from 'C:\Users\joych\node_modules\appium-uiautomator2-driver\node_modules\appium-uiautomator2-server\apks\appium-uiautomator2-server-v7.0.5.apk' and test from 'C:\Users\joych\node_modules\appium-uiautomator2-driver\node_modules\appium-uiautomator2-server\apks\appium-uiautomator2-server-debug-androidTest.apk'
&amp#27;[38;5;32m[AndroidUiautomator2Driver@1cda (702e746e)]&amp#27;[0m Waiting up to 30000ms for UiAutomator2 to be online...
&amp#27;[38;5;48m[ADB]&amp#27;[0m Creating ADB subprocess with args: ["-P","5037","-s","emulator-5554","shell","am","instrument","-w","-e","disableAnalytics","true","io.appium.uiautomator2.server.test/androidx.test.runner.AndroidJUnitRunner"]
&amp#27;[38;5;32m[AndroidUiautomator2Driver@1cda (702e746e)]&amp#27;[0m Matched '/status' to command name 'getStatus'
&amp#27;[38;5;32m[AndroidUiautomator2Driver@1cda (702e746e)]&amp#27;[0m Proxying [GET /status] to [GET http://127.0.0.1:8200/status] with no body
&amp#27;[38;5;32m[AndroidUiautomator2Driver@1cda (702e746e)]&amp#27;[0m socket hang up
&amp#27;[38;5;32m[AndroidUiautomator2Driver@1cda (702e746e)]&amp#27;[0m Matched '/status' to command name 'getStatus'
&amp#27;[38;5;32m[AndroidUiautomator2Driver@1cda (702e746e)]&amp#27;[0m Proxying [GET /status] to [GET http://127.0.0.1:8200/status] with no body
&amp#27;[38;5;32m[AndroidUiautomator2Driver@1cda (702e746e)]&amp#27;[0m socket hang up
&amp#27;[38;5;112m[Instrumentation]&amp#27;[0m io.appium.uiautomator2.server.test.AppiumUiAutomator2Server:
&amp#27;[38;5;32m[AndroidUiautomator2Driver@1cda (702e746e)]&amp#27;[0m Matched '/status' to command name 'getStatus'
&amp#27;[38;5;32m[AndroidUiautomator2Driver@1cda (702e746e)]&amp#27;[0m Proxying [GET /status] to [GET http://127.0.0.1:8200/status] with no body
&amp#27;[38;5;32m[AndroidUiautomator2Driver@1cda (702e746e)]&amp#27;[0m socket hang up
&amp#27;[38;5;32m[AndroidUiautomator2Driver@1cda (702e746e)]&amp#27;[0m Matched '/status' to command name 'getStatus'
&amp#27;[38;5;32m[AndroidUiautomator2Driver@1cda (702e746e)]&amp#27;[0m Proxying [GET /status] to [GET http://127.0.0.1:8200/status] with no body
&amp#27;[38;5;32m[AndroidUiautomator2Driver@1cda (702e746e)]&amp#27;[0m Got response with status 200: {"sessionId":"None","value":{"message":"UiAutomator2 Server is ready to accept commands","ready":true}}
&amp#27;[38;5;32m[AndroidUiautomator2Driver@1cda (702e746e)]&amp#27;[0m The initialization of the instrumentation process took 3229ms
&amp#27;[38;5;32m[AndroidUiautomator2Driver@1cda (702e746e)]&amp#27;[0m Matched '/session' to command name 'createSession'
&amp#27;[38;5;32m[AndroidUiautomator2Driver@1cda (702e746e)]&amp#27;[0m Proxying [POST /session] to [POST http://127.0.0.1:8200/session] with body: {"capabilities":{"firstMatch":[{"platformName":"ANDROID","app":"C:\\Users\\joych\\eclipse-workspace\\AppiumFrameworkDesign\\src\\main\\java\\org\\joyacademy\\resources\\General-Store.apk","automationName":"UIAutomator2","platform":"LINUX","webStorageEnabled":false,"takesScreenshot":true,"javascriptEnabled":true,"databaseEnabled":false,"networkConnectionEnabled":true,"locationContextEnabled":false,"warnings":{},"desired":{"platformName":"ANDROID","app":"C:\\Users\\joych\\eclipse-workspace\\AppiumFrameworkDesign\\src\\main\\java\\org\\joyacademy\\resources\\General-Store.apk","automationName":"UIAutomator2"},"deviceName":"emulator-5554","deviceUDID":"emulator-5554","appPackage":"com.androidsample.generalstore"}],"alwaysMatch":{}}}
&amp#27;[38;5;32m[AndroidUiautomator2Driver@1cda (702e746e)]&amp#27;[0m Got response with status 200: {"sessionId":"2a92d35f-a802-4be3-9b00-3b12f97adc8c","value":{"capabilities":{"firstMatch":[{"platformName":"ANDROID","app":"C:\\Users\\joych\\eclipse-workspace\\AppiumFrameworkDesign\\src\\main\\java\\org\\joyacademy\\resources\\General-Store.apk","automationName":"UIAutomator2","platform":"LINUX","webStorageEnabled":false,"takesScreenshot":true,"javascriptEnabled":true,"databaseEnabled":false,"networkConnectionEnabled":true,"locationContextEnabled":false,"warnings":{},"desired":{"platformName":"ANDROID","app":"C:\\Users\\joych\\eclipse-workspace\\AppiumFrameworkDesign\\src\\main\\java\\org\\joyacademy\\resources\\General-Store.apk","automationName":"UIAutomator2"},"deviceName":"emulator-5554","deviceUDID":"emulator-5554","appPackage":"com.androidsample.generalstore"}],"alwaysMatch":{}},"sessionId":"2a92d35f-a802-4be3-9b00-3b12f97adc8c"}}
&amp#27;[38;5;32m[AndroidUiautomator2Driver@1cda (702e746e)]&amp#27;[0m Determined the downstream protocol as 'W3C'
&amp#27;[38;5;32m[AndroidUiautomator2Driver@1cda (702e746e)]&amp#27;[0m Proxying [GET /appium/device/pixel_ratio] to [GET http://127.0.0.1:8200/session/2a92d35f-a802-4be3-9b00-3b12f97adc8c/appium/device/pixel_ratio] with no body
&amp#27;[38;5;32m[AndroidUiautomator2Driver@1cda (702e746e)]&amp#27;[0m Matched '/appium/device/system_bars' to command name 'getSystemBars'
&amp#27;[38;5;32m[AndroidUiautomator2Driver@1cda (702e746e)]&amp#27;[0m Proxying [GET /appium/device/system_bars] to [GET http://127.0.0.1:8200/session/2a92d35f-a802-4be3-9b00-3b12f97adc8c/appium/device/system_bars] with no body
&amp#27;[38;5;32m[AndroidUiautomator2Driver@1cda (702e746e)]&amp#27;[0m Matched '/window/current/size' to command name 'getWindowSize'
&amp#27;[38;5;32m[AndroidUiautomator2Driver@1cda (702e746e)]&amp#27;[0m Proxying [GET /window/current/size] to [GET http://127.0.0.1:8200/session/2a92d35f-a802-4be3-9b00-3b12f97adc8c/window/current/size] with no body
&amp#27;[38;5;32m[AndroidUiautomator2Driver@1cda (702e746e)]&amp#27;[0m Proxying [GET /appium/device/info] to [GET http://127.0.0.1:8200/session/2a92d35f-a802-4be3-9b00-3b12f97adc8c/appium/device/info] with no body
&amp#27;[38;5;48m[ADB]&amp#27;[0m Running 'C:\Users\joych\AppData\Local\Android\Sdk\platform-tools\adb.exe -P 5037 -s emulator-5554 shell dumpsys window'
&amp#27;[38;5;48m[ADB]&amp#27;[0m Running 'C:\Users\joych\AppData\Local\Android\Sdk\platform-tools\adb.exe -P 5037 -s emulator-5554 shell dumpsys power'
&amp#27;[38;5;32m[AndroidUiautomator2Driver@1cda (702e746e)]&amp#27;[0m Got response with status 200: {"sessionId":"2a92d35f-a802-4be3-9b00-3b12f97adc8c","value":3.5}
&amp#27;[38;5;32m[AndroidUiautomator2Driver@1cda (702e746e)]&amp#27;[0m Got response with status 200: {"sessionId":"2a92d35f-a802-4be3-9b00-3b12f97adc8c","value":{"height":2880,"width":1440}}
&amp#27;[38;5;32m[AndroidUiautomator2Driver@1cda (702e746e)]&amp#27;[0m Got response with status 200: {"sessionId":"2a92d35f-a802-4be3-9b00-3b12f97adc8c","value":{"statusBar":98}}
&amp#27;[38;5;32m[AndroidUiautomator2Driver@1cda (702e746e)]&amp#27;[0m Got response with status 200: {"sessionId":"2a92d35f-a802-4be3-9b00-3b12f97adc8c","value":{"androidId":"04e7585edaaf2e2d","apiVersion":"34","bluetooth":{"state":"ON"},"brand":"google","carrierName":"T-Mobile","displayDensity":560,"locale":"en_US","manufacturer":"Google","model":"sdk_gphone64_x86_64","networks":[{"capabilities":{"SSID":null,"linkDownBandwidthKbps":30000,"linkUpstreamBandwidthKbps":12000,"networkCapabilities":"NET_CAPABILITY_NOT_METERED,NET_CAPABILITY_INTERNET,NET_CAPABILITY_NOT_RESTRICTED,NET_CAPABILITY_TRUSTED,NET_CAPABILITY_NOT_VPN,NET_CAPABILITY_VALIDATED,NET_CAPABILITY_NOT_ROAMING,NET_CAPABILITY_FOREGROUND,NET_CAPABILITY_NOT_CONGESTED,NET_CAPABILITY_NOT_SUSPENDED","signalStrength":-50,"transportTypes":"TRANSPORT_WIFI"},"detailedState":"CONNECTED","extraInfo":"","isAvailable":true,"isConnected":true,"isFailover":false,"isRoaming":false,"state":"CONNECTED","subtype":-1,"subtypeName":"","type":1,"typeName":"WIFI"},{"capabilities":{"SSID":null,"linkDownBandwidthKbps":30000,"linkUpstreamBandwidthKbps":15000,"networkCapab...
&amp#27;[38;5;32m[AndroidUiautomator2Driver@1cda (702e746e)]&amp#27;[0m Screen already unlocked, doing nothing
&amp#27;[38;5;32m[AndroidUiautomator2Driver@1cda (702e746e)]&amp#27;[0m Starting 'com.androidsample.generalstore/com.androidsample.generalstore.SplashActivity and waiting for 'com.androidsample.generalstore/com.androidsample.generalstore.SplashActivity'
&amp#27;[38;5;48m[ADB]&amp#27;[0m Running 'C:\Users\joych\AppData\Local\Android\Sdk\platform-tools\adb.exe -P 5037 -s emulator-5554 shell am start -W -n com.androidsample.generalstore/com.androidsample.generalstore.SplashActivity -S -a android.intent.action.MAIN -c android.intent.category.LAUNCHER -f 0x10200000'
&amp#27;[38;5;48m[ADB]&amp#27;[0m Waiting up to 20000ms for activity matching pkg: 'com.androidsample.generalstore' and activity: 'com.androidsample.generalstore.SplashActivity' to be focused
&amp#27;[38;5;48m[ADB]&amp#27;[0m Possible activities, to be checked: 'com.androidsample.generalstore.SplashActivity', 'com.androidsample.generalstore.com.androidsample.generalstore.SplashActivity'
&amp#27;[38;5;48m[ADB]&amp#27;[0m Getting focused package and activity
&amp#27;[38;5;48m[ADB]&amp#27;[0m Running 'C:\Users\joych\AppData\Local\Android\Sdk\platform-tools\adb.exe -P 5037 -s emulator-5554 shell dumpsys window displays'
&amp#27;[38;5;48m[ADB]&amp#27;[0m Found package: 'com.androidsample.generalstore' and fully qualified activity name : 'com.androidsample.generalstore.SplashActivity'
&amp#27;[38;5;16m[AppiumDriver@7cb0]&amp#27;[0m New AndroidUiautomator2Driver session created successfully, session 702e746e-f803-4824-aa27-03cbfaa3c8f8 added to master session list
&amp#27;[38;5;16m[AppiumDriver@7cb0]&amp#27;[0m Event 'newSessionStarted' logged at 1727178966000 (17:26:06 GMT+0530 (India Standard Time))
&amp#27;[38;5;32m[AndroidUiautomator2Driver@1cda (702e746e)]&amp#27;[0m Cached the protocol value 'W3C' for the new session 702e746e-f803-4824-aa27-03cbfaa3c8f8
&amp#27;[38;5;32m[AndroidUiautomator2Driver@1cda (702e746e)]&amp#27;[0m Responding to client with driver.createSession() result: {"capabilities":{"platformName":"ANDROID","app":"C:\\Users\\joych\\eclipse-workspace\\AppiumFrameworkDesign\\src\\main\\java\\org\\joyacademy\\resources\\General-Store.apk","automationName":"UIAutomator2","platform":"LINUX","webStorageEnabled":false,"takesScreenshot":true,"javascriptEnabled":true,"databaseEnabled":false,"networkConnectionEnabled":true,"locationContextEnabled":false,"warnings":{},"desired":{"platformName":"ANDROID","app":"C:\\Users\\joych\\eclipse-workspace\\AppiumFrameworkDesign\\src\\main\\java\\org\\joyacademy\\resources\\General-Store.apk","automationName":"UIAutomator2"},"deviceName":"emulator-5554","deviceUDID":"emulator-5554","appPackage":"com.androidsample.generalstore","pixelRatio":"3.5","statBarHeight":98,"viewportRect":{"left":0,"top":98,"width":1440,"height":2782},"deviceApiLevel":34,"platformVersion":"14","deviceManufacturer":"Google","deviceModel":"sdk_gphone64_x86_64","deviceScreenSize":"1440x2880","deviceScreenDensity":560}}
&amp#27;[38;5;0m[HTTP]&amp#27;[0m &amp#27;[37m<-- POST /session &amp#27;[39m&amp#27;[32m200&amp#27;[39m &amp#27;[90m8181 ms - 1031&amp#27;[39m
&amp#27;[38;5;0m[HTTP]&amp#27;[0m &amp#27;[90m&amp#27;[39m
&amp#27;[38;5;0m[HTTP]&amp#27;[0m &amp#27;[37m-->&amp#27;[39m &amp#27;[37mPOST&amp#27;[39m &amp#27;[37m/session/702e746e-f803-4824-aa27-03cbfaa3c8f8/timeouts&amp#27;[39m
&amp#27;[38;5;0m[HTTP]&amp#27;[0m &amp#27;[90m{"implicit":10000}&amp#27;[39m
&amp#27;[38;5;32m[AndroidUiautomator2Driver@1cda (702e746e)]&amp#27;[0m Calling AppiumDriver.timeouts() with args: [null,null,null,null,10000,"702e746e-f803-4824-aa27-03cbfaa3c8f8"]
&amp#27;[38;5;32m[AndroidUiautomator2Driver@1cda (702e746e)]&amp#27;[0m W3C timeout argument: {"implicit":10000}}
&amp#27;[38;5;32m[AndroidUiautomator2Driver@1cda (702e746e)]&amp#27;[0m Set implicit wait to 10000ms
&amp#27;[38;5;32m[AndroidUiautomator2Driver@1cda (702e746e)]&amp#27;[0m Responding to client with driver.timeouts() result: null
&amp#27;[38;5;0m[HTTP]&amp#27;[0m &amp#27;[37m<-- POST /session/702e746e-f803-4824-aa27-03cbfaa3c8f8/timeouts &amp#27;[39m&amp#27;[32m200&amp#27;[39m &amp#27;[90m7 ms - 14&amp#27;[39m
&amp#27;[38;5;0m[HTTP]&amp#27;[0m &amp#27;[90m&amp#27;[39m
&amp#27;[38;5;0m[HTTP]&amp#27;[0m &amp#27;[37m-->&amp#27;[39m &amp#27;[37mPOST&amp#27;[39m &amp#27;[37m/session/702e746e-f803-4824-aa27-03cbfaa3c8f8/execute/sync&amp#27;[39m
&amp#27;[38;5;0m[HTTP]&amp#27;[0m &amp#27;[90m{"args":[{"intent":"com.androidsample.generalstore/com.androidsample.generalstore.MainActivity"}],"script":"mobile:startActivity"}&amp#27;[39m
&amp#27;[38;5;32m[AndroidUiautomator2Driver@1cda (702e746e)]&amp#27;[0m Calling AppiumDriver.execute() with args: ["mobile:startActivity",[{"intent":"com.androidsample.generalstore/com.androidsample.generalstore.MainActivity"}],"702e746e-f803-4824-aa27-03cbfaa3c8f8"]
&amp#27;[38;5;32m[AndroidUiautomator2Driver@1cda (702e746e)]&amp#27;[0m Executing method 'mobile: startActivity'
&amp#27;[38;5;48m[ADB]&amp#27;[0m Running 'C:\Users\joych\AppData\Local\Android\Sdk\platform-tools\adb.exe -P 5037 -s emulator-5554 shell am start-activity com.androidsample.generalstore/com.androidsample.generalstore.MainActivity'
&amp#27;[38;5;32m[AndroidUiautomator2Driver@1cda (702e746e)]&amp#27;[0m Responding to client with driver.execute() result: "Starting: Intent { act=android.intent.action.MAIN cat=[android.intent.category.LAUNCHER] cmp=com.androidsample.generalstore/.MainActivity }"
&amp#27;[38;5;0m[HTTP]&amp#27;[0m &amp#27;[37m<-- POST /session/702e746e-f803-4824-aa27-03cbfaa3c8f8/execute/sync &amp#27;[39m&amp#27;[32m200&amp#27;[39m &amp#27;[90m170 ms - 151&amp#27;[39m
&amp#27;[38;5;0m[HTTP]&amp#27;[0m &amp#27;[90m&amp#27;[39m
&amp#27;[38;5;0m[HTTP]&amp#27;[0m &amp#27;[37m-->&amp#27;[39m &amp#27;[37mGET&amp#27;[39m &amp#27;[37m/session/702e746e-f803-4824-aa27-03cbfaa3c8f8/context&amp#27;[39m
&amp#27;[38;5;0m[HTTP]&amp#27;[0m &amp#27;[90m{}&amp#27;[39m
&amp#27;[38;5;32m[AndroidUiautomator2Driver@1cda (702e746e)]&amp#27;[0m Calling AppiumDriver.getCurrentContext() with args: ["702e746e-f803-4824-aa27-03cbfaa3c8f8"]
&amp#27;[38;5;32m[AndroidUiautomator2Driver@1cda (702e746e)]&amp#27;[0m Responding to client with driver.getCurrentContext() result: "NATIVE_APP"
&amp#27;[38;5;0m[HTTP]&amp#27;[0m &amp#27;[37m<-- GET /session/702e746e-f803-4824-aa27-03cbfaa3c8f8/context &amp#27;[39m&amp#27;[32m200&amp#27;[39m &amp#27;[90m7 ms - 22&amp#27;[39m
&amp#27;[38;5;0m[HTTP]&amp#27;[0m &amp#27;[90m&amp#27;[39m
&amp#27;[38;5;0m[HTTP]&amp#27;[0m &amp#27;[37m-->&amp#27;[39m &amp#27;[37mPOST&amp#27;[39m &amp#27;[37m/session/702e746e-f803-4824-aa27-03cbfaa3c8f8/element&amp#27;[39m
&amp#27;[38;5;0m[HTTP]&amp#27;[0m &amp#27;[90m{"value":"com.androidsample.generalstore:id/nameField","using":"id"}&amp#27;[39m
&amp#27;[38;5;32m[AndroidUiautomator2Driver@1cda (702e746e)]&amp#27;[0m Calling AppiumDriver.findElement() with args: ["id","com.androidsample.generalstore:id/nameField","702e746e-f803-4824-aa27-03cbfaa3c8f8"]
&amp#27;[38;5;32m[AndroidUiautomator2Driver@1cda (702e746e)]&amp#27;[0m Valid locator strategies for this request: xpath, id, class name, accessibility id, css selector, -android uiautomator
&amp#27;[38;5;32m[AndroidUiautomator2Driver@1cda (702e746e)]&amp#27;[0m Waiting up to 10000 ms for condition
&amp#27;[38;5;32m[AndroidUiautomator2Driver@1cda (702e746e)]&amp#27;[0m Matched '/element' to command name 'findElement'
&amp#27;[38;5;32m[AndroidUiautomator2Driver@1cda (702e746e)]&amp#27;[0m Proxying [POST /element] to [POST http://127.0.0.1:8200/session/2a92d35f-a802-4be3-9b00-3b12f97adc8c/element] with body: {"strategy":"id","selector":"com.androidsample.generalstore:id/nameField","context":"","multiple":false}
&amp#27;[38;5;32m[AndroidUiautomator2Driver@1cda (702e746e)]&amp#27;[0m Got response with status 200: {"sessionId":"2a92d35f-a802-4be3-9b00-3b12f97adc8c","value":{"ELEMENT":"00000000-0000-000d-ffff-ffff00000039","element-6066-11e4-a52e-4f735466cecf":"00000000-0000-000d-ffff-ffff00000039"}}
&amp#27;[38;5;32m[AndroidUiautomator2Driver@1cda (702e746e)]&amp#27;[0m Responding to client with driver.findElement() result: {"element-6066-11e4-a52e-4f735466cecf":"00000000-0000-000d-ffff-ffff00000039","ELEMENT":"00000000-0000-000d-ffff-ffff00000039"}
&amp#27;[38;5;0m[HTTP]&amp#27;[0m &amp#27;[37m<-- POST /session/702e746e-f803-4824-aa27-03cbfaa3c8f8/element &amp#27;[39m&amp#27;[32m200&amp#27;[39m &amp#27;[90m870 ms - 137&amp#27;[39m
&amp#27;[38;5;0m[HTTP]&amp#27;[0m &amp#27;[90m&amp#27;[39m
&amp#27;[38;5;0m[HTTP]&amp#27;[0m &amp#27;[37m-->&amp#27;[39m &amp#27;[37mPOST&amp#27;[39m &amp#27;[37m/session/702e746e-f803-4824-aa27-03cbfaa3c8f8/element/00000000-0000-000d-ffff-ffff00000039/value&amp#27;[39m
&amp#27;[38;5;0m[HTTP]&amp#27;[0m &amp#27;[90m{"text":"Joy Chowdhury","value":["J","o","y"," ","C","h","o","w","d","h","u","r","y"],"id":"00000000-0000-000d-ffff-ffff00000039"}&amp#27;[39m
&amp#27;[38;5;32m[AndroidUiautomator2Driver@1cda (702e746e)]&amp#27;[0m Calling AppiumDriver.setValue() with args: [["J","o","y"," ","C","h","o","w","d","h","u","r","y"],"00000000-0000-000d-ffff-ffff00000039","702e746e-f803-4824-aa27-03cbfaa3c8f8"]
&amp#27;[38;5;32m[AndroidUiautomator2Driver@1cda (702e746e)]&amp#27;[0m Matched '/element/00000000-0000-000d-ffff-ffff00000039/value' to command name 'setValue'
&amp#27;[38;5;32m[AndroidUiautomator2Driver@1cda (702e746e)]&amp#27;[0m Added 'value' property ["J","o","y"," ","C","h","o","w","d","h","u","r","y"] to 'setValue' request body
&amp#27;[38;5;32m[AndroidUiautomator2Driver@1cda (702e746e)]&amp#27;[0m Proxying [POST /element/00000000-0000-000d-ffff-ffff00000039/value] to [POST http://127.0.0.1:8200/session/2a92d35f-a802-4be3-9b00-3b12f97adc8c/element/00000000-0000-000d-ffff-ffff00000039/value] with body: {"elementId":"00000000-0000-000d-ffff-ffff00000039","text":"Joy Chowdhury","replace":false,"value":["J","o","y"," ","C","h","o","w","d","h","u","r","y"]}
&amp#27;[38;5;32m[AndroidUiautomator2Driver@1cda (702e746e)]&amp#27;[0m Got response with status 200: {"sessionId":"2a92d35f-a802-4be3-9b00-3b12f97adc8c","value":null}
&amp#27;[38;5;32m[AndroidUiautomator2Driver@1cda (702e746e)]&amp#27;[0m Responding to client with driver.setValue() result: null
&amp#27;[38;5;0m[HTTP]&amp#27;[0m &amp#27;[37m<-- POST /session/702e746e-f803-4824-aa27-03cbfaa3c8f8/element/00000000-0000-000d-ffff-ffff00000039/value &amp#27;[39m&amp#27;[32m200&amp#27;[39m &amp#27;[90m563 ms - 14&amp#27;[39m
&amp#27;[38;5;0m[HTTP]&amp#27;[0m &amp#27;[90m&amp#27;[39m
&amp#27;[38;5;0m[HTTP]&amp#27;[0m &amp#27;[37m-->&amp#27;[39m &amp#27;[37mPOST&amp#27;[39m &amp#27;[37m/session/702e746e-f803-4824-aa27-03cbfaa3c8f8/execute/sync&amp#27;[39m
&amp#27;[38;5;0m[HTTP]&amp#27;[0m &amp#27;[90m{"args":[],"script":"mobile: hideKeyboard"}&amp#27;[39m
&amp#27;[38;5;32m[AndroidUiautomator2Driver@1cda (702e746e)]&amp#27;[0m Calling AppiumDriver.execute() with args: ["mobile: hideKeyboard",[],"702e746e-f803-4824-aa27-03cbfaa3c8f8"]
&amp#27;[38;5;32m[AndroidUiautomator2Driver@1cda (702e746e)]&amp#27;[0m Executing method 'mobile: hideKeyboard'
&amp#27;[38;5;48m[ADB]&amp#27;[0m Running 'C:\Users\joych\AppData\Local\Android\Sdk\platform-tools\adb.exe -P 5037 -s emulator-5554 shell dumpsys input_method'
&amp#27;[38;5;48m[ADB]&amp#27;[0m Keyboard has no UI; no closing necessary
&amp#27;[38;5;32m[AndroidUiautomator2Driver@1cda (702e746e)]&amp#27;[0m Responding to client with driver.execute() result: false
&amp#27;[38;5;0m[HTTP]&amp#27;[0m &amp#27;[37m<-- POST /session/702e746e-f803-4824-aa27-03cbfaa3c8f8/execute/sync &amp#27;[39m&amp#27;[32m200&amp#27;[39m &amp#27;[90m306 ms - 15&amp#27;[39m
&amp#27;[38;5;0m[HTTP]&amp#27;[0m &amp#27;[90m&amp#27;[39m
&amp#27;[38;5;0m[HTTP]&amp#27;[0m &amp#27;[37m-->&amp#27;[39m &amp#27;[37mGET&amp#27;[39m &amp#27;[37m/session/702e746e-f803-4824-aa27-03cbfaa3c8f8/context&amp#27;[39m
&amp#27;[38;5;0m[HTTP]&amp#27;[0m &amp#27;[90m{}&amp#27;[39m
&amp#27;[38;5;32m[AndroidUiautomator2Driver@1cda (702e746e)]&amp#27;[0m Calling AppiumDriver.getCurrentContext() with args: ["702e746e-f803-4824-aa27-03cbfaa3c8f8"]
&amp#27;[38;5;32m[AndroidUiautomator2Driver@1cda (702e746e)]&amp#27;[0m Responding to client with driver.getCurrentContext() result: "NATIVE_APP"
&amp#27;[38;5;0m[HTTP]&amp#27;[0m &amp#27;[37m<-- GET /session/702e746e-f803-4824-aa27-03cbfaa3c8f8/context &amp#27;[39m&amp#27;[32m200&amp#27;[39m &amp#27;[90m2 ms - 22&amp#27;[39m
&amp#27;[38;5;0m[HTTP]&amp#27;[0m &amp#27;[90m&amp#27;[39m
&amp#27;[38;5;0m[HTTP]&amp#27;[0m &amp#27;[37m-->&amp#27;[39m &amp#27;[37mPOST&amp#27;[39m &amp#27;[37m/session/702e746e-f803-4824-aa27-03cbfaa3c8f8/element&amp#27;[39m
&amp#27;[38;5;0m[HTTP]&amp#27;[0m &amp#27;[90m{"value":"com.androidsample.generalstore:id/radioFemale","using":"id"}&amp#27;[39m
&amp#27;[38;5;32m[AndroidUiautomator2Driver@1cda (702e746e)]&amp#27;[0m Calling AppiumDriver.findElement() with args: ["id","com.androidsample.generalstore:id/radioFemale","702e746e-f803-4824-aa27-03cbfaa3c8f8"]
&amp#27;[38;5;32m[AndroidUiautomator2Driver@1cda (702e746e)]&amp#27;[0m Valid locator strategies for this request: xpath, id, class name, accessibility id, css selector, -android uiautomator
&amp#27;[38;5;32m[AndroidUiautomator2Driver@1cda (702e746e)]&amp#27;[0m Waiting up to 10000 ms for condition
&amp#27;[38;5;32m[AndroidUiautomator2Driver@1cda (702e746e)]&amp#27;[0m Matched '/element' to command name 'findElement'
&amp#27;[38;5;32m[AndroidUiautomator2Driver@1cda (702e746e)]&amp#27;[0m Proxying [POST /element] to [POST http://127.0.0.1:8200/session/2a92d35f-a802-4be3-9b00-3b12f97adc8c/element] with body: {"strategy":"id","selector":"com.androidsample.generalstore:id/radioFemale","context":"","multiple":false}
&amp#27;[38;5;32m[AndroidUiautomator2Driver@1cda (702e746e)]&amp#27;[0m Got response with status 200: {"sessionId":"2a92d35f-a802-4be3-9b00-3b12f97adc8c","value":{"ELEMENT":"00000000-0000-000d-ffff-ffff0000003d","element-6066-11e4-a52e-4f735466cecf":"00000000-0000-000d-ffff-ffff0000003d"}}
&amp#27;[38;5;32m[AndroidUiautomator2Driver@1cda (702e746e)]&amp#27;[0m Responding to client with driver.findElement() result: {"element-6066-11e4-a52e-4f735466cecf":"00000000-0000-000d-ffff-ffff0000003d","ELEMENT":"00000000-0000-000d-ffff-ffff0000003d"}
&amp#27;[38;5;0m[HTTP]&amp#27;[0m &amp#27;[37m<-- POST /session/702e746e-f803-4824-aa27-03cbfaa3c8f8/element &amp#27;[39m&amp#27;[32m200&amp#27;[39m &amp#27;[90m57 ms - 137&amp#27;[39m
&amp#27;[38;5;0m[HTTP]&amp#27;[0m &amp#27;[90m&amp#27;[39m
&amp#27;[38;5;0m[HTTP]&amp#27;[0m &amp#27;[37m-->&amp#27;[39m &amp#27;[37mPOST&amp#27;[39m &amp#27;[37m/session/702e746e-f803-4824-aa27-03cbfaa3c8f8/element/00000000-0000-000d-ffff-ffff0000003d/click&amp#27;[39m
&amp#27;[38;5;0m[HTTP]&amp#27;[0m &amp#27;[90m{"id":"00000000-0000-000d-ffff-ffff0000003d"}&amp#27;[39m
&amp#27;[38;5;32m[AndroidUiautomator2Driver@1cda (702e746e)]&amp#27;[0m Calling AppiumDriver.click() with args: ["00000000-0000-000d-ffff-ffff0000003d","702e746e-f803-4824-aa27-03cbfaa3c8f8"]
&amp#27;[38;5;32m[AndroidUiautomator2Driver@1cda (702e746e)]&amp#27;[0m Matched '/element/00000000-0000-000d-ffff-ffff0000003d/click' to command name 'click'
&amp#27;[38;5;32m[AndroidUiautomator2Driver@1cda (702e746e)]&amp#27;[0m Proxying [POST /element/00000000-0000-000d-ffff-ffff0000003d/click] to [POST http://127.0.0.1:8200/session/2a92d35f-a802-4be3-9b00-3b12f97adc8c/element/00000000-0000-000d-ffff-ffff0000003d/click] with body: {"element":"00000000-0000-000d-ffff-ffff0000003d"}
&amp#27;[38;5;32m[AndroidUiautomator2Driver@1cda (702e746e)]&amp#27;[0m Got response with status 200: {"sessionId":"2a92d35f-a802-4be3-9b00-3b12f97adc8c","value":null}
&amp#27;[38;5;32m[AndroidUiautomator2Driver@1cda (702e746e)]&amp#27;[0m Responding to client with driver.click() result: null
&amp#27;[38;5;0m[HTTP]&amp#27;[0m &amp#27;[37m<-- POST /session/702e746e-f803-4824-aa27-03cbfaa3c8f8/element/00000000-0000-000d-ffff-ffff0000003d/click &amp#27;[39m&amp#27;[32m200&amp#27;[39m &amp#27;[90m95 ms - 14&amp#27;[39m
&amp#27;[38;5;0m[HTTP]&amp#27;[0m &amp#27;[90m&amp#27;[39m
&amp#27;[38;5;0m[HTTP]&amp#27;[0m &amp#27;[37m-->&amp#27;[39m &amp#27;[37mGET&amp#27;[39m &amp#27;[37m/session/702e746e-f803-4824-aa27-03cbfaa3c8f8/context&amp#27;[39m
&amp#27;[38;5;0m[HTTP]&amp#27;[0m &amp#27;[90m{}&amp#27;[39m
&amp#27;[38;5;32m[AndroidUiautomator2Driver@1cda (702e746e)]&amp#27;[0m Calling AppiumDriver.getCurrentContext() with args: ["702e746e-f803-4824-aa27-03cbfaa3c8f8"]
&amp#27;[38;5;32m[AndroidUiautomator2Driver@1cda (702e746e)]&amp#27;[0m Responding to client with driver.getCurrentContext() result: "NATIVE_APP"
&amp#27;[38;5;0m[HTTP]&amp#27;[0m &amp#27;[37m<-- GET /session/702e746e-f803-4824-aa27-03cbfaa3c8f8/context &amp#27;[39m&amp#27;[32m200&amp#27;[39m &amp#27;[90m2 ms - 22&amp#27;[39m
&amp#27;[38;5;0m[HTTP]&amp#27;[0m &amp#27;[90m&amp#27;[39m
&amp#27;[38;5;0m[HTTP]&amp#27;[0m &amp#27;[37m-->&amp#27;[39m &amp#27;[37mPOST&amp#27;[39m &amp#27;[37m/session/702e746e-f803-4824-aa27-03cbfaa3c8f8/element&amp#27;[39m
&amp#27;[38;5;0m[HTTP]&amp#27;[0m &amp#27;[90m{"value":"com.androidsample.generalstore:id/spinnerCountry","using":"id"}&amp#27;[39m
&amp#27;[38;5;32m[AndroidUiautomator2Driver@1cda (702e746e)]&amp#27;[0m Calling AppiumDriver.findElement() with args: ["id","com.androidsample.generalstore:id/spinnerCountry","702e746e-f803-4824-aa27-03cbfaa3c8f8"]
&amp#27;[38;5;32m[AndroidUiautomator2Driver@1cda (702e746e)]&amp#27;[0m Valid locator strategies for this request: xpath, id, class name, accessibility id, css selector, -android uiautomator
&amp#27;[38;5;32m[AndroidUiautomator2Driver@1cda (702e746e)]&amp#27;[0m Waiting up to 10000 ms for condition
&amp#27;[38;5;32m[AndroidUiautomator2Driver@1cda (702e746e)]&amp#27;[0m Matched '/element' to command name 'findElement'
&amp#27;[38;5;32m[AndroidUiautomator2Driver@1cda (702e746e)]&amp#27;[0m Proxying [POST /element] to [POST http://127.0.0.1:8200/session/2a92d35f-a802-4be3-9b00-3b12f97adc8c/element] with body: {"strategy":"id","selector":"com.androidsample.generalstore:id/spinnerCountry","context":"","multiple":false}
&amp#27;[38;5;32m[AndroidUiautomator2Driver@1cda (702e746e)]&amp#27;[0m Got response with status 200: {"sessionId":"2a92d35f-a802-4be3-9b00-3b12f97adc8c","value":{"ELEMENT":"00000000-0000-000d-ffff-ffff00000037","element-6066-11e4-a52e-4f735466cecf":"00000000-0000-000d-ffff-ffff00000037"}}
&amp#27;[38;5;32m[AndroidUiautomator2Driver@1cda (702e746e)]&amp#27;[0m Responding to client with driver.findElement() result: {"element-6066-11e4-a52e-4f735466cecf":"00000000-0000-000d-ffff-ffff00000037","ELEMENT":"00000000-0000-000d-ffff-ffff00000037"}
&amp#27;[38;5;0m[HTTP]&amp#27;[0m &amp#27;[37m<-- POST /session/702e746e-f803-4824-aa27-03cbfaa3c8f8/element &amp#27;[39m&amp#27;[32m200&amp#27;[39m &amp#27;[90m53 ms - 137&amp#27;[39m
&amp#27;[38;5;0m[HTTP]&amp#27;[0m &amp#27;[90m&amp#27;[39m
&amp#27;[38;5;0m[HTTP]&amp#27;[0m &amp#27;[37m-->&amp#27;[39m &amp#27;[37mPOST&amp#27;[39m &amp#27;[37m/session/702e746e-f803-4824-aa27-03cbfaa3c8f8/element/00000000-0000-000d-ffff-ffff00000037/click&amp#27;[39m
&amp#27;[38;5;0m[HTTP]&amp#27;[0m &amp#27;[90m{"id":"00000000-0000-000d-ffff-ffff00000037"}&amp#27;[39m
&amp#27;[38;5;32m[AndroidUiautomator2Driver@1cda (702e746e)]&amp#27;[0m Calling AppiumDriver.click() with args: ["00000000-0000-000d-ffff-ffff00000037","702e746e-f803-4824-aa27-03cbfaa3c8f8"]
&amp#27;[38;5;32m[AndroidUiautomator2Driver@1cda (702e746e)]&amp#27;[0m Matched '/element/00000000-0000-000d-ffff-ffff00000037/click' to command name 'click'
&amp#27;[38;5;32m[AndroidUiautomator2Driver@1cda (702e746e)]&amp#27;[0m Proxying [POST /element/00000000-0000-000d-ffff-ffff00000037/click] to [POST http://127.0.0.1:8200/session/2a92d35f-a802-4be3-9b00-3b12f97adc8c/element/00000000-0000-000d-ffff-ffff00000037/click] with body: {"element":"00000000-0000-000d-ffff-ffff00000037"}
&amp#27;[38;5;32m[AndroidUiautomator2Driver@1cda (702e746e)]&amp#27;[0m Got response with status 200: {"sessionId":"2a92d35f-a802-4be3-9b00-3b12f97adc8c","value":null}
&amp#27;[38;5;32m[AndroidUiautomator2Driver@1cda (702e746e)]&amp#27;[0m Responding to client with driver.click() result: null
&amp#27;[38;5;0m[HTTP]&amp#27;[0m &amp#27;[37m<-- POST /session/702e746e-f803-4824-aa27-03cbfaa3c8f8/element/00000000-0000-000d-ffff-ffff00000037/click &amp#27;[39m&amp#27;[32m200&amp#27;[39m &amp#27;[90m100 ms - 14&amp#27;[39m
&amp#27;[38;5;0m[HTTP]&amp#27;[0m &amp#27;[90m&amp#27;[39m
&amp#27;[38;5;0m[HTTP]&amp#27;[0m &amp#27;[37m-->&amp#27;[39m &amp#27;[37mPOST&amp#27;[39m &amp#27;[37m/session/702e746e-f803-4824-aa27-03cbfaa3c8f8/element&amp#27;[39m
&amp#27;[38;5;0m[HTTP]&amp#27;[0m &amp#27;[90m{"value":"new UiScrollable(new UiSelector().scrollable(true)).scrollIntoView(new UiSelector().text(\"Argentina\"))","using":"-android uiautomator"}&amp#27;[39m
&amp#27;[38;5;32m[AndroidUiautomator2Driver@1cda (702e746e)]&amp#27;[0m Calling AppiumDriver.findElement() with args: ["-android uiautomator","new UiScrollable(new UiSelector().scrollable(true)).scrollIntoView(new UiSelector().text(\"Argentina\"))","702e746e-f803-4824-aa27-03cbfaa3c8f8"]
&amp#27;[38;5;32m[AndroidUiautomator2Driver@1cda (702e746e)]&amp#27;[0m Valid locator strategies for this request: xpath, id, class name, accessibility id, css selector, -android uiautomator
&amp#27;[38;5;32m[AndroidUiautomator2Driver@1cda (702e746e)]&amp#27;[0m Waiting up to 10000 ms for condition
&amp#27;[38;5;32m[AndroidUiautomator2Driver@1cda (702e746e)]&amp#27;[0m Matched '/element' to command name 'findElement'
&amp#27;[38;5;32m[AndroidUiautomator2Driver@1cda (702e746e)]&amp#27;[0m Proxying [POST /element] to [POST http://127.0.0.1:8200/session/2a92d35f-a802-4be3-9b00-3b12f97adc8c/element] with body: {"strategy":"-android uiautomator","selector":"new UiScrollable(new UiSelector().scrollable(true)).scrollIntoView(new UiSelector().text(\"Argentina\"))","context":"","multiple":false}
&amp#27;[38;5;32m[AndroidUiautomator2Driver@1cda (702e746e)]&amp#27;[0m Got response with status 200: {"sessionId":"2a92d35f-a802-4be3-9b00-3b12f97adc8c","value":{"ELEMENT":"00000000-0000-000e-ffff-ffff0000004f","element-6066-11e4-a52e-4f735466cecf":"00000000-0000-000e-ffff-ffff0000004f"}}
&amp#27;[38;5;32m[AndroidUiautomator2Driver@1cda (702e746e)]&amp#27;[0m Responding to client with driver.findElement() result: {"element-6066-11e4-a52e-4f735466cecf":"00000000-0000-000e-ffff-ffff0000004f","ELEMENT":"00000000-0000-000e-ffff-ffff0000004f"}
&amp#27;[38;5;0m[HTTP]&amp#27;[0m &amp#27;[37m<-- POST /session/702e746e-f803-4824-aa27-03cbfaa3c8f8/element &amp#27;[39m&amp#27;[32m200&amp#27;[39m &amp#27;[90m4023 ms - 137&amp#27;[39m
&amp#27;[38;5;0m[HTTP]&amp#27;[0m &amp#27;[90m&amp#27;[39m
&amp#27;[38;5;0m[HTTP]&amp#27;[0m &amp#27;[37m-->&amp#27;[39m &amp#27;[37mGET&amp#27;[39m &amp#27;[37m/session/702e746e-f803-4824-aa27-03cbfaa3c8f8/context&amp#27;[39m
&amp#27;[38;5;0m[HTTP]&amp#27;[0m &amp#27;[90m{}&amp#27;[39m
&amp#27;[38;5;32m[AndroidUiautomator2Driver@1cda (702e746e)]&amp#27;[0m Calling AppiumDriver.getCurrentContext() with args: ["702e746e-f803-4824-aa27-03cbfaa3c8f8"]
&amp#27;[38;5;32m[AndroidUiautomator2Driver@1cda (702e746e)]&amp#27;[0m Responding to client with driver.getCurrentContext() result: "NATIVE_APP"
&amp#27;[38;5;0m[HTTP]&amp#27;[0m &amp#27;[37m<-- GET /session/702e746e-f803-4824-aa27-03cbfaa3c8f8/context &amp#27;[39m&amp#27;[32m200&amp#27;[39m &amp#27;[90m2 ms - 22&amp#27;[39m
&amp#27;[38;5;0m[HTTP]&amp#27;[0m &amp#27;[90m&amp#27;[39m
&amp#27;[38;5;0m[HTTP]&amp#27;[0m &amp#27;[37m-->&amp#27;[39m &amp#27;[37mPOST&amp#27;[39m &amp#27;[37m/session/702e746e-f803-4824-aa27-03cbfaa3c8f8/element&amp#27;[39m
&amp#27;[38;5;0m[HTTP]&amp#27;[0m &amp#27;[90m{"value":"//android.widget.TextView[@resource-id=\"android:id/text1\" and @text=\"Argentina\"]","using":"xpath"}&amp#27;[39m
&amp#27;[38;5;32m[AndroidUiautomator2Driver@1cda (702e746e)]&amp#27;[0m Calling AppiumDriver.findElement() with args: ["xpath","//android.widget.TextView[@resource-id=\"android:id/text1\" and @text=\"Argentina\"]","702e746e-f803-4824-aa27-03cbfaa3c8f8"]
&amp#27;[38;5;32m[AndroidUiautomator2Driver@1cda (702e746e)]&amp#27;[0m Valid locator strategies for this request: xpath, id, class name, accessibility id, css selector, -android uiautomator
&amp#27;[38;5;32m[AndroidUiautomator2Driver@1cda (702e746e)]&amp#27;[0m Waiting up to 10000 ms for condition
&amp#27;[38;5;32m[AndroidUiautomator2Driver@1cda (702e746e)]&amp#27;[0m Matched '/element' to command name 'findElement'
&amp#27;[38;5;32m[AndroidUiautomator2Driver@1cda (702e746e)]&amp#27;[0m Proxying [POST /element] to [POST http://127.0.0.1:8200/session/2a92d35f-a802-4be3-9b00-3b12f97adc8c/element] with body: {"strategy":"xpath","selector":"//android.widget.TextView[@resource-id=\"android:id/text1\" and @text=\"Argentina\"]","context":"","multiple":false}
&amp#27;[38;5;32m[AndroidUiautomator2Driver@1cda (702e746e)]&amp#27;[0m Got response with status 200: {"sessionId":"2a92d35f-a802-4be3-9b00-3b12f97adc8c","value":{"ELEMENT":"00000000-0000-000e-ffff-ffff0000004f","element-6066-11e4-a52e-4f735466cecf":"00000000-0000-000e-ffff-ffff0000004f"}}
&amp#27;[38;5;32m[AndroidUiautomator2Driver@1cda (702e746e)]&amp#27;[0m Responding to client with driver.findElement() result: {"element-6066-11e4-a52e-4f735466cecf":"00000000-0000-000e-ffff-ffff0000004f","ELEMENT":"00000000-0000-000e-ffff-ffff0000004f"}
&amp#27;[38;5;0m[HTTP]&amp#27;[0m &amp#27;[37m<-- POST /session/702e746e-f803-4824-aa27-03cbfaa3c8f8/element &amp#27;[39m&amp#27;[32m200&amp#27;[39m &amp#27;[90m852 ms - 137&amp#27;[39m
&amp#27;[38;5;0m[HTTP]&amp#27;[0m &amp#27;[90m&amp#27;[39m
&amp#27;[38;5;0m[HTTP]&amp#27;[0m &amp#27;[37m-->&amp#27;[39m &amp#27;[37mPOST&amp#27;[39m &amp#27;[37m/session/702e746e-f803-4824-aa27-03cbfaa3c8f8/element/00000000-0000-000e-ffff-ffff0000004f/click&amp#27;[39m
&amp#27;[38;5;0m[HTTP]&amp#27;[0m &amp#27;[90m{"id":"00000000-0000-000e-ffff-ffff0000004f"}&amp#27;[39m
&amp#27;[38;5;32m[AndroidUiautomator2Driver@1cda (702e746e)]&amp#27;[0m Calling AppiumDriver.click() with args: ["00000000-0000-000e-ffff-ffff0000004f","702e746e-f803-4824-aa27-03cbfaa3c8f8"]
&amp#27;[38;5;32m[AndroidUiautomator2Driver@1cda (702e746e)]&amp#27;[0m Matched '/element/00000000-0000-000e-ffff-ffff0000004f/click' to command name 'click'
&amp#27;[38;5;32m[AndroidUiautomator2Driver@1cda (702e746e)]&amp#27;[0m Proxying [POST /element/00000000-0000-000e-ffff-ffff0000004f/click] to [POST http://127.0.0.1:8200/session/2a92d35f-a802-4be3-9b00-3b12f97adc8c/element/00000000-0000-000e-ffff-ffff0000004f/click] with body: {"element":"00000000-0000-000e-ffff-ffff0000004f"}
&amp#27;[38;5;32m[AndroidUiautomator2Driver@1cda (702e746e)]&amp#27;[0m Got response with status 200: {"sessionId":"2a92d35f-a802-4be3-9b00-3b12f97adc8c","value":null}
&amp#27;[38;5;32m[AndroidUiautomator2Driver@1cda (702e746e)]&amp#27;[0m Responding to client with driver.click() result: null
&amp#27;[38;5;0m[HTTP]&amp#27;[0m &amp#27;[37m<-- POST /session/702e746e-f803-4824-aa27-03cbfaa3c8f8/element/00000000-0000-000e-ffff-ffff0000004f/click &amp#27;[39m&amp#27;[32m200&amp#27;[39m &amp#27;[90m744 ms - 14&amp#27;[39m
&amp#27;[38;5;0m[HTTP]&amp#27;[0m &amp#27;[90m&amp#27;[39m
&amp#27;[38;5;0m[HTTP]&amp#27;[0m &amp#27;[37m-->&amp#27;[39m &amp#27;[37mGET&amp#27;[39m &amp#27;[37m/session/702e746e-f803-4824-aa27-03cbfaa3c8f8/context&amp#27;[39m
&amp#27;[38;5;0m[HTTP]&amp#27;[0m &amp#27;[90m{}&amp#27;[39m
&amp#27;[38;5;32m[AndroidUiautomator2Driver@1cda (702e746e)]&amp#27;[0m Calling AppiumDriver.getCurrentContext() with args: ["702e746e-f803-4824-aa27-03cbfaa3c8f8"]
&amp#27;[38;5;32m[AndroidUiautomator2Driver@1cda (702e746e)]&amp#27;[0m Responding to client with driver.getCurrentContext() result: "NATIVE_APP"
&amp#27;[38;5;0m[HTTP]&amp#27;[0m &amp#27;[37m<-- GET /session/702e746e-f803-4824-aa27-03cbfaa3c8f8/context &amp#27;[39m&amp#27;[32m200&amp#27;[39m &amp#27;[90m1 ms - 22&amp#27;[39m
&amp#27;[38;5;0m[HTTP]&amp#27;[0m &amp#27;[90m&amp#27;[39m
&amp#27;[38;5;0m[HTTP]&amp#27;[0m &amp#27;[37m-->&amp#27;[39m &amp#27;[37mPOST&amp#27;[39m &amp#27;[37m/session/702e746e-f803-4824-aa27-03cbfaa3c8f8/element&amp#27;[39m
&amp#27;[38;5;0m[HTTP]&amp#27;[0m &amp#27;[90m{"value":"com.androidsample.generalstore:id/btnLetsShop","using":"id"}&amp#27;[39m
&amp#27;[38;5;32m[AndroidUiautomator2Driver@1cda (702e746e)]&amp#27;[0m Calling AppiumDriver.findElement() with args: ["id","com.androidsample.generalstore:id/btnLetsShop","702e746e-f803-4824-aa27-03cbfaa3c8f8"]
&amp#27;[38;5;32m[AndroidUiautomator2Driver@1cda (702e746e)]&amp#27;[0m Valid locator strategies for this request: xpath, id, class name, accessibility id, css selector, -android uiautomator
&amp#27;[38;5;32m[AndroidUiautomator2Driver@1cda (702e746e)]&amp#27;[0m Waiting up to 10000 ms for condition
&amp#27;[38;5;32m[AndroidUiautomator2Driver@1cda (702e746e)]&amp#27;[0m Matched '/element' to command name 'findElement'
&amp#27;[38;5;32m[AndroidUiautomator2Driver@1cda (702e746e)]&amp#27;[0m Proxying [POST /element] to [POST http://127.0.0.1:8200/session/2a92d35f-a802-4be3-9b00-3b12f97adc8c/element] with body: {"strategy":"id","selector":"com.androidsample.generalstore:id/btnLetsShop","context":"","multiple":false}
&amp#27;[38;5;32m[AndroidUiautomator2Driver@1cda (702e746e)]&amp#27;[0m Got response with status 200: {"sessionId":"2a92d35f-a802-4be3-9b00-3b12f97adc8c","value":{"ELEMENT":"00000000-0000-000d-ffff-ffff0000003e","element-6066-11e4-a52e-4f735466cecf":"00000000-0000-000d-ffff-ffff0000003e"}}
&amp#27;[38;5;32m[AndroidUiautomator2Driver@1cda (702e746e)]&amp#27;[0m Responding to client with driver.findElement() result: {"element-6066-11e4-a52e-4f735466cecf":"00000000-0000-000d-ffff-ffff0000003e","ELEMENT":"00000000-0000-000d-ffff-ffff0000003e"}
&amp#27;[38;5;0m[HTTP]&amp#27;[0m &amp#27;[37m<-- POST /session/702e746e-f803-4824-aa27-03cbfaa3c8f8/element &amp#27;[39m&amp#27;[32m200&amp#27;[39m &amp#27;[90m58 ms - 137&amp#27;[39m
&amp#27;[38;5;0m[HTTP]&amp#27;[0m &amp#27;[90m&amp#27;[39m
&amp#27;[38;5;0m[HTTP]&amp#27;[0m &amp#27;[37m-->&amp#27;[39m &amp#27;[37mPOST&amp#27;[39m &amp#27;[37m/session/702e746e-f803-4824-aa27-03cbfaa3c8f8/element/00000000-0000-000d-ffff-ffff0000003e/click&amp#27;[39m
&amp#27;[38;5;0m[HTTP]&amp#27;[0m &amp#27;[90m{"id":"00000000-0000-000d-ffff-ffff0000003e"}&amp#27;[39m
&amp#27;[38;5;32m[AndroidUiautomator2Driver@1cda (702e746e)]&amp#27;[0m Calling AppiumDriver.click() with args: ["00000000-0000-000d-ffff-ffff0000003e","702e746e-f803-4824-aa27-03cbfaa3c8f8"]
&amp#27;[38;5;32m[AndroidUiautomator2Driver@1cda (702e746e)]&amp#27;[0m Matched '/element/00000000-0000-000d-ffff-ffff0000003e/click' to command name 'click'
&amp#27;[38;5;32m[AndroidUiautomator2Driver@1cda (702e746e)]&amp#27;[0m Proxying [POST /element/00000000-0000-000d-ffff-ffff0000003e/click] to [POST http://127.0.0.1:8200/session/2a92d35f-a802-4be3-9b00-3b12f97adc8c/element/00000000-0000-000d-ffff-ffff0000003e/click] with body: {"element":"00000000-0000-000d-ffff-ffff0000003e"}
&amp#27;[38;5;32m[AndroidUiautomator2Driver@1cda (702e746e)]&amp#27;[0m Got response with status 200: {"sessionId":"2a92d35f-a802-4be3-9b00-3b12f97adc8c","value":null}
&amp#27;[38;5;32m[AndroidUiautomator2Driver@1cda (702e746e)]&amp#27;[0m Responding to client with driver.click() result: null
&amp#27;[38;5;0m[HTTP]&amp#27;[0m &amp#27;[37m<-- POST /session/702e746e-f803-4824-aa27-03cbfaa3c8f8/element/00000000-0000-000d-ffff-ffff0000003e/click &amp#27;[39m&amp#27;[32m200&amp#27;[39m &amp#27;[90m83 ms - 14&amp#27;[39m
&amp#27;[38;5;0m[HTTP]&amp#27;[0m &amp#27;[90m&amp#27;[39m
&amp#27;[38;5;0m[HTTP]&amp#27;[0m &amp#27;[37m-->&amp#27;[39m &amp#27;[37mGET&amp#27;[39m &amp#27;[37m/session/702e746e-f803-4824-aa27-03cbfaa3c8f8/context&amp#27;[39m
&amp#27;[38;5;0m[HTTP]&amp#27;[0m &amp#27;[90m{}&amp#27;[39m
&amp#27;[38;5;32m[AndroidUiautomator2Driver@1cda (702e746e)]&amp#27;[0m Calling AppiumDriver.getCurrentContext() with args: ["702e746e-f803-4824-aa27-03cbfaa3c8f8"]
&amp#27;[38;5;32m[AndroidUiautomator2Driver@1cda (702e746e)]&amp#27;[0m Responding to client with driver.getCurrentContext() result: "NATIVE_APP"
&amp#27;[38;5;0m[HTTP]&amp#27;[0m &amp#27;[37m<-- GET /session/702e746e-f803-4824-aa27-03cbfaa3c8f8/context &amp#27;[39m&amp#27;[32m200&amp#27;[39m &amp#27;[90m1 ms - 22&amp#27;[39m
&amp#27;[38;5;0m[HTTP]&amp#27;[0m &amp#27;[90m&amp#27;[39m
&amp#27;[38;5;0m[HTTP]&amp#27;[0m &amp#27;[37m-->&amp#27;[39m &amp#27;[37mPOST&amp#27;[39m &amp#27;[37m/session/702e746e-f803-4824-aa27-03cbfaa3c8f8/element&amp#27;[39m
&amp#27;[38;5;0m[HTTP]&amp#27;[0m &amp#27;[90m{"value":"(//android.widget.TextView[@resource-id=\"com.androidsample.generalstore:id/productAddCart\"])[1]","using":"xpath"}&amp#27;[39m
&amp#27;[38;5;32m[AndroidUiautomator2Driver@1cda (702e746e)]&amp#27;[0m Calling AppiumDriver.findElement() with args: ["xpath","(//android.widget.TextView[@resource-id=\"com.androidsample.generalstore:id/productAddCart\"])[1]","702e746e-f803-4824-aa27-03cbfaa3c8f8"]
&amp#27;[38;5;32m[AndroidUiautomator2Driver@1cda (702e746e)]&amp#27;[0m Valid locator strategies for this request: xpath, id, class name, accessibility id, css selector, -android uiautomator
&amp#27;[38;5;32m[AndroidUiautomator2Driver@1cda (702e746e)]&amp#27;[0m Waiting up to 10000 ms for condition
&amp#27;[38;5;32m[AndroidUiautomator2Driver@1cda (702e746e)]&amp#27;[0m Matched '/element' to command name 'findElement'
&amp#27;[38;5;32m[AndroidUiautomator2Driver@1cda (702e746e)]&amp#27;[0m Proxying [POST /element] to [POST http://127.0.0.1:8200/session/2a92d35f-a802-4be3-9b00-3b12f97adc8c/element] with body: {"strategy":"xpath","selector":"(//android.widget.TextView[@resource-id=\"com.androidsample.generalstore:id/productAddCart\"])[1]","context":"","multiple":false}
&amp#27;[38;5;32m[AndroidUiautomator2Driver@1cda (702e746e)]&amp#27;[0m Got response with status 200: {"sessionId":"2a92d35f-a802-4be3-9b00-3b12f97adc8c","value":{"ELEMENT":"00000000-0000-000f-ffff-ffff0000006e","element-6066-11e4-a52e-4f735466cecf":"00000000-0000-000f-ffff-ffff0000006e"}}
&amp#27;[38;5;32m[AndroidUiautomator2Driver@1cda (702e746e)]&amp#27;[0m Responding to client with driver.findElement() result: {"element-6066-11e4-a52e-4f735466cecf":"00000000-0000-000f-ffff-ffff0000006e","ELEMENT":"00000000-0000-000f-ffff-ffff0000006e"}
&amp#27;[38;5;0m[HTTP]&amp#27;[0m &amp#27;[37m<-- POST /session/702e746e-f803-4824-aa27-03cbfaa3c8f8/element &amp#27;[39m&amp#27;[32m200&amp#27;[39m &amp#27;[90m139 ms - 137&amp#27;[39m
&amp#27;[38;5;0m[HTTP]&amp#27;[0m &amp#27;[90m&amp#27;[39m
&amp#27;[38;5;0m[HTTP]&amp#27;[0m &amp#27;[37m-->&amp#27;[39m &amp#27;[37mPOST&amp#27;[39m &amp#27;[37m/session/702e746e-f803-4824-aa27-03cbfaa3c8f8/element/00000000-0000-000f-ffff-ffff0000006e/click&amp#27;[39m
&amp#27;[38;5;0m[HTTP]&amp#27;[0m &amp#27;[90m{"id":"00000000-0000-000f-ffff-ffff0000006e"}&amp#27;[39m
&amp#27;[38;5;32m[AndroidUiautomator2Driver@1cda (702e746e)]&amp#27;[0m Calling AppiumDriver.click() with args: ["00000000-0000-000f-ffff-ffff0000006e","702e746e-f803-4824-aa27-03cbfaa3c8f8"]
&amp#27;[38;5;32m[AndroidUiautomator2Driver@1cda (702e746e)]&amp#27;[0m Matched '/element/00000000-0000-000f-ffff-ffff0000006e/click' to command name 'click'
&amp#27;[38;5;32m[AndroidUiautomator2Driver@1cda (702e746e)]&amp#27;[0m Proxying [POST /element/00000000-0000-000f-ffff-ffff0000006e/click] to [POST http://127.0.0.1:8200/session/2a92d35f-a802-4be3-9b00-3b12f97adc8c/element/00000000-0000-000f-ffff-ffff0000006e/click] with body: {"element":"00000000-0000-000f-ffff-ffff0000006e"}
&amp#27;[38;5;32m[AndroidUiautomator2Driver@1cda (702e746e)]&amp#27;[0m Got response with status 200: {"sessionId":"2a92d35f-a802-4be3-9b00-3b12f97adc8c","value":null}
&amp#27;[38;5;32m[AndroidUiautomator2Driver@1cda (702e746e)]&amp#27;[0m Responding to client with driver.click() result: null
&amp#27;[38;5;0m[HTTP]&amp#27;[0m &amp#27;[37m<-- POST /session/702e746e-f803-4824-aa27-03cbfaa3c8f8/element/00000000-0000-000f-ffff-ffff0000006e/click &amp#27;[39m&amp#27;[32m200&amp#27;[39m &amp#27;[90m558 ms - 14&amp#27;[39m
&amp#27;[38;5;0m[HTTP]&amp#27;[0m &amp#27;[90m&amp#27;[39m
&amp#27;[38;5;0m[HTTP]&amp#27;[0m &amp#27;[37m-->&amp#27;[39m &amp#27;[37mGET&amp#27;[39m &amp#27;[37m/session/702e746e-f803-4824-aa27-03cbfaa3c8f8/context&amp#27;[39m
&amp#27;[38;5;0m[HTTP]&amp#27;[0m &amp#27;[90m{}&amp#27;[39m
&amp#27;[38;5;32m[AndroidUiautomator2Driver@1cda (702e746e)]&amp#27;[0m Calling AppiumDriver.getCurrentContext() with args: ["702e746e-f803-4824-aa27-03cbfaa3c8f8"]
&amp#27;[38;5;32m[AndroidUiautomator2Driver@1cda (702e746e)]&amp#27;[0m Responding to client with driver.getCurrentContext() result: "NATIVE_APP"
&amp#27;[38;5;0m[HTTP]&amp#27;[0m &amp#27;[37m<-- GET /session/702e746e-f803-4824-aa27-03cbfaa3c8f8/context &amp#27;[39m&amp#27;[32m200&amp#27;[39m &amp#27;[90m1 ms - 22&amp#27;[39m
&amp#27;[38;5;0m[HTTP]&amp#27;[0m &amp#27;[90m&amp#27;[39m
&amp#27;[38;5;0m[HTTP]&amp#27;[0m &amp#27;[37m-->&amp#27;[39m &amp#27;[37mPOST&amp#27;[39m &amp#27;[37m/session/702e746e-f803-4824-aa27-03cbfaa3c8f8/element&amp#27;[39m
&amp#27;[38;5;0m[HTTP]&amp#27;[0m &amp#27;[90m{"value":"(//android.widget.TextView[@resource-id=\"com.androidsample.generalstore:id/productAddCart\"])[2]","using":"xpath"}&amp#27;[39m
&amp#27;[38;5;32m[AndroidUiautomator2Driver@1cda (702e746e)]&amp#27;[0m Calling AppiumDriver.findElement() with args: ["xpath","(//android.widget.TextView[@resource-id=\"com.androidsample.generalstore:id/productAddCart\"])[2]","702e746e-f803-4824-aa27-03cbfaa3c8f8"]
&amp#27;[38;5;32m[AndroidUiautomator2Driver@1cda (702e746e)]&amp#27;[0m Valid locator strategies for this request: xpath, id, class name, accessibility id, css selector, -android uiautomator
&amp#27;[38;5;32m[AndroidUiautomator2Driver@1cda (702e746e)]&amp#27;[0m Waiting up to 10000 ms for condition
&amp#27;[38;5;32m[AndroidUiautomator2Driver@1cda (702e746e)]&amp#27;[0m Matched '/element' to command name 'findElement'
&amp#27;[38;5;32m[AndroidUiautomator2Driver@1cda (702e746e)]&amp#27;[0m Proxying [POST /element] to [POST http://127.0.0.1:8200/session/2a92d35f-a802-4be3-9b00-3b12f97adc8c/element] with body: {"strategy":"xpath","selector":"(//android.widget.TextView[@resource-id=\"com.androidsample.generalstore:id/productAddCart\"])[2]","context":"","multiple":false}
&amp#27;[38;5;32m[AndroidUiautomator2Driver@1cda (702e746e)]&amp#27;[0m Got response with status 200: {"sessionId":"2a92d35f-a802-4be3-9b00-3b12f97adc8c","value":{"ELEMENT":"00000000-0000-000f-ffff-ffff00000076","element-6066-11e4-a52e-4f735466cecf":"00000000-0000-000f-ffff-ffff00000076"}}
&amp#27;[38;5;32m[AndroidUiautomator2Driver@1cda (702e746e)]&amp#27;[0m Responding to client with driver.findElement() result: {"element-6066-11e4-a52e-4f735466cecf":"00000000-0000-000f-ffff-ffff00000076","ELEMENT":"00000000-0000-000f-ffff-ffff00000076"}
&amp#27;[38;5;0m[HTTP]&amp#27;[0m &amp#27;[37m<-- POST /session/702e746e-f803-4824-aa27-03cbfaa3c8f8/element &amp#27;[39m&amp#27;[32m200&amp#27;[39m &amp#27;[90m124 ms - 137&amp#27;[39m
&amp#27;[38;5;0m[HTTP]&amp#27;[0m &amp#27;[90m&amp#27;[39m
&amp#27;[38;5;0m[HTTP]&amp#27;[0m &amp#27;[37m-->&amp#27;[39m &amp#27;[37mPOST&amp#27;[39m &amp#27;[37m/session/702e746e-f803-4824-aa27-03cbfaa3c8f8/element/00000000-0000-000f-ffff-ffff00000076/click&amp#27;[39m
&amp#27;[38;5;0m[HTTP]&amp#27;[0m &amp#27;[90m{"id":"00000000-0000-000f-ffff-ffff00000076"}&amp#27;[39m
&amp#27;[38;5;32m[AndroidUiautomator2Driver@1cda (702e746e)]&amp#27;[0m Calling AppiumDriver.click() with args: ["00000000-0000-000f-ffff-ffff00000076","702e746e-f803-4824-aa27-03cbfaa3c8f8"]
&amp#27;[38;5;32m[AndroidUiautomator2Driver@1cda (702e746e)]&amp#27;[0m Matched '/element/00000000-0000-000f-ffff-ffff00000076/click' to command name 'click'
&amp#27;[38;5;32m[AndroidUiautomator2Driver@1cda (702e746e)]&amp#27;[0m Proxying [POST /element/00000000-0000-000f-ffff-ffff00000076/click] to [POST http://127.0.0.1:8200/session/2a92d35f-a802-4be3-9b00-3b12f97adc8c/element/00000000-0000-000f-ffff-ffff00000076/click] with body: {"element":"00000000-0000-000f-ffff-ffff00000076"}
&amp#27;[38;5;32m[AndroidUiautomator2Driver@1cda (702e746e)]&amp#27;[0m Got response with status 200: {"sessionId":"2a92d35f-a802-4be3-9b00-3b12f97adc8c","value":null}
&amp#27;[38;5;32m[AndroidUiautomator2Driver@1cda (702e746e)]&amp#27;[0m Responding to client with driver.click() result: null
&amp#27;[38;5;0m[HTTP]&amp#27;[0m &amp#27;[37m<-- POST /session/702e746e-f803-4824-aa27-03cbfaa3c8f8/element/00000000-0000-000f-ffff-ffff00000076/click &amp#27;[39m&amp#27;[32m200&amp#27;[39m &amp#27;[90m555 ms - 14&amp#27;[39m
&amp#27;[38;5;0m[HTTP]&amp#27;[0m &amp#27;[90m&amp#27;[39m
&amp#27;[38;5;0m[HTTP]&amp#27;[0m &amp#27;[37m-->&amp#27;[39m &amp#27;[37mGET&amp#27;[39m &amp#27;[37m/session/702e746e-f803-4824-aa27-03cbfaa3c8f8/context&amp#27;[39m
&amp#27;[38;5;0m[HTTP]&amp#27;[0m &amp#27;[90m{}&amp#27;[39m
&amp#27;[38;5;32m[AndroidUiautomator2Driver@1cda (702e746e)]&amp#27;[0m Calling AppiumDriver.getCurrentContext() with args: ["702e746e-f803-4824-aa27-03cbfaa3c8f8"]
&amp#27;[38;5;32m[AndroidUiautomator2Driver@1cda (702e746e)]&amp#27;[0m Responding to client with driver.getCurrentContext() result: "NATIVE_APP"
&amp#27;[38;5;0m[HTTP]&amp#27;[0m &amp#27;[37m<-- GET /session/702e746e-f803-4824-aa27-03cbfaa3c8f8/context &amp#27;[39m&amp#27;[32m200&amp#27;[39m &amp#27;[90m1 ms - 22&amp#27;[39m
&amp#27;[38;5;0m[HTTP]&amp#27;[0m &amp#27;[90m&amp#27;[39m
&amp#27;[38;5;0m[HTTP]&amp#27;[0m &amp#27;[37m-->&amp#27;[39m &amp#27;[37mPOST&amp#27;[39m &amp#27;[37m/session/702e746e-f803-4824-aa27-03cbfaa3c8f8/element&amp#27;[39m
&amp#27;[38;5;0m[HTTP]&amp#27;[0m &amp#27;[90m{"value":"com.androidsample.generalstore:id/appbar_btn_cart","using":"id"}&amp#27;[39m
&amp#27;[38;5;32m[AndroidUiautomator2Driver@1cda (702e746e)]&amp#27;[0m Calling AppiumDriver.findElement() with args: ["id","com.androidsample.generalstore:id/appbar_btn_cart","702e746e-f803-4824-aa27-03cbfaa3c8f8"]
&amp#27;[38;5;32m[AndroidUiautomator2Driver@1cda (702e746e)]&amp#27;[0m Valid locator strategies for this request: xpath, id, class name, accessibility id, css selector, -android uiautomator
&amp#27;[38;5;32m[AndroidUiautomator2Driver@1cda (702e746e)]&amp#27;[0m Waiting up to 10000 ms for condition
&amp#27;[38;5;32m[AndroidUiautomator2Driver@1cda (702e746e)]&amp#27;[0m Matched '/element' to command name 'findElement'
&amp#27;[38;5;32m[AndroidUiautomator2Driver@1cda (702e746e)]&amp#27;[0m Proxying [POST /element] to [POST http://127.0.0.1:8200/session/2a92d35f-a802-4be3-9b00-3b12f97adc8c/element] with body: {"strategy":"id","selector":"com.androidsample.generalstore:id/appbar_btn_cart","context":"","multiple":false}
&amp#27;[38;5;32m[AndroidUiautomator2Driver@1cda (702e746e)]&amp#27;[0m Got response with status 200: {"sessionId":"2a92d35f-a802-4be3-9b00-3b12f97adc8c","value":{"ELEMENT":"00000000-0000-000f-ffff-ffff00000061","element-6066-11e4-a52e-4f735466cecf":"00000000-0000-000f-ffff-ffff00000061"}}
&amp#27;[38;5;32m[AndroidUiautomator2Driver@1cda (702e746e)]&amp#27;[0m Responding to client with driver.findElement() result: {"element-6066-11e4-a52e-4f735466cecf":"00000000-0000-000f-ffff-ffff00000061","ELEMENT":"00000000-0000-000f-ffff-ffff00000061"}
&amp#27;[38;5;0m[HTTP]&amp#27;[0m &amp#27;[37m<-- POST /session/702e746e-f803-4824-aa27-03cbfaa3c8f8/element &amp#27;[39m&amp#27;[32m200&amp#27;[39m &amp#27;[90m32 ms - 137&amp#27;[39m
&amp#27;[38;5;0m[HTTP]&amp#27;[0m &amp#27;[90m&amp#27;[39m
&amp#27;[38;5;0m[HTTP]&amp#27;[0m &amp#27;[37m-->&amp#27;[39m &amp#27;[37mPOST&amp#27;[39m &amp#27;[37m/session/702e746e-f803-4824-aa27-03cbfaa3c8f8/element/00000000-0000-000f-ffff-ffff00000061/click&amp#27;[39m
&amp#27;[38;5;0m[HTTP]&amp#27;[0m &amp#27;[90m{"id":"00000000-0000-000f-ffff-ffff00000061"}&amp#27;[39m
&amp#27;[38;5;32m[AndroidUiautomator2Driver@1cda (702e746e)]&amp#27;[0m Calling AppiumDriver.click() with args: ["00000000-0000-000f-ffff-ffff00000061","702e746e-f803-4824-aa27-03cbfaa3c8f8"]
&amp#27;[38;5;32m[AndroidUiautomator2Driver@1cda (702e746e)]&amp#27;[0m Matched '/element/00000000-0000-000f-ffff-ffff00000061/click' to command name 'click'
&amp#27;[38;5;32m[AndroidUiautomator2Driver@1cda (702e746e)]&amp#27;[0m Proxying [POST /element/00000000-0000-000f-ffff-ffff00000061/click] to [POST http://127.0.0.1:8200/session/2a92d35f-a802-4be3-9b00-3b12f97adc8c/element/00000000-0000-000f-ffff-ffff00000061/click] with body: {"element":"00000000-0000-000f-ffff-ffff00000061"}
&amp#27;[38;5;32m[AndroidUiautomator2Driver@1cda (702e746e)]&amp#27;[0m Got response with status 200: {"sessionId":"2a92d35f-a802-4be3-9b00-3b12f97adc8c","value":null}
&amp#27;[38;5;32m[AndroidUiautomator2Driver@1cda (702e746e)]&amp#27;[0m Responding to client with driver.click() result: null
&amp#27;[38;5;0m[HTTP]&amp#27;[0m &amp#27;[37m<-- POST /session/702e746e-f803-4824-aa27-03cbfaa3c8f8/element/00000000-0000-000f-ffff-ffff00000061/click &amp#27;[39m&amp#27;[32m200&amp#27;[39m &amp#27;[90m1457 ms - 14&amp#27;[39m
&amp#27;[38;5;0m[HTTP]&amp#27;[0m &amp#27;[90m&amp#27;[39m
&amp#27;[38;5;0m[HTTP]&amp#27;[0m &amp#27;[37m-->&amp#27;[39m &amp#27;[37mGET&amp#27;[39m &amp#27;[37m/session/702e746e-f803-4824-aa27-03cbfaa3c8f8/context&amp#27;[39m
&amp#27;[38;5;0m[HTTP]&amp#27;[0m &amp#27;[90m{}&amp#27;[39m
&amp#27;[38;5;32m[AndroidUiautomator2Driver@1cda (702e746e)]&amp#27;[0m Calling AppiumDriver.getCurrentContext() with args: ["702e746e-f803-4824-aa27-03cbfaa3c8f8"]
&amp#27;[38;5;32m[AndroidUiautomator2Driver@1cda (702e746e)]&amp#27;[0m Responding to client with driver.getCurrentContext() result: "NATIVE_APP"
&amp#27;[38;5;0m[HTTP]&amp#27;[0m &amp#27;[37m<-- GET /session/702e746e-f803-4824-aa27-03cbfaa3c8f8/context &amp#27;[39m&amp#27;[32m200&amp#27;[39m &amp#27;[90m1 ms - 22&amp#27;[39m
&amp#27;[38;5;0m[HTTP]&amp#27;[0m &amp#27;[90m&amp#27;[39m
&amp#27;[38;5;0m[HTTP]&amp#27;[0m &amp#27;[37m-->&amp#27;[39m &amp#27;[37mPOST&amp#27;[39m &amp#27;[37m/session/702e746e-f803-4824-aa27-03cbfaa3c8f8/element&amp#27;[39m
&amp#27;[38;5;0m[HTTP]&amp#27;[0m &amp#27;[90m{"value":"com.androidsample.generalstore:id/toolbar_title","using":"id"}&amp#27;[39m
&amp#27;[38;5;32m[AndroidUiautomator2Driver@1cda (702e746e)]&amp#27;[0m Calling AppiumDriver.findElement() with args: ["id","com.androidsample.generalstore:id/toolbar_title","702e746e-f803-4824-aa27-03cbfaa3c8f8"]
&amp#27;[38;5;32m[AndroidUiautomator2Driver@1cda (702e746e)]&amp#27;[0m Valid locator strategies for this request: xpath, id, class name, accessibility id, css selector, -android uiautomator
&amp#27;[38;5;32m[AndroidUiautomator2Driver@1cda (702e746e)]&amp#27;[0m Waiting up to 10000 ms for condition
&amp#27;[38;5;32m[AndroidUiautomator2Driver@1cda (702e746e)]&amp#27;[0m Matched '/element' to command name 'findElement'
&amp#27;[38;5;32m[AndroidUiautomator2Driver@1cda (702e746e)]&amp#27;[0m Proxying [POST /element] to [POST http://127.0.0.1:8200/session/2a92d35f-a802-4be3-9b00-3b12f97adc8c/element] with body: {"strategy":"id","selector":"com.androidsample.generalstore:id/toolbar_title","context":"","multiple":false}
&amp#27;[38;5;32m[AndroidUiautomator2Driver@1cda (702e746e)]&amp#27;[0m Got response with status 200: {"sessionId":"2a92d35f-a802-4be3-9b00-3b12f97adc8c","value":{"ELEMENT":"00000000-0000-0010-ffff-ffff0000008c","element-6066-11e4-a52e-4f735466cecf":"00000000-0000-0010-ffff-ffff0000008c"}}
&amp#27;[38;5;32m[AndroidUiautomator2Driver@1cda (702e746e)]&amp#27;[0m Responding to client with driver.findElement() result: {"element-6066-11e4-a52e-4f735466cecf":"00000000-0000-0010-ffff-ffff0000008c","ELEMENT":"00000000-0000-0010-ffff-ffff0000008c"}
&amp#27;[38;5;0m[HTTP]&amp#27;[0m &amp#27;[37m<-- POST /session/702e746e-f803-4824-aa27-03cbfaa3c8f8/element &amp#27;[39m&amp#27;[32m200&amp#27;[39m &amp#27;[90m34 ms - 137&amp#27;[39m
&amp#27;[38;5;0m[HTTP]&amp#27;[0m &amp#27;[90m&amp#27;[39m
&amp#27;[38;5;0m[HTTP]&amp#27;[0m &amp#27;[37m-->&amp#27;[39m &amp#27;[37mGET&amp#27;[39m &amp#27;[37m/session/702e746e-f803-4824-aa27-03cbfaa3c8f8/element/00000000-0000-0010-ffff-ffff0000008c/attribute/text&amp#27;[39m
&amp#27;[38;5;0m[HTTP]&amp#27;[0m &amp#27;[90m{}&amp#27;[39m
&amp#27;[38;5;32m[AndroidUiautomator2Driver@1cda (702e746e)]&amp#27;[0m Calling AppiumDriver.getAttribute() with args: ["text","00000000-0000-0010-ffff-ffff0000008c","702e746e-f803-4824-aa27-03cbfaa3c8f8"]
&amp#27;[38;5;32m[AndroidUiautomator2Driver@1cda (702e746e)]&amp#27;[0m Matched '/element/00000000-0000-0010-ffff-ffff0000008c/attribute/text' to command name 'getAttribute'
&amp#27;[38;5;32m[AndroidUiautomator2Driver@1cda (702e746e)]&amp#27;[0m Proxying [GET /element/00000000-0000-0010-ffff-ffff0000008c/attribute/text] to [GET http://127.0.0.1:8200/session/2a92d35f-a802-4be3-9b00-3b12f97adc8c/element/00000000-0000-0010-ffff-ffff0000008c/attribute/text] with no body
&amp#27;[38;5;32m[AndroidUiautomator2Driver@1cda (702e746e)]&amp#27;[0m Got response with status 200: {"sessionId":"2a92d35f-a802-4be3-9b00-3b12f97adc8c","value":"Cart"}
&amp#27;[38;5;32m[AndroidUiautomator2Driver@1cda (702e746e)]&amp#27;[0m Responding to client with driver.getAttribute() result: "Cart"
&amp#27;[38;5;0m[HTTP]&amp#27;[0m &amp#27;[37m<-- GET /session/702e746e-f803-4824-aa27-03cbfaa3c8f8/element/00000000-0000-0010-ffff-ffff0000008c/attribute/text &amp#27;[39m&amp#27;[32m200&amp#27;[39m &amp#27;[90m22 ms - 16&amp#27;[39m
&amp#27;[38;5;0m[HTTP]&amp#27;[0m &amp#27;[90m&amp#27;[39m
&amp#27;[38;5;0m[HTTP]&amp#27;[0m &amp#27;[37m-->&amp#27;[39m &amp#27;[37mGET&amp#27;[39m &amp#27;[37m/session/702e746e-f803-4824-aa27-03cbfaa3c8f8/context&amp#27;[39m
&amp#27;[38;5;0m[HTTP]&amp#27;[0m &amp#27;[90m{}&amp#27;[39m
&amp#27;[38;5;32m[AndroidUiautomator2Driver@1cda (702e746e)]&amp#27;[0m Calling AppiumDriver.getCurrentContext() with args: ["702e746e-f803-4824-aa27-03cbfaa3c8f8"]
&amp#27;[38;5;32m[AndroidUiautomator2Driver@1cda (702e746e)]&amp#27;[0m Responding to client with driver.getCurrentContext() result: "NATIVE_APP"
&amp#27;[38;5;0m[HTTP]&amp#27;[0m &amp#27;[37m<-- GET /session/702e746e-f803-4824-aa27-03cbfaa3c8f8/context &amp#27;[39m&amp#27;[32m200&amp#27;[39m &amp#27;[90m1 ms - 22&amp#27;[39m
&amp#27;[38;5;0m[HTTP]&amp#27;[0m &amp#27;[90m&amp#27;[39m
&amp#27;[38;5;0m[HTTP]&amp#27;[0m &amp#27;[37m-->&amp#27;[39m &amp#27;[37mPOST&amp#27;[39m &amp#27;[37m/session/702e746e-f803-4824-aa27-03cbfaa3c8f8/element&amp#27;[39m
&amp#27;[38;5;0m[HTTP]&amp#27;[0m &amp#27;[90m{"value":"com.androidsample.generalstore:id/totalAmountLbl","using":"id"}&amp#27;[39m
&amp#27;[38;5;32m[AndroidUiautomator2Driver@1cda (702e746e)]&amp#27;[0m Calling AppiumDriver.findElement() with args: ["id","com.androidsample.generalstore:id/totalAmountLbl","702e746e-f803-4824-aa27-03cbfaa3c8f8"]
&amp#27;[38;5;32m[AndroidUiautomator2Driver@1cda (702e746e)]&amp#27;[0m Valid locator strategies for this request: xpath, id, class name, accessibility id, css selector, -android uiautomator
&amp#27;[38;5;32m[AndroidUiautomator2Driver@1cda (702e746e)]&amp#27;[0m Waiting up to 10000 ms for condition
&amp#27;[38;5;32m[AndroidUiautomator2Driver@1cda (702e746e)]&amp#27;[0m Matched '/element' to command name 'findElement'
&amp#27;[38;5;32m[AndroidUiautomator2Driver@1cda (702e746e)]&amp#27;[0m Proxying [POST /element] to [POST http://127.0.0.1:8200/session/2a92d35f-a802-4be3-9b00-3b12f97adc8c/element] with body: {"strategy":"id","selector":"com.androidsample.generalstore:id/totalAmountLbl","context":"","multiple":false}
&amp#27;[38;5;32m[AndroidUiautomator2Driver@1cda (702e746e)]&amp#27;[0m Got response with status 200: {"sessionId":"2a92d35f-a802-4be3-9b00-3b12f97adc8c","value":{"ELEMENT":"00000000-0000-0010-ffff-ffff00000097","element-6066-11e4-a52e-4f735466cecf":"00000000-0000-0010-ffff-ffff00000097"}}
&amp#27;[38;5;32m[AndroidUiautomator2Driver@1cda (702e746e)]&amp#27;[0m Responding to client with driver.findElement() result: {"element-6066-11e4-a52e-4f735466cecf":"00000000-0000-0010-ffff-ffff00000097","ELEMENT":"00000000-0000-0010-ffff-ffff00000097"}
&amp#27;[38;5;0m[HTTP]&amp#27;[0m &amp#27;[37m<-- POST /session/702e746e-f803-4824-aa27-03cbfaa3c8f8/element &amp#27;[39m&amp#27;[32m200&amp#27;[39m &amp#27;[90m66 ms - 137&amp#27;[39m
&amp#27;[38;5;0m[HTTP]&amp#27;[0m &amp#27;[90m&amp#27;[39m
&amp#27;[38;5;0m[HTTP]&amp#27;[0m &amp#27;[37m-->&amp#27;[39m &amp#27;[37mGET&amp#27;[39m &amp#27;[37m/session/702e746e-f803-4824-aa27-03cbfaa3c8f8/element/00000000-0000-0010-ffff-ffff00000097/text&amp#27;[39m
&amp#27;[38;5;0m[HTTP]&amp#27;[0m &amp#27;[90m{}&amp#27;[39m
&amp#27;[38;5;32m[AndroidUiautomator2Driver@1cda (702e746e)]&amp#27;[0m Driver proxy active, passing request on via HTTP proxy
&amp#27;[38;5;32m[AndroidUiautomator2Driver@1cda (702e746e)]&amp#27;[0m Matched '/session/702e746e-f803-4824-aa27-03cbfaa3c8f8/element/00000000-0000-0010-ffff-ffff00000097/text' to command name 'getText'
&amp#27;[38;5;32m[AndroidUiautomator2Driver@1cda (702e746e)]&amp#27;[0m Proxying [GET /session/702e746e-f803-4824-aa27-03cbfaa3c8f8/element/00000000-0000-0010-ffff-ffff00000097/text] to [GET http://127.0.0.1:8200/session/2a92d35f-a802-4be3-9b00-3b12f97adc8c/element/00000000-0000-0010-ffff-ffff00000097/text] with no body
&amp#27;[38;5;32m[AndroidUiautomator2Driver@1cda (702e746e)]&amp#27;[0m Got response with status 200: {"sessionId":"2a92d35f-a802-4be3-9b00-3b12f97adc8c","value":"$ 280.97"}
&amp#27;[38;5;32m[AndroidUiautomator2Driver@1cda (702e746e)]&amp#27;[0m Replacing sessionId 2a92d35f-a802-4be3-9b00-3b12f97adc8c with 702e746e-f803-4824-aa27-03cbfaa3c8f8
&amp#27;[38;5;0m[HTTP]&amp#27;[0m &amp#27;[37m<-- GET /session/702e746e-f803-4824-aa27-03cbfaa3c8f8/element/00000000-0000-0010-ffff-ffff00000097/text &amp#27;[39m&amp#27;[32m200&amp#27;[39m &amp#27;[90m21 ms - 71&amp#27;[39m
&amp#27;[38;5;0m[HTTP]&amp#27;[0m &amp#27;[90m&amp#27;[39m
&amp#27;[38;5;0m[HTTP]&amp#27;[0m &amp#27;[37m-->&amp#27;[39m &amp#27;[37mGET&amp#27;[39m &amp#27;[37m/session/702e746e-f803-4824-aa27-03cbfaa3c8f8/context&amp#27;[39m
&amp#27;[38;5;0m[HTTP]&amp#27;[0m &amp#27;[90m{}&amp#27;[39m
&amp#27;[38;5;32m[AndroidUiautomator2Driver@1cda (702e746e)]&amp#27;[0m Calling AppiumDriver.getCurrentContext() with args: ["702e746e-f803-4824-aa27-03cbfaa3c8f8"]
&amp#27;[38;5;32m[AndroidUiautomator2Driver@1cda (702e746e)]&amp#27;[0m Responding to client with driver.getCurrentContext() result: "NATIVE_APP"
&amp#27;[38;5;0m[HTTP]&amp#27;[0m &amp#27;[37m<-- GET /session/702e746e-f803-4824-aa27-03cbfaa3c8f8/context &amp#27;[39m&amp#27;[32m200&amp#27;[39m &amp#27;[90m1 ms - 22&amp#27;[39m
&amp#27;[38;5;0m[HTTP]&amp#27;[0m &amp#27;[90m&amp#27;[39m
&amp#27;[38;5;0m[HTTP]&amp#27;[0m &amp#27;[37m-->&amp#27;[39m &amp#27;[37mPOST&amp#27;[39m &amp#27;[37m/session/702e746e-f803-4824-aa27-03cbfaa3c8f8/elements&amp#27;[39m
&amp#27;[38;5;0m[HTTP]&amp#27;[0m &amp#27;[90m{"value":"com.androidsample.generalstore:id/productPrice","using":"id"}&amp#27;[39m
&amp#27;[38;5;32m[AndroidUiautomator2Driver@1cda (702e746e)]&amp#27;[0m Calling AppiumDriver.findElements() with args: ["id","com.androidsample.generalstore:id/productPrice","702e746e-f803-4824-aa27-03cbfaa3c8f8"]
&amp#27;[38;5;32m[AndroidUiautomator2Driver@1cda (702e746e)]&amp#27;[0m Valid locator strategies for this request: xpath, id, class name, accessibility id, css selector, -android uiautomator
&amp#27;[38;5;32m[AndroidUiautomator2Driver@1cda (702e746e)]&amp#27;[0m Waiting up to 10000 ms for condition
&amp#27;[38;5;32m[AndroidUiautomator2Driver@1cda (702e746e)]&amp#27;[0m Matched '/elements' to command name 'findElements'
&amp#27;[38;5;32m[AndroidUiautomator2Driver@1cda (702e746e)]&amp#27;[0m Proxying [POST /elements] to [POST http://127.0.0.1:8200/session/2a92d35f-a802-4be3-9b00-3b12f97adc8c/elements] with body: {"strategy":"id","selector":"com.androidsample.generalstore:id/productPrice","context":"","multiple":true}
&amp#27;[38;5;32m[AndroidUiautomator2Driver@1cda (702e746e)]&amp#27;[0m Got response with status 200: {"sessionId":"2a92d35f-a802-4be3-9b00-3b12f97adc8c","value":[{"ELEMENT":"00000000-0000-0010-ffff-ffff000000a3","element-6066-11e4-a52e-4f735466cecf":"00000000-0000-0010-ffff-ffff000000a3"},{"ELEMENT":"00000000-0000-0010-ffff-ffff000000ab","element-6066-11e4-a52e-4f735466cecf":"00000000-0000-0010-ffff-ffff000000ab"}]}
&amp#27;[38;5;32m[AndroidUiautomator2Driver@1cda (702e746e)]&amp#27;[0m Responding to client with driver.findElements() result: [{"element-6066-11e4-a52e-4f735466cecf":"00000000-0000-0010-ffff-ffff000000a3","ELEMENT":"00000000-0000-0010-ffff-ffff000000a3"},{"element-6066-11e4-a52e-4f735466cecf":"00000000-0000-0010-ffff-ffff000000ab","ELEMENT":"00000000-0000-0010-ffff-ffff000000ab"}]
&amp#27;[38;5;0m[HTTP]&amp#27;[0m &amp#27;[37m<-- POST /session/702e746e-f803-4824-aa27-03cbfaa3c8f8/elements &amp#27;[39m&amp#27;[32m200&amp#27;[39m &amp#27;[90m82 ms - 267&amp#27;[39m
&amp#27;[38;5;0m[HTTP]&amp#27;[0m &amp#27;[90m&amp#27;[39m
&amp#27;[38;5;0m[HTTP]&amp#27;[0m &amp#27;[37m-->&amp#27;[39m &amp#27;[37mGET&amp#27;[39m &amp#27;[37m/session/702e746e-f803-4824-aa27-03cbfaa3c8f8/context&amp#27;[39m
&amp#27;[38;5;0m[HTTP]&amp#27;[0m &amp#27;[90m{}&amp#27;[39m
&amp#27;[38;5;32m[AndroidUiautomator2Driver@1cda (702e746e)]&amp#27;[0m Calling AppiumDriver.getCurrentContext() with args: ["702e746e-f803-4824-aa27-03cbfaa3c8f8"]
&amp#27;[38;5;32m[AndroidUiautomator2Driver@1cda (702e746e)]&amp#27;[0m Responding to client with driver.getCurrentContext() result: "NATIVE_APP"
&amp#27;[38;5;0m[HTTP]&amp#27;[0m &amp#27;[37m<-- GET /session/702e746e-f803-4824-aa27-03cbfaa3c8f8/context &amp#27;[39m&amp#27;[32m200&amp#27;[39m &amp#27;[90m1 ms - 22&amp#27;[39m
&amp#27;[38;5;0m[HTTP]&amp#27;[0m &amp#27;[90m&amp#27;[39m
&amp#27;[38;5;0m[HTTP]&amp#27;[0m &amp#27;[37m-->&amp#27;[39m &amp#27;[37mPOST&amp#27;[39m &amp#27;[37m/session/702e746e-f803-4824-aa27-03cbfaa3c8f8/elements&amp#27;[39m
&amp#27;[38;5;0m[HTTP]&amp#27;[0m &amp#27;[90m{"value":"com.androidsample.generalstore:id/productPrice","using":"id"}&amp#27;[39m
&amp#27;[38;5;32m[AndroidUiautomator2Driver@1cda (702e746e)]&amp#27;[0m Calling AppiumDriver.findElements() with args: ["id","com.androidsample.generalstore:id/productPrice","702e746e-f803-4824-aa27-03cbfaa3c8f8"]
&amp#27;[38;5;32m[AndroidUiautomator2Driver@1cda (702e746e)]&amp#27;[0m Valid locator strategies for this request: xpath, id, class name, accessibility id, css selector, -android uiautomator
&amp#27;[38;5;32m[AndroidUiautomator2Driver@1cda (702e746e)]&amp#27;[0m Waiting up to 10000 ms for condition
&amp#27;[38;5;32m[AndroidUiautomator2Driver@1cda (702e746e)]&amp#27;[0m Matched '/elements' to command name 'findElements'
&amp#27;[38;5;32m[AndroidUiautomator2Driver@1cda (702e746e)]&amp#27;[0m Proxying [POST /elements] to [POST http://127.0.0.1:8200/session/2a92d35f-a802-4be3-9b00-3b12f97adc8c/elements] with body: {"strategy":"id","selector":"com.androidsample.generalstore:id/productPrice","context":"","multiple":true}
&amp#27;[38;5;32m[AndroidUiautomator2Driver@1cda (702e746e)]&amp#27;[0m Got response with status 200: {"sessionId":"2a92d35f-a802-4be3-9b00-3b12f97adc8c","value":[{"ELEMENT":"00000000-0000-0010-ffff-ffff000000a3","element-6066-11e4-a52e-4f735466cecf":"00000000-0000-0010-ffff-ffff000000a3"},{"ELEMENT":"00000000-0000-0010-ffff-ffff000000ab","element-6066-11e4-a52e-4f735466cecf":"00000000-0000-0010-ffff-ffff000000ab"}]}
&amp#27;[38;5;32m[AndroidUiautomator2Driver@1cda (702e746e)]&amp#27;[0m Responding to client with driver.findElements() result: [{"element-6066-11e4-a52e-4f735466cecf":"00000000-0000-0010-ffff-ffff000000a3","ELEMENT":"00000000-0000-0010-ffff-ffff000000a3"},{"element-6066-11e4-a52e-4f735466cecf":"00000000-0000-0010-ffff-ffff000000ab","ELEMENT":"00000000-0000-0010-ffff-ffff000000ab"}]
&amp#27;[38;5;0m[HTTP]&amp#27;[0m &amp#27;[37m<-- POST /session/702e746e-f803-4824-aa27-03cbfaa3c8f8/elements &amp#27;[39m&amp#27;[32m200&amp#27;[39m &amp#27;[90m72 ms - 267&amp#27;[39m
&amp#27;[38;5;0m[HTTP]&amp#27;[0m &amp#27;[90m&amp#27;[39m
&amp#27;[38;5;0m[HTTP]&amp#27;[0m &amp#27;[37m-->&amp#27;[39m &amp#27;[37mGET&amp#27;[39m &amp#27;[37m/session/702e746e-f803-4824-aa27-03cbfaa3c8f8/element/00000000-0000-0010-ffff-ffff000000a3/text&amp#27;[39m
&amp#27;[38;5;0m[HTTP]&amp#27;[0m &amp#27;[90m{}&amp#27;[39m
&amp#27;[38;5;32m[AndroidUiautomator2Driver@1cda (702e746e)]&amp#27;[0m Driver proxy active, passing request on via HTTP proxy
&amp#27;[38;5;32m[AndroidUiautomator2Driver@1cda (702e746e)]&amp#27;[0m Matched '/session/702e746e-f803-4824-aa27-03cbfaa3c8f8/element/00000000-0000-0010-ffff-ffff000000a3/text' to command name 'getText'
&amp#27;[38;5;32m[AndroidUiautomator2Driver@1cda (702e746e)]&amp#27;[0m Proxying [GET /session/702e746e-f803-4824-aa27-03cbfaa3c8f8/element/00000000-0000-0010-ffff-ffff000000a3/text] to [GET http://127.0.0.1:8200/session/2a92d35f-a802-4be3-9b00-3b12f97adc8c/element/00000000-0000-0010-ffff-ffff000000a3/text] with no body
&amp#27;[38;5;32m[AndroidUiautomator2Driver@1cda (702e746e)]&amp#27;[0m Got response with status 200: {"sessionId":"2a92d35f-a802-4be3-9b00-3b12f97adc8c","value":"$160.97"}
&amp#27;[38;5;32m[AndroidUiautomator2Driver@1cda (702e746e)]&amp#27;[0m Replacing sessionId 2a92d35f-a802-4be3-9b00-3b12f97adc8c with 702e746e-f803-4824-aa27-03cbfaa3c8f8
&amp#27;[38;5;0m[HTTP]&amp#27;[0m &amp#27;[37m<-- GET /session/702e746e-f803-4824-aa27-03cbfaa3c8f8/element/00000000-0000-0010-ffff-ffff000000a3/text &amp#27;[39m&amp#27;[32m200&amp#27;[39m &amp#27;[90m23 ms - 70&amp#27;[39m
&amp#27;[38;5;0m[HTTP]&amp#27;[0m &amp#27;[90m&amp#27;[39m
&amp#27;[38;5;0m[HTTP]&amp#27;[0m &amp#27;[37m-->&amp#27;[39m &amp#27;[37mGET&amp#27;[39m &amp#27;[37m/session/702e746e-f803-4824-aa27-03cbfaa3c8f8/context&amp#27;[39m
&amp#27;[38;5;0m[HTTP]&amp#27;[0m &amp#27;[90m{}&amp#27;[39m
&amp#27;[38;5;32m[AndroidUiautomator2Driver@1cda (702e746e)]&amp#27;[0m Calling AppiumDriver.getCurrentContext() with args: ["702e746e-f803-4824-aa27-03cbfaa3c8f8"]
&amp#27;[38;5;32m[AndroidUiautomator2Driver@1cda (702e746e)]&amp#27;[0m Responding to client with driver.getCurrentContext() result: "NATIVE_APP"
&amp#27;[38;5;0m[HTTP]&amp#27;[0m &amp#27;[37m<-- GET /session/702e746e-f803-4824-aa27-03cbfaa3c8f8/context &amp#27;[39m&amp#27;[32m200&amp#27;[39m &amp#27;[90m1 ms - 22&amp#27;[39m
&amp#27;[38;5;0m[HTTP]&amp#27;[0m &amp#27;[90m&amp#27;[39m
&amp#27;[38;5;0m[HTTP]&amp#27;[0m &amp#27;[37m-->&amp#27;[39m &amp#27;[37mPOST&amp#27;[39m &amp#27;[37m/session/702e746e-f803-4824-aa27-03cbfaa3c8f8/elements&amp#27;[39m
&amp#27;[38;5;0m[HTTP]&amp#27;[0m &amp#27;[90m{"value":"com.androidsample.generalstore:id/productPrice","using":"id"}&amp#27;[39m
&amp#27;[38;5;32m[AndroidUiautomator2Driver@1cda (702e746e)]&amp#27;[0m Calling AppiumDriver.findElements() with args: ["id","com.androidsample.generalstore:id/productPrice","702e746e-f803-4824-aa27-03cbfaa3c8f8"]
&amp#27;[38;5;32m[AndroidUiautomator2Driver@1cda (702e746e)]&amp#27;[0m Valid locator strategies for this request: xpath, id, class name, accessibility id, css selector, -android uiautomator
&amp#27;[38;5;32m[AndroidUiautomator2Driver@1cda (702e746e)]&amp#27;[0m Waiting up to 10000 ms for condition
&amp#27;[38;5;32m[AndroidUiautomator2Driver@1cda (702e746e)]&amp#27;[0m Matched '/elements' to command name 'findElements'
&amp#27;[38;5;32m[AndroidUiautomator2Driver@1cda (702e746e)]&amp#27;[0m Proxying [POST /elements] to [POST http://127.0.0.1:8200/session/2a92d35f-a802-4be3-9b00-3b12f97adc8c/elements] with body: {"strategy":"id","selector":"com.androidsample.generalstore:id/productPrice","context":"","multiple":true}
&amp#27;[38;5;32m[AndroidUiautomator2Driver@1cda (702e746e)]&amp#27;[0m Got response with status 200: {"sessionId":"2a92d35f-a802-4be3-9b00-3b12f97adc8c","value":[{"ELEMENT":"00000000-0000-0010-ffff-ffff000000a3","element-6066-11e4-a52e-4f735466cecf":"00000000-0000-0010-ffff-ffff000000a3"},{"ELEMENT":"00000000-0000-0010-ffff-ffff000000ab","element-6066-11e4-a52e-4f735466cecf":"00000000-0000-0010-ffff-ffff000000ab"}]}
&amp#27;[38;5;32m[AndroidUiautomator2Driver@1cda (702e746e)]&amp#27;[0m Responding to client with driver.findElements() result: [{"element-6066-11e4-a52e-4f735466cecf":"00000000-0000-0010-ffff-ffff000000a3","ELEMENT":"00000000-0000-0010-ffff-ffff000000a3"},{"element-6066-11e4-a52e-4f735466cecf":"00000000-0000-0010-ffff-ffff000000ab","ELEMENT":"00000000-0000-0010-ffff-ffff000000ab"}]
&amp#27;[38;5;0m[HTTP]&amp#27;[0m &amp#27;[37m<-- POST /session/702e746e-f803-4824-aa27-03cbfaa3c8f8/elements &amp#27;[39m&amp#27;[32m200&amp#27;[39m &amp#27;[90m87 ms - 267&amp#27;[39m
&amp#27;[38;5;0m[HTTP]&amp#27;[0m &amp#27;[90m&amp#27;[39m
&amp#27;[38;5;0m[HTTP]&amp#27;[0m &amp#27;[37m-->&amp#27;[39m &amp#27;[37mGET&amp#27;[39m &amp#27;[37m/session/702e746e-f803-4824-aa27-03cbfaa3c8f8/element/00000000-0000-0010-ffff-ffff000000ab/text&amp#27;[39m
&amp#27;[38;5;0m[HTTP]&amp#27;[0m &amp#27;[90m{}&amp#27;[39m
&amp#27;[38;5;32m[AndroidUiautomator2Driver@1cda (702e746e)]&amp#27;[0m Driver proxy active, passing request on via HTTP proxy
&amp#27;[38;5;32m[AndroidUiautomator2Driver@1cda (702e746e)]&amp#27;[0m Matched '/session/702e746e-f803-4824-aa27-03cbfaa3c8f8/element/00000000-0000-0010-ffff-ffff000000ab/text' to command name 'getText'
&amp#27;[38;5;32m[AndroidUiautomator2Driver@1cda (702e746e)]&amp#27;[0m Proxying [GET /session/702e746e-f803-4824-aa27-03cbfaa3c8f8/element/00000000-0000-0010-ffff-ffff000000ab/text] to [GET http://127.0.0.1:8200/session/2a92d35f-a802-4be3-9b00-3b12f97adc8c/element/00000000-0000-0010-ffff-ffff000000ab/text] with no body
&amp#27;[38;5;32m[AndroidUiautomator2Driver@1cda (702e746e)]&amp#27;[0m Got response with status 200: {"sessionId":"2a92d35f-a802-4be3-9b00-3b12f97adc8c","value":"$120.0"}
&amp#27;[38;5;32m[AndroidUiautomator2Driver@1cda (702e746e)]&amp#27;[0m Replacing sessionId 2a92d35f-a802-4be3-9b00-3b12f97adc8c with 702e746e-f803-4824-aa27-03cbfaa3c8f8
&amp#27;[38;5;0m[HTTP]&amp#27;[0m &amp#27;[37m<-- GET /session/702e746e-f803-4824-aa27-03cbfaa3c8f8/element/00000000-0000-0010-ffff-ffff000000ab/text &amp#27;[39m&amp#27;[32m200&amp#27;[39m &amp#27;[90m19 ms - 69&amp#27;[39m
&amp#27;[38;5;0m[HTTP]&amp#27;[0m &amp#27;[90m&amp#27;[39m
&amp#27;[38;5;0m[HTTP]&amp#27;[0m &amp#27;[37m-->&amp#27;[39m &amp#27;[37mGET&amp#27;[39m &amp#27;[37m/session/702e746e-f803-4824-aa27-03cbfaa3c8f8/context&amp#27;[39m
&amp#27;[38;5;0m[HTTP]&amp#27;[0m &amp#27;[90m{}&amp#27;[39m
&amp#27;[38;5;32m[AndroidUiautomator2Driver@1cda (702e746e)]&amp#27;[0m Calling AppiumDriver.getCurrentContext() with args: ["702e746e-f803-4824-aa27-03cbfaa3c8f8"]
&amp#27;[38;5;32m[AndroidUiautomator2Driver@1cda (702e746e)]&amp#27;[0m Responding to client with driver.getCurrentContext() result: "NATIVE_APP"
&amp#27;[38;5;0m[HTTP]&amp#27;[0m &amp#27;[37m<-- GET /session/702e746e-f803-4824-aa27-03cbfaa3c8f8/context &amp#27;[39m&amp#27;[32m200&amp#27;[39m &amp#27;[90m1 ms - 22&amp#27;[39m
&amp#27;[38;5;0m[HTTP]&amp#27;[0m &amp#27;[90m&amp#27;[39m
&amp#27;[38;5;0m[HTTP]&amp#27;[0m &amp#27;[37m-->&amp#27;[39m &amp#27;[37mPOST&amp#27;[39m &amp#27;[37m/session/702e746e-f803-4824-aa27-03cbfaa3c8f8/element&amp#27;[39m
&amp#27;[38;5;0m[HTTP]&amp#27;[0m &amp#27;[90m{"value":"com.androidsample.generalstore:id/termsButton","using":"id"}&amp#27;[39m
&amp#27;[38;5;32m[AndroidUiautomator2Driver@1cda (702e746e)]&amp#27;[0m Calling AppiumDriver.findElement() with args: ["id","com.androidsample.generalstore:id/termsButton","702e746e-f803-4824-aa27-03cbfaa3c8f8"]
&amp#27;[38;5;32m[AndroidUiautomator2Driver@1cda (702e746e)]&amp#27;[0m Valid locator strategies for this request: xpath, id, class name, accessibility id, css selector, -android uiautomator
&amp#27;[38;5;32m[AndroidUiautomator2Driver@1cda (702e746e)]&amp#27;[0m Waiting up to 10000 ms for condition
&amp#27;[38;5;32m[AndroidUiautomator2Driver@1cda (702e746e)]&amp#27;[0m Matched '/element' to command name 'findElement'
&amp#27;[38;5;32m[AndroidUiautomator2Driver@1cda (702e746e)]&amp#27;[0m Proxying [POST /element] to [POST http://127.0.0.1:8200/session/2a92d35f-a802-4be3-9b00-3b12f97adc8c/element] with body: {"strategy":"id","selector":"com.androidsample.generalstore:id/termsButton","context":"","multiple":false}
&amp#27;[38;5;32m[AndroidUiautomator2Driver@1cda (702e746e)]&amp#27;[0m Got response with status 200: {"sessionId":"2a92d35f-a802-4be3-9b00-3b12f97adc8c","value":{"ELEMENT":"00000000-0000-0010-ffff-ffff0000009a","element-6066-11e4-a52e-4f735466cecf":"00000000-0000-0010-ffff-ffff0000009a"}}
&amp#27;[38;5;32m[AndroidUiautomator2Driver@1cda (702e746e)]&amp#27;[0m Responding to client with driver.findElement() result: {"element-6066-11e4-a52e-4f735466cecf":"00000000-0000-0010-ffff-ffff0000009a","ELEMENT":"00000000-0000-0010-ffff-ffff0000009a"}
&amp#27;[38;5;0m[HTTP]&amp#27;[0m &amp#27;[37m<-- POST /session/702e746e-f803-4824-aa27-03cbfaa3c8f8/element &amp#27;[39m&amp#27;[32m200&amp#27;[39m &amp#27;[90m71 ms - 137&amp#27;[39m
&amp#27;[38;5;0m[HTTP]&amp#27;[0m &amp#27;[90m&amp#27;[39m
&amp#27;[38;5;0m[HTTP]&amp#27;[0m &amp#27;[37m-->&amp#27;[39m &amp#27;[37mPOST&amp#27;[39m &amp#27;[37m/session/702e746e-f803-4824-aa27-03cbfaa3c8f8/execute/sync&amp#27;[39m
&amp#27;[38;5;0m[HTTP]&amp#27;[0m &amp#27;[90m{"args":[{"elementId":"00000000-0000-0010-ffff-ffff0000009a","Duration":2000}],"script":"mobile: longClickGesture"}&amp#27;[39m
&amp#27;[38;5;32m[AndroidUiautomator2Driver@1cda (702e746e)]&amp#27;[0m Calling AppiumDriver.execute() with args: ["mobile: longClickGesture",[{"elementId":"00000000-0000-0010-ffff-ffff0000009a","Duration":2000}],"702e746e-f803-4824-aa27-03cbfaa3c8f8"]
&amp#27;[38;5;32m[AndroidUiautomator2Driver@1cda (702e746e)]&amp#27;[0m Executing method 'mobile: longClickGesture'
&amp#27;[38;5;32m[AndroidUiautomator2Driver@1cda (702e746e)]&amp#27;[0m Proxying [POST /appium/gestures/long_click] to [POST http://127.0.0.1:8200/session/2a92d35f-a802-4be3-9b00-3b12f97adc8c/appium/gestures/long_click] with body: {"origin":{"ELEMENT":"00000000-0000-0010-ffff-ffff0000009a","element-6066-11e4-a52e-4f735466cecf":"00000000-0000-0010-ffff-ffff0000009a"}}
&amp#27;[38;5;32m[AndroidUiautomator2Driver@1cda (702e746e)]&amp#27;[0m Got response with status 200: {"sessionId":"2a92d35f-a802-4be3-9b00-3b12f97adc8c","value":null}
&amp#27;[38;5;32m[AndroidUiautomator2Driver@1cda (702e746e)]&amp#27;[0m Responding to client with driver.execute() result: null
&amp#27;[38;5;0m[HTTP]&amp#27;[0m &amp#27;[37m<-- POST /session/702e746e-f803-4824-aa27-03cbfaa3c8f8/execute/sync &amp#27;[39m&amp#27;[32m200&amp#27;[39m &amp#27;[90m836 ms - 14&amp#27;[39m
&amp#27;[38;5;0m[HTTP]&amp#27;[0m &amp#27;[90m&amp#27;[39m
&amp#27;[38;5;0m[HTTP]&amp#27;[0m &amp#27;[37m-->&amp#27;[39m &amp#27;[37mGET&amp#27;[39m &amp#27;[37m/session/702e746e-f803-4824-aa27-03cbfaa3c8f8/context&amp#27;[39m
&amp#27;[38;5;0m[HTTP]&amp#27;[0m &amp#27;[90m{}&amp#27;[39m
&amp#27;[38;5;32m[AndroidUiautomator2Driver@1cda (702e746e)]&amp#27;[0m Calling AppiumDriver.getCurrentContext() with args: ["702e746e-f803-4824-aa27-03cbfaa3c8f8"]
&amp#27;[38;5;32m[AndroidUiautomator2Driver@1cda (702e746e)]&amp#27;[0m Responding to client with driver.getCurrentContext() result: "NATIVE_APP"
&amp#27;[38;5;0m[HTTP]&amp#27;[0m &amp#27;[37m<-- GET /session/702e746e-f803-4824-aa27-03cbfaa3c8f8/context &amp#27;[39m&amp#27;[32m200&amp#27;[39m &amp#27;[90m3 ms - 22&amp#27;[39m
&amp#27;[38;5;0m[HTTP]&amp#27;[0m &amp#27;[90m&amp#27;[39m
&amp#27;[38;5;0m[HTTP]&amp#27;[0m &amp#27;[37m-->&amp#27;[39m &amp#27;[37mPOST&amp#27;[39m &amp#27;[37m/session/702e746e-f803-4824-aa27-03cbfaa3c8f8/element&amp#27;[39m
&amp#27;[38;5;0m[HTTP]&amp#27;[0m &amp#27;[90m{"value":"android:id/button1","using":"id"}&amp#27;[39m
&amp#27;[38;5;32m[AndroidUiautomator2Driver@1cda (702e746e)]&amp#27;[0m Calling AppiumDriver.findElement() with args: ["id","android:id/button1","702e746e-f803-4824-aa27-03cbfaa3c8f8"]
&amp#27;[38;5;32m[AndroidUiautomator2Driver@1cda (702e746e)]&amp#27;[0m Valid locator strategies for this request: xpath, id, class name, accessibility id, css selector, -android uiautomator
&amp#27;[38;5;32m[AndroidUiautomator2Driver@1cda (702e746e)]&amp#27;[0m Waiting up to 10000 ms for condition
&amp#27;[38;5;32m[AndroidUiautomator2Driver@1cda (702e746e)]&amp#27;[0m Matched '/element' to command name 'findElement'
&amp#27;[38;5;32m[AndroidUiautomator2Driver@1cda (702e746e)]&amp#27;[0m Proxying [POST /element] to [POST http://127.0.0.1:8200/session/2a92d35f-a802-4be3-9b00-3b12f97adc8c/element] with body: {"strategy":"id","selector":"android:id/button1","context":"","multiple":false}
&amp#27;[38;5;32m[AndroidUiautomator2Driver@1cda (702e746e)]&amp#27;[0m Got response with status 200: {"sessionId":"2a92d35f-a802-4be3-9b00-3b12f97adc8c","value":{"ELEMENT":"00000000-0000-0011-ffff-ffff000000c6","element-6066-11e4-a52e-4f735466cecf":"00000000-0000-0011-ffff-ffff000000c6"}}
&amp#27;[38;5;32m[AndroidUiautomator2Driver@1cda (702e746e)]&amp#27;[0m Responding to client with driver.findElement() result: {"element-6066-11e4-a52e-4f735466cecf":"00000000-0000-0011-ffff-ffff000000c6","ELEMENT":"00000000-0000-0011-ffff-ffff000000c6"}
&amp#27;[38;5;0m[HTTP]&amp#27;[0m &amp#27;[37m<-- POST /session/702e746e-f803-4824-aa27-03cbfaa3c8f8/element &amp#27;[39m&amp#27;[32m200&amp#27;[39m &amp#27;[90m406 ms - 137&amp#27;[39m
&amp#27;[38;5;0m[HTTP]&amp#27;[0m &amp#27;[90m&amp#27;[39m
&amp#27;[38;5;0m[HTTP]&amp#27;[0m &amp#27;[37m-->&amp#27;[39m &amp#27;[37mPOST&amp#27;[39m &amp#27;[37m/session/702e746e-f803-4824-aa27-03cbfaa3c8f8/element/00000000-0000-0011-ffff-ffff000000c6/click&amp#27;[39m
&amp#27;[38;5;0m[HTTP]&amp#27;[0m &amp#27;[90m{"id":"00000000-0000-0011-ffff-ffff000000c6"}&amp#27;[39m
&amp#27;[38;5;32m[AndroidUiautomator2Driver@1cda (702e746e)]&amp#27;[0m Calling AppiumDriver.click() with args: ["00000000-0000-0011-ffff-ffff000000c6","702e746e-f803-4824-aa27-03cbfaa3c8f8"]
&amp#27;[38;5;32m[AndroidUiautomator2Driver@1cda (702e746e)]&amp#27;[0m Matched '/element/00000000-0000-0011-ffff-ffff000000c6/click' to command name 'click'
&amp#27;[38;5;32m[AndroidUiautomator2Driver@1cda (702e746e)]&amp#27;[0m Proxying [POST /element/00000000-0000-0011-ffff-ffff000000c6/click] to [POST http://127.0.0.1:8200/session/2a92d35f-a802-4be3-9b00-3b12f97adc8c/element/00000000-0000-0011-ffff-ffff000000c6/click] with body: {"element":"00000000-0000-0011-ffff-ffff000000c6"}
&amp#27;[38;5;32m[AndroidUiautomator2Driver@1cda (702e746e)]&amp#27;[0m Got response with status 200: {"sessionId":"2a92d35f-a802-4be3-9b00-3b12f97adc8c","value":null}
&amp#27;[38;5;32m[AndroidUiautomator2Driver@1cda (702e746e)]&amp#27;[0m Responding to client with driver.click() result: null
&amp#27;[38;5;0m[HTTP]&amp#27;[0m &amp#27;[37m<-- POST /session/702e746e-f803-4824-aa27-03cbfaa3c8f8/element/00000000-0000-0011-ffff-ffff000000c6/click &amp#27;[39m&amp#27;[32m200&amp#27;[39m &amp#27;[90m80 ms - 14&amp#27;[39m
&amp#27;[38;5;0m[HTTP]&amp#27;[0m &amp#27;[90m&amp#27;[39m
&amp#27;[38;5;0m[HTTP]&amp#27;[0m &amp#27;[37m-->&amp#27;[39m &amp#27;[37mGET&amp#27;[39m &amp#27;[37m/session/702e746e-f803-4824-aa27-03cbfaa3c8f8/context&amp#27;[39m
&amp#27;[38;5;0m[HTTP]&amp#27;[0m &amp#27;[90m{}&amp#27;[39m
&amp#27;[38;5;32m[AndroidUiautomator2Driver@1cda (702e746e)]&amp#27;[0m Calling AppiumDriver.getCurrentContext() with args: ["702e746e-f803-4824-aa27-03cbfaa3c8f8"]
&amp#27;[38;5;32m[AndroidUiautomator2Driver@1cda (702e746e)]&amp#27;[0m Responding to client with driver.getCurrentContext() result: "NATIVE_APP"
&amp#27;[38;5;0m[HTTP]&amp#27;[0m &amp#27;[37m<-- GET /session/702e746e-f803-4824-aa27-03cbfaa3c8f8/context &amp#27;[39m&amp#27;[32m200&amp#27;[39m &amp#27;[90m1 ms - 22&amp#27;[39m
&amp#27;[38;5;0m[HTTP]&amp#27;[0m &amp#27;[90m&amp#27;[39m
&amp#27;[38;5;0m[HTTP]&amp#27;[0m &amp#27;[37m-->&amp#27;[39m &amp#27;[37mPOST&amp#27;[39m &amp#27;[37m/session/702e746e-f803-4824-aa27-03cbfaa3c8f8/element&amp#27;[39m
&amp#27;[38;5;0m[HTTP]&amp#27;[0m &amp#27;[90m{"value":"android.widget.CheckBox","using":"class name"}&amp#27;[39m
&amp#27;[38;5;32m[AndroidUiautomator2Driver@1cda (702e746e)]&amp#27;[0m Calling AppiumDriver.findElement() with args: ["class name","android.widget.CheckBox","702e746e-f803-4824-aa27-03cbfaa3c8f8"]
&amp#27;[38;5;32m[AndroidUiautomator2Driver@1cda (702e746e)]&amp#27;[0m Valid locator strategies for this request: xpath, id, class name, accessibility id, css selector, -android uiautomator
&amp#27;[38;5;32m[AndroidUiautomator2Driver@1cda (702e746e)]&amp#27;[0m Waiting up to 10000 ms for condition
&amp#27;[38;5;32m[AndroidUiautomator2Driver@1cda (702e746e)]&amp#27;[0m Matched '/element' to command name 'findElement'
&amp#27;[38;5;32m[AndroidUiautomator2Driver@1cda (702e746e)]&amp#27;[0m Proxying [POST /element] to [POST http://127.0.0.1:8200/session/2a92d35f-a802-4be3-9b00-3b12f97adc8c/element] with body: {"strategy":"class name","selector":"android.widget.CheckBox","context":"","multiple":false}
&amp#27;[38;5;32m[AndroidUiautomator2Driver@1cda (702e746e)]&amp#27;[0m Got response with status 200: {"sessionId":"2a92d35f-a802-4be3-9b00-3b12f97adc8c","value":{"ELEMENT":"00000000-0000-0010-ffff-ffff00000098","element-6066-11e4-a52e-4f735466cecf":"00000000-0000-0010-ffff-ffff00000098"}}
&amp#27;[38;5;32m[AndroidUiautomator2Driver@1cda (702e746e)]&amp#27;[0m Responding to client with driver.findElement() result: {"element-6066-11e4-a52e-4f735466cecf":"00000000-0000-0010-ffff-ffff00000098","ELEMENT":"00000000-0000-0010-ffff-ffff00000098"}
&amp#27;[38;5;0m[HTTP]&amp#27;[0m &amp#27;[37m<-- POST /session/702e746e-f803-4824-aa27-03cbfaa3c8f8/element &amp#27;[39m&amp#27;[32m200&amp#27;[39m &amp#27;[90m330 ms - 137&amp#27;[39m
&amp#27;[38;5;0m[HTTP]&amp#27;[0m &amp#27;[90m&amp#27;[39m
&amp#27;[38;5;0m[HTTP]&amp#27;[0m &amp#27;[37m-->&amp#27;[39m &amp#27;[37mPOST&amp#27;[39m &amp#27;[37m/session/702e746e-f803-4824-aa27-03cbfaa3c8f8/element/00000000-0000-0010-ffff-ffff00000098/click&amp#27;[39m
&amp#27;[38;5;0m[HTTP]&amp#27;[0m &amp#27;[90m{"id":"00000000-0000-0010-ffff-ffff00000098"}&amp#27;[39m
&amp#27;[38;5;32m[AndroidUiautomator2Driver@1cda (702e746e)]&amp#27;[0m Calling AppiumDriver.click() with args: ["00000000-0000-0010-ffff-ffff00000098","702e746e-f803-4824-aa27-03cbfaa3c8f8"]
&amp#27;[38;5;32m[AndroidUiautomator2Driver@1cda (702e746e)]&amp#27;[0m Matched '/element/00000000-0000-0010-ffff-ffff00000098/click' to command name 'click'
&amp#27;[38;5;32m[AndroidUiautomator2Driver@1cda (702e746e)]&amp#27;[0m Proxying [POST /element/00000000-0000-0010-ffff-ffff00000098/click] to [POST http://127.0.0.1:8200/session/2a92d35f-a802-4be3-9b00-3b12f97adc8c/element/00000000-0000-0010-ffff-ffff00000098/click] with body: {"element":"00000000-0000-0010-ffff-ffff00000098"}
&amp#27;[38;5;32m[AndroidUiautomator2Driver@1cda (702e746e)]&amp#27;[0m Got response with status 200: {"sessionId":"2a92d35f-a802-4be3-9b00-3b12f97adc8c","value":null}
&amp#27;[38;5;32m[AndroidUiautomator2Driver@1cda (702e746e)]&amp#27;[0m Responding to client with driver.click() result: null
&amp#27;[38;5;0m[HTTP]&amp#27;[0m &amp#27;[37m<-- POST /session/702e746e-f803-4824-aa27-03cbfaa3c8f8/element/00000000-0000-0010-ffff-ffff00000098/click &amp#27;[39m&amp#27;[32m200&amp#27;[39m &amp#27;[90m338 ms - 14&amp#27;[39m
&amp#27;[38;5;0m[HTTP]&amp#27;[0m &amp#27;[90m&amp#27;[39m
&amp#27;[38;5;0m[HTTP]&amp#27;[0m &amp#27;[37m-->&amp#27;[39m &amp#27;[37mGET&amp#27;[39m &amp#27;[37m/session/702e746e-f803-4824-aa27-03cbfaa3c8f8/context&amp#27;[39m
&amp#27;[38;5;0m[HTTP]&amp#27;[0m &amp#27;[90m{}&amp#27;[39m
&amp#27;[38;5;32m[AndroidUiautomator2Driver@1cda (702e746e)]&amp#27;[0m Calling AppiumDriver.getCurrentContext() with args: ["702e746e-f803-4824-aa27-03cbfaa3c8f8"]
&amp#27;[38;5;32m[AndroidUiautomator2Driver@1cda (702e746e)]&amp#27;[0m Responding to client with driver.getCurrentContext() result: "NATIVE_APP"
&amp#27;[38;5;0m[HTTP]&amp#27;[0m &amp#27;[37m<-- GET /session/702e746e-f803-4824-aa27-03cbfaa3c8f8/context &amp#27;[39m&amp#27;[32m200&amp#27;[39m &amp#27;[90m1 ms - 22&amp#27;[39m
&amp#27;[38;5;0m[HTTP]&amp#27;[0m &amp#27;[90m&amp#27;[39m
&amp#27;[38;5;0m[HTTP]&amp#27;[0m &amp#27;[37m-->&amp#27;[39m &amp#27;[37mPOST&amp#27;[39m &amp#27;[37m/session/702e746e-f803-4824-aa27-03cbfaa3c8f8/element&amp#27;[39m
&amp#27;[38;5;0m[HTTP]&amp#27;[0m &amp#27;[90m{"value":"com.androidsample.generalstore:id/btnProceed","using":"id"}&amp#27;[39m
&amp#27;[38;5;32m[AndroidUiautomator2Driver@1cda (702e746e)]&amp#27;[0m Calling AppiumDriver.findElement() with args: ["id","com.androidsample.generalstore:id/btnProceed","702e746e-f803-4824-aa27-03cbfaa3c8f8"]
&amp#27;[38;5;32m[AndroidUiautomator2Driver@1cda (702e746e)]&amp#27;[0m Valid locator strategies for this request: xpath, id, class name, accessibility id, css selector, -android uiautomator
&amp#27;[38;5;32m[AndroidUiautomator2Driver@1cda (702e746e)]&amp#27;[0m Waiting up to 10000 ms for condition
&amp#27;[38;5;32m[AndroidUiautomator2Driver@1cda (702e746e)]&amp#27;[0m Matched '/element' to command name 'findElement'
&amp#27;[38;5;32m[AndroidUiautomator2Driver@1cda (702e746e)]&amp#27;[0m Proxying [POST /element] to [POST http://127.0.0.1:8200/session/2a92d35f-a802-4be3-9b00-3b12f97adc8c/element] with body: {"strategy":"id","selector":"com.androidsample.generalstore:id/btnProceed","context":"","multiple":false}
&amp#27;[38;5;32m[AndroidUiautomator2Driver@1cda (702e746e)]&amp#27;[0m Got response with status 200: {"sessionId":"2a92d35f-a802-4be3-9b00-3b12f97adc8c","value":{"ELEMENT":"00000000-0000-0010-ffff-ffff00000099","element-6066-11e4-a52e-4f735466cecf":"00000000-0000-0010-ffff-ffff00000099"}}
&amp#27;[38;5;32m[AndroidUiautomator2Driver@1cda (702e746e)]&amp#27;[0m Responding to client with driver.findElement() result: {"element-6066-11e4-a52e-4f735466cecf":"00000000-0000-0010-ffff-ffff00000099","ELEMENT":"00000000-0000-0010-ffff-ffff00000099"}
&amp#27;[38;5;0m[HTTP]&amp#27;[0m &amp#27;[37m<-- POST /session/702e746e-f803-4824-aa27-03cbfaa3c8f8/element &amp#27;[39m&amp#27;[32m200&amp#27;[39m &amp#27;[90m679 ms - 137&amp#27;[39m
&amp#27;[38;5;0m[HTTP]&amp#27;[0m &amp#27;[90m&amp#27;[39m
&amp#27;[38;5;0m[HTTP]&amp#27;[0m &amp#27;[37m-->&amp#27;[39m &amp#27;[37mPOST&amp#27;[39m &amp#27;[37m/session/702e746e-f803-4824-aa27-03cbfaa3c8f8/element/00000000-0000-0010-ffff-ffff00000099/click&amp#27;[39m
&amp#27;[38;5;0m[HTTP]&amp#27;[0m &amp#27;[90m{"id":"00000000-0000-0010-ffff-ffff00000099"}&amp#27;[39m
&amp#27;[38;5;32m[AndroidUiautomator2Driver@1cda (702e746e)]&amp#27;[0m Calling AppiumDriver.click() with args: ["00000000-0000-0010-ffff-ffff00000099","702e746e-f803-4824-aa27-03cbfaa3c8f8"]
&amp#27;[38;5;32m[AndroidUiautomator2Driver@1cda (702e746e)]&amp#27;[0m Matched '/element/00000000-0000-0010-ffff-ffff00000099/click' to command name 'click'
&amp#27;[38;5;32m[AndroidUiautomator2Driver@1cda (702e746e)]&amp#27;[0m Proxying [POST /element/00000000-0000-0010-ffff-ffff00000099/click] to [POST http://127.0.0.1:8200/session/2a92d35f-a802-4be3-9b00-3b12f97adc8c/element/00000000-0000-0010-ffff-ffff00000099/click] with body: {"element":"00000000-0000-0010-ffff-ffff00000099"}
&amp#27;[38;5;32m[AndroidUiautomator2Driver@1cda (702e746e)]&amp#27;[0m Got response with status 200: {"sessionId":"2a92d35f-a802-4be3-9b00-3b12f97adc8c","value":null}
&amp#27;[38;5;32m[AndroidUiautomator2Driver@1cda (702e746e)]&amp#27;[0m Responding to client with driver.click() result: null
&amp#27;[38;5;0m[HTTP]&amp#27;[0m &amp#27;[37m<-- POST /session/702e746e-f803-4824-aa27-03cbfaa3c8f8/element/00000000-0000-0010-ffff-ffff00000099/click &amp#27;[39m&amp#27;[32m200&amp#27;[39m &amp#27;[90m98 ms - 14&amp#27;[39m
&amp#27;[38;5;0m[HTTP]&amp#27;[0m &amp#27;[90m&amp#27;[39m
]]></system-out>
    <system-err><![CDATA[SLF4J(W): Class path contains multiple SLF4J providers.
SLF4J(W): Found provider [org.slf4j.simple.SimpleServiceProvider@475530b9]
SLF4J(W): Found provider [org.slf4j.nop.NOPServiceProvider@1d057a39]
SLF4J(W): Found provider [ch.qos.logback.classic.spi.LogbackServiceProvider@26be92ad]
SLF4J(W): See https://www.slf4j.org/codes.html#multiple_bindings for an explanation.
SLF4J(I): Actual provider is of type [org.slf4j.simple.SimpleServiceProvider@475530b9]
]]></system-err>
  </testcase>
  <testcase name="E2ETestApplication[Rriti Chel, Argentina](2)" classname="org.joyacademy.Testcases01" time="39.576">
    <system-out><![CDATA[&amp#27;[38;5;0m[HTTP]&amp#27;[0m &amp#27;[37m-->&amp#27;[39m &amp#27;[37mPOST&amp#27;[39m &amp#27;[37m/session/702e746e-f803-4824-aa27-03cbfaa3c8f8/execute/sync&amp#27;[39m
&amp#27;[38;5;0m[HTTP]&amp#27;[0m &amp#27;[90m{"args":[{"intent":"com.androidsample.generalstore/com.androidsample.generalstore.MainActivity"}],"script":"mobile:startActivity"}&amp#27;[39m
&amp#27;[38;5;32m[AndroidUiautomator2Driver@1cda (702e746e)]&amp#27;[0m Calling AppiumDriver.execute() with args: ["mobile:startActivity",[{"intent":"com.androidsample.generalstore/com.androidsample.generalstore.MainActivity"}],"702e746e-f803-4824-aa27-03cbfaa3c8f8"]
&amp#27;[38;5;32m[AndroidUiautomator2Driver@1cda (702e746e)]&amp#27;[0m Executing method 'mobile: startActivity'
&amp#27;[38;5;48m[ADB]&amp#27;[0m Running 'C:\Users\joych\AppData\Local\Android\Sdk\platform-tools\adb.exe -P 5037 -s emulator-5554 shell am start-activity com.androidsample.generalstore/com.androidsample.generalstore.MainActivity'
&amp#27;[38;5;32m[AndroidUiautomator2Driver@1cda (702e746e)]&amp#27;[0m Responding to client with driver.execute() result: "Starting: Intent { act=android.intent.action.MAIN cat=[android.intent.category.LAUNCHER] cmp=com.androidsample.generalstore/.MainActivity }"
&amp#27;[38;5;0m[HTTP]&amp#27;[0m &amp#27;[37m<-- POST /session/702e746e-f803-4824-aa27-03cbfaa3c8f8/execute/sync &amp#27;[39m&amp#27;[32m200&amp#27;[39m &amp#27;[90m72 ms - 151&amp#27;[39m
&amp#27;[38;5;0m[HTTP]&amp#27;[0m &amp#27;[90m&amp#27;[39m
&amp#27;[38;5;0m[HTTP]&amp#27;[0m &amp#27;[37m-->&amp#27;[39m &amp#27;[37mGET&amp#27;[39m &amp#27;[37m/session/702e746e-f803-4824-aa27-03cbfaa3c8f8/context&amp#27;[39m
&amp#27;[38;5;0m[HTTP]&amp#27;[0m &amp#27;[90m{}&amp#27;[39m
&amp#27;[38;5;32m[AndroidUiautomator2Driver@1cda (702e746e)]&amp#27;[0m Calling AppiumDriver.getCurrentContext() with args: ["702e746e-f803-4824-aa27-03cbfaa3c8f8"]
&amp#27;[38;5;32m[AndroidUiautomator2Driver@1cda (702e746e)]&amp#27;[0m Responding to client with driver.getCurrentContext() result: "NATIVE_APP"
&amp#27;[38;5;0m[HTTP]&amp#27;[0m &amp#27;[37m<-- GET /session/702e746e-f803-4824-aa27-03cbfaa3c8f8/context &amp#27;[39m&amp#27;[32m200&amp#27;[39m &amp#27;[90m1 ms - 22&amp#27;[39m
&amp#27;[38;5;0m[HTTP]&amp#27;[0m &amp#27;[90m&amp#27;[39m
&amp#27;[38;5;0m[HTTP]&amp#27;[0m &amp#27;[37m-->&amp#27;[39m &amp#27;[37mPOST&amp#27;[39m &amp#27;[37m/session/702e746e-f803-4824-aa27-03cbfaa3c8f8/element&amp#27;[39m
&amp#27;[38;5;0m[HTTP]&amp#27;[0m &amp#27;[90m{"value":"com.androidsample.generalstore:id/nameField","using":"id"}&amp#27;[39m
&amp#27;[38;5;32m[AndroidUiautomator2Driver@1cda (702e746e)]&amp#27;[0m Calling AppiumDriver.findElement() with args: ["id","com.androidsample.generalstore:id/nameField","702e746e-f803-4824-aa27-03cbfaa3c8f8"]
&amp#27;[38;5;32m[AndroidUiautomator2Driver@1cda (702e746e)]&amp#27;[0m Valid locator strategies for this request: xpath, id, class name, accessibility id, css selector, -android uiautomator
&amp#27;[38;5;32m[AndroidUiautomator2Driver@1cda (702e746e)]&amp#27;[0m Waiting up to 10000 ms for condition
&amp#27;[38;5;32m[AndroidUiautomator2Driver@1cda (702e746e)]&amp#27;[0m Matched '/element' to command name 'findElement'
&amp#27;[38;5;32m[AndroidUiautomator2Driver@1cda (702e746e)]&amp#27;[0m Proxying [POST /element] to [POST http://127.0.0.1:8200/session/2a92d35f-a802-4be3-9b00-3b12f97adc8c/element] with body: {"strategy":"id","selector":"com.androidsample.generalstore:id/nameField","context":"","multiple":false}
&amp#27;[38;5;32m[AndroidUiautomator2Driver@1cda (702e746e)]&amp#27;[0m Got response with status 200: {"sessionId":"2a92d35f-a802-4be3-9b00-3b12f97adc8c","value":{"ELEMENT":"00000000-0000-0013-ffff-ffff000000e7","element-6066-11e4-a52e-4f735466cecf":"00000000-0000-0013-ffff-ffff000000e7"}}
&amp#27;[38;5;32m[AndroidUiautomator2Driver@1cda (702e746e)]&amp#27;[0m Responding to client with driver.findElement() result: {"element-6066-11e4-a52e-4f735466cecf":"00000000-0000-0013-ffff-ffff000000e7","ELEMENT":"00000000-0000-0013-ffff-ffff000000e7"}
&amp#27;[38;5;0m[HTTP]&amp#27;[0m &amp#27;[37m<-- POST /session/702e746e-f803-4824-aa27-03cbfaa3c8f8/element &amp#27;[39m&amp#27;[32m200&amp#27;[39m &amp#27;[90m43 ms - 137&amp#27;[39m
&amp#27;[38;5;0m[HTTP]&amp#27;[0m &amp#27;[90m&amp#27;[39m
&amp#27;[38;5;0m[HTTP]&amp#27;[0m &amp#27;[37m-->&amp#27;[39m &amp#27;[37mPOST&amp#27;[39m &amp#27;[37m/session/702e746e-f803-4824-aa27-03cbfaa3c8f8/element/00000000-0000-0013-ffff-ffff000000e7/value&amp#27;[39m
&amp#27;[38;5;0m[HTTP]&amp#27;[0m &amp#27;[90m{"text":"Rriti Chel","value":["R","r","i","t","i"," ","C","h","e","l"],"id":"00000000-0000-0013-ffff-ffff000000e7"}&amp#27;[39m
&amp#27;[38;5;32m[AndroidUiautomator2Driver@1cda (702e746e)]&amp#27;[0m Calling AppiumDriver.setValue() with args: [["R","r","i","t","i"," ","C","h","e","l"],"00000000-0000-0013-ffff-ffff000000e7","702e746e-f803-4824-aa27-03cbfaa3c8f8"]
&amp#27;[38;5;32m[AndroidUiautomator2Driver@1cda (702e746e)]&amp#27;[0m Matched '/element/00000000-0000-0013-ffff-ffff000000e7/value' to command name 'setValue'
&amp#27;[38;5;32m[AndroidUiautomator2Driver@1cda (702e746e)]&amp#27;[0m Added 'value' property ["R","r","i","t","i"," ","C","h","e","l"] to 'setValue' request body
&amp#27;[38;5;32m[AndroidUiautomator2Driver@1cda (702e746e)]&amp#27;[0m Proxying [POST /element/00000000-0000-0013-ffff-ffff000000e7/value] to [POST http://127.0.0.1:8200/session/2a92d35f-a802-4be3-9b00-3b12f97adc8c/element/00000000-0000-0013-ffff-ffff000000e7/value] with body: {"elementId":"00000000-0000-0013-ffff-ffff000000e7","text":"Rriti Chel","replace":false,"value":["R","r","i","t","i"," ","C","h","e","l"]}
&amp#27;[38;5;32m[AndroidUiautomator2Driver@1cda (702e746e)]&amp#27;[0m Got response with status 200: {"sessionId":"2a92d35f-a802-4be3-9b00-3b12f97adc8c","value":null}
&amp#27;[38;5;32m[AndroidUiautomator2Driver@1cda (702e746e)]&amp#27;[0m Responding to client with driver.setValue() result: null
&amp#27;[38;5;0m[HTTP]&amp#27;[0m &amp#27;[37m<-- POST /session/702e746e-f803-4824-aa27-03cbfaa3c8f8/element/00000000-0000-0013-ffff-ffff000000e7/value &amp#27;[39m&amp#27;[32m200&amp#27;[39m &amp#27;[90m557 ms - 14&amp#27;[39m
&amp#27;[38;5;0m[HTTP]&amp#27;[0m &amp#27;[90m&amp#27;[39m
&amp#27;[38;5;0m[HTTP]&amp#27;[0m &amp#27;[37m-->&amp#27;[39m &amp#27;[37mPOST&amp#27;[39m &amp#27;[37m/session/702e746e-f803-4824-aa27-03cbfaa3c8f8/execute/sync&amp#27;[39m
&amp#27;[38;5;0m[HTTP]&amp#27;[0m &amp#27;[90m{"args":[],"script":"mobile: hideKeyboard"}&amp#27;[39m
&amp#27;[38;5;32m[AndroidUiautomator2Driver@1cda (702e746e)]&amp#27;[0m Calling AppiumDriver.execute() with args: ["mobile: hideKeyboard",[],"702e746e-f803-4824-aa27-03cbfaa3c8f8"]
&amp#27;[38;5;32m[AndroidUiautomator2Driver@1cda (702e746e)]&amp#27;[0m Executing method 'mobile: hideKeyboard'
&amp#27;[38;5;48m[ADB]&amp#27;[0m Running 'C:\Users\joych\AppData\Local\Android\Sdk\platform-tools\adb.exe -P 5037 -s emulator-5554 shell dumpsys input_method'
&amp#27;[38;5;48m[ADB]&amp#27;[0m Keyboard has no UI; no closing necessary
&amp#27;[38;5;32m[AndroidUiautomator2Driver@1cda (702e746e)]&amp#27;[0m Responding to client with driver.execute() result: false
&amp#27;[38;5;0m[HTTP]&amp#27;[0m &amp#27;[37m<-- POST /session/702e746e-f803-4824-aa27-03cbfaa3c8f8/execute/sync &amp#27;[39m&amp#27;[32m200&amp#27;[39m &amp#27;[90m284 ms - 15&amp#27;[39m
&amp#27;[38;5;0m[HTTP]&amp#27;[0m &amp#27;[90m&amp#27;[39m
&amp#27;[38;5;0m[HTTP]&amp#27;[0m &amp#27;[37m-->&amp#27;[39m &amp#27;[37mGET&amp#27;[39m &amp#27;[37m/session/702e746e-f803-4824-aa27-03cbfaa3c8f8/context&amp#27;[39m
&amp#27;[38;5;0m[HTTP]&amp#27;[0m &amp#27;[90m{}&amp#27;[39m
&amp#27;[38;5;32m[AndroidUiautomator2Driver@1cda (702e746e)]&amp#27;[0m Calling AppiumDriver.getCurrentContext() with args: ["702e746e-f803-4824-aa27-03cbfaa3c8f8"]
&amp#27;[38;5;32m[AndroidUiautomator2Driver@1cda (702e746e)]&amp#27;[0m Responding to client with driver.getCurrentContext() result: "NATIVE_APP"
&amp#27;[38;5;0m[HTTP]&amp#27;[0m &amp#27;[37m<-- GET /session/702e746e-f803-4824-aa27-03cbfaa3c8f8/context &amp#27;[39m&amp#27;[32m200&amp#27;[39m &amp#27;[90m1 ms - 22&amp#27;[39m
&amp#27;[38;5;0m[HTTP]&amp#27;[0m &amp#27;[90m&amp#27;[39m
&amp#27;[38;5;0m[HTTP]&amp#27;[0m &amp#27;[37m-->&amp#27;[39m &amp#27;[37mPOST&amp#27;[39m &amp#27;[37m/session/702e746e-f803-4824-aa27-03cbfaa3c8f8/element&amp#27;[39m
&amp#27;[38;5;0m[HTTP]&amp#27;[0m &amp#27;[90m{"value":"com.androidsample.generalstore:id/radioFemale","using":"id"}&amp#27;[39m
&amp#27;[38;5;32m[AndroidUiautomator2Driver@1cda (702e746e)]&amp#27;[0m Calling AppiumDriver.findElement() with args: ["id","com.androidsample.generalstore:id/radioFemale","702e746e-f803-4824-aa27-03cbfaa3c8f8"]
&amp#27;[38;5;32m[AndroidUiautomator2Driver@1cda (702e746e)]&amp#27;[0m Valid locator strategies for this request: xpath, id, class name, accessibility id, css selector, -android uiautomator
&amp#27;[38;5;32m[AndroidUiautomator2Driver@1cda (702e746e)]&amp#27;[0m Waiting up to 10000 ms for condition
&amp#27;[38;5;32m[AndroidUiautomator2Driver@1cda (702e746e)]&amp#27;[0m Matched '/element' to command name 'findElement'
&amp#27;[38;5;32m[AndroidUiautomator2Driver@1cda (702e746e)]&amp#27;[0m Proxying [POST /element] to [POST http://127.0.0.1:8200/session/2a92d35f-a802-4be3-9b00-3b12f97adc8c/element] with body: {"strategy":"id","selector":"com.androidsample.generalstore:id/radioFemale","context":"","multiple":false}
&amp#27;[38;5;32m[AndroidUiautomator2Driver@1cda (702e746e)]&amp#27;[0m Got response with status 200: {"sessionId":"2a92d35f-a802-4be3-9b00-3b12f97adc8c","value":{"ELEMENT":"00000000-0000-0013-ffff-ffff000000eb","element-6066-11e4-a52e-4f735466cecf":"00000000-0000-0013-ffff-ffff000000eb"}}
&amp#27;[38;5;32m[AndroidUiautomator2Driver@1cda (702e746e)]&amp#27;[0m Responding to client with driver.findElement() result: {"element-6066-11e4-a52e-4f735466cecf":"00000000-0000-0013-ffff-ffff000000eb","ELEMENT":"00000000-0000-0013-ffff-ffff000000eb"}
&amp#27;[38;5;0m[HTTP]&amp#27;[0m &amp#27;[37m<-- POST /session/702e746e-f803-4824-aa27-03cbfaa3c8f8/element &amp#27;[39m&amp#27;[32m200&amp#27;[39m &amp#27;[90m47 ms - 137&amp#27;[39m
&amp#27;[38;5;0m[HTTP]&amp#27;[0m &amp#27;[90m&amp#27;[39m
&amp#27;[38;5;0m[HTTP]&amp#27;[0m &amp#27;[37m-->&amp#27;[39m &amp#27;[37mPOST&amp#27;[39m &amp#27;[37m/session/702e746e-f803-4824-aa27-03cbfaa3c8f8/element/00000000-0000-0013-ffff-ffff000000eb/click&amp#27;[39m
&amp#27;[38;5;0m[HTTP]&amp#27;[0m &amp#27;[90m{"id":"00000000-0000-0013-ffff-ffff000000eb"}&amp#27;[39m
&amp#27;[38;5;32m[AndroidUiautomator2Driver@1cda (702e746e)]&amp#27;[0m Calling AppiumDriver.click() with args: ["00000000-0000-0013-ffff-ffff000000eb","702e746e-f803-4824-aa27-03cbfaa3c8f8"]
&amp#27;[38;5;32m[AndroidUiautomator2Driver@1cda (702e746e)]&amp#27;[0m Matched '/element/00000000-0000-0013-ffff-ffff000000eb/click' to command name 'click'
&amp#27;[38;5;32m[AndroidUiautomator2Driver@1cda (702e746e)]&amp#27;[0m Proxying [POST /element/00000000-0000-0013-ffff-ffff000000eb/click] to [POST http://127.0.0.1:8200/session/2a92d35f-a802-4be3-9b00-3b12f97adc8c/element/00000000-0000-0013-ffff-ffff000000eb/click] with body: {"element":"00000000-0000-0013-ffff-ffff000000eb"}
&amp#27;[38;5;32m[AndroidUiautomator2Driver@1cda (702e746e)]&amp#27;[0m Got response with status 200: {"sessionId":"2a92d35f-a802-4be3-9b00-3b12f97adc8c","value":null}
&amp#27;[38;5;32m[AndroidUiautomator2Driver@1cda (702e746e)]&amp#27;[0m Responding to client with driver.click() result: null
&amp#27;[38;5;0m[HTTP]&amp#27;[0m &amp#27;[37m<-- POST /session/702e746e-f803-4824-aa27-03cbfaa3c8f8/element/00000000-0000-0013-ffff-ffff000000eb/click &amp#27;[39m&amp#27;[32m200&amp#27;[39m &amp#27;[90m76 ms - 14&amp#27;[39m
&amp#27;[38;5;0m[HTTP]&amp#27;[0m &amp#27;[90m&amp#27;[39m
&amp#27;[38;5;0m[HTTP]&amp#27;[0m &amp#27;[37m-->&amp#27;[39m &amp#27;[37mGET&amp#27;[39m &amp#27;[37m/session/702e746e-f803-4824-aa27-03cbfaa3c8f8/context&amp#27;[39m
&amp#27;[38;5;0m[HTTP]&amp#27;[0m &amp#27;[90m{}&amp#27;[39m
&amp#27;[38;5;32m[AndroidUiautomator2Driver@1cda (702e746e)]&amp#27;[0m Calling AppiumDriver.getCurrentContext() with args: ["702e746e-f803-4824-aa27-03cbfaa3c8f8"]
&amp#27;[38;5;32m[AndroidUiautomator2Driver@1cda (702e746e)]&amp#27;[0m Responding to client with driver.getCurrentContext() result: "NATIVE_APP"
&amp#27;[38;5;0m[HTTP]&amp#27;[0m &amp#27;[37m<-- GET /session/702e746e-f803-4824-aa27-03cbfaa3c8f8/context &amp#27;[39m&amp#27;[32m200&amp#27;[39m &amp#27;[90m1 ms - 22&amp#27;[39m
&amp#27;[38;5;0m[HTTP]&amp#27;[0m &amp#27;[90m&amp#27;[39m
&amp#27;[38;5;0m[HTTP]&amp#27;[0m &amp#27;[37m-->&amp#27;[39m &amp#27;[37mPOST&amp#27;[39m &amp#27;[37m/session/702e746e-f803-4824-aa27-03cbfaa3c8f8/element&amp#27;[39m
&amp#27;[38;5;0m[HTTP]&amp#27;[0m &amp#27;[90m{"value":"com.androidsample.generalstore:id/spinnerCountry","using":"id"}&amp#27;[39m
&amp#27;[38;5;32m[AndroidUiautomator2Driver@1cda (702e746e)]&amp#27;[0m Calling AppiumDriver.findElement() with args: ["id","com.androidsample.generalstore:id/spinnerCountry","702e746e-f803-4824-aa27-03cbfaa3c8f8"]
&amp#27;[38;5;32m[AndroidUiautomator2Driver@1cda (702e746e)]&amp#27;[0m Valid locator strategies for this request: xpath, id, class name, accessibility id, css selector, -android uiautomator
&amp#27;[38;5;32m[AndroidUiautomator2Driver@1cda (702e746e)]&amp#27;[0m Waiting up to 10000 ms for condition
&amp#27;[38;5;32m[AndroidUiautomator2Driver@1cda (702e746e)]&amp#27;[0m Matched '/element' to command name 'findElement'
&amp#27;[38;5;32m[AndroidUiautomator2Driver@1cda (702e746e)]&amp#27;[0m Proxying [POST /element] to [POST http://127.0.0.1:8200/session/2a92d35f-a802-4be3-9b00-3b12f97adc8c/element] with body: {"strategy":"id","selector":"com.androidsample.generalstore:id/spinnerCountry","context":"","multiple":false}
&amp#27;[38;5;32m[AndroidUiautomator2Driver@1cda (702e746e)]&amp#27;[0m Got response with status 200: {"sessionId":"2a92d35f-a802-4be3-9b00-3b12f97adc8c","value":{"ELEMENT":"00000000-0000-0013-ffff-ffff000000e5","element-6066-11e4-a52e-4f735466cecf":"00000000-0000-0013-ffff-ffff000000e5"}}
&amp#27;[38;5;32m[AndroidUiautomator2Driver@1cda (702e746e)]&amp#27;[0m Responding to client with driver.findElement() result: {"element-6066-11e4-a52e-4f735466cecf":"00000000-0000-0013-ffff-ffff000000e5","ELEMENT":"00000000-0000-0013-ffff-ffff000000e5"}
&amp#27;[38;5;0m[HTTP]&amp#27;[0m &amp#27;[37m<-- POST /session/702e746e-f803-4824-aa27-03cbfaa3c8f8/element &amp#27;[39m&amp#27;[32m200&amp#27;[39m &amp#27;[90m41 ms - 137&amp#27;[39m
&amp#27;[38;5;0m[HTTP]&amp#27;[0m &amp#27;[90m&amp#27;[39m
&amp#27;[38;5;0m[HTTP]&amp#27;[0m &amp#27;[37m-->&amp#27;[39m &amp#27;[37mPOST&amp#27;[39m &amp#27;[37m/session/702e746e-f803-4824-aa27-03cbfaa3c8f8/element/00000000-0000-0013-ffff-ffff000000e5/click&amp#27;[39m
&amp#27;[38;5;0m[HTTP]&amp#27;[0m &amp#27;[90m{"id":"00000000-0000-0013-ffff-ffff000000e5"}&amp#27;[39m
&amp#27;[38;5;32m[AndroidUiautomator2Driver@1cda (702e746e)]&amp#27;[0m Calling AppiumDriver.click() with args: ["00000000-0000-0013-ffff-ffff000000e5","702e746e-f803-4824-aa27-03cbfaa3c8f8"]
&amp#27;[38;5;32m[AndroidUiautomator2Driver@1cda (702e746e)]&amp#27;[0m Matched '/element/00000000-0000-0013-ffff-ffff000000e5/click' to command name 'click'
&amp#27;[38;5;32m[AndroidUiautomator2Driver@1cda (702e746e)]&amp#27;[0m Proxying [POST /element/00000000-0000-0013-ffff-ffff000000e5/click] to [POST http://127.0.0.1:8200/session/2a92d35f-a802-4be3-9b00-3b12f97adc8c/element/00000000-0000-0013-ffff-ffff000000e5/click] with body: {"element":"00000000-0000-0013-ffff-ffff000000e5"}
&amp#27;[38;5;32m[AndroidUiautomator2Driver@1cda (702e746e)]&amp#27;[0m Got response with status 200: {"sessionId":"2a92d35f-a802-4be3-9b00-3b12f97adc8c","value":null}
&amp#27;[38;5;32m[AndroidUiautomator2Driver@1cda (702e746e)]&amp#27;[0m Responding to client with driver.click() result: null
&amp#27;[38;5;0m[HTTP]&amp#27;[0m &amp#27;[37m<-- POST /session/702e746e-f803-4824-aa27-03cbfaa3c8f8/element/00000000-0000-0013-ffff-ffff000000e5/click &amp#27;[39m&amp#27;[32m200&amp#27;[39m &amp#27;[90m91 ms - 14&amp#27;[39m
&amp#27;[38;5;0m[HTTP]&amp#27;[0m &amp#27;[90m&amp#27;[39m
&amp#27;[38;5;0m[HTTP]&amp#27;[0m &amp#27;[37m-->&amp#27;[39m &amp#27;[37mPOST&amp#27;[39m &amp#27;[37m/session/702e746e-f803-4824-aa27-03cbfaa3c8f8/element&amp#27;[39m
&amp#27;[38;5;0m[HTTP]&amp#27;[0m &amp#27;[90m{"value":"new UiScrollable(new UiSelector().scrollable(true)).scrollIntoView(new UiSelector().text(\"Argentina\"))","using":"-android uiautomator"}&amp#27;[39m
&amp#27;[38;5;32m[AndroidUiautomator2Driver@1cda (702e746e)]&amp#27;[0m Calling AppiumDriver.findElement() with args: ["-android uiautomator","new UiScrollable(new UiSelector().scrollable(true)).scrollIntoView(new UiSelector().text(\"Argentina\"))","702e746e-f803-4824-aa27-03cbfaa3c8f8"]
&amp#27;[38;5;32m[AndroidUiautomator2Driver@1cda (702e746e)]&amp#27;[0m Valid locator strategies for this request: xpath, id, class name, accessibility id, css selector, -android uiautomator
&amp#27;[38;5;32m[AndroidUiautomator2Driver@1cda (702e746e)]&amp#27;[0m Waiting up to 10000 ms for condition
&amp#27;[38;5;32m[AndroidUiautomator2Driver@1cda (702e746e)]&amp#27;[0m Matched '/element' to command name 'findElement'
&amp#27;[38;5;32m[AndroidUiautomator2Driver@1cda (702e746e)]&amp#27;[0m Proxying [POST /element] to [POST http://127.0.0.1:8200/session/2a92d35f-a802-4be3-9b00-3b12f97adc8c/element] with body: {"strategy":"-android uiautomator","selector":"new UiScrollable(new UiSelector().scrollable(true)).scrollIntoView(new UiSelector().text(\"Argentina\"))","context":"","multiple":false}
&amp#27;[38;5;32m[AndroidUiautomator2Driver@1cda (702e746e)]&amp#27;[0m Got response with status 200: {"sessionId":"2a92d35f-a802-4be3-9b00-3b12f97adc8c","value":{"ELEMENT":"00000000-0000-0014-ffff-ffff000000fd","element-6066-11e4-a52e-4f735466cecf":"00000000-0000-0014-ffff-ffff000000fd"}}
&amp#27;[38;5;32m[AndroidUiautomator2Driver@1cda (702e746e)]&amp#27;[0m Responding to client with driver.findElement() result: {"element-6066-11e4-a52e-4f735466cecf":"00000000-0000-0014-ffff-ffff000000fd","ELEMENT":"00000000-0000-0014-ffff-ffff000000fd"}
&amp#27;[38;5;0m[HTTP]&amp#27;[0m &amp#27;[37m<-- POST /session/702e746e-f803-4824-aa27-03cbfaa3c8f8/element &amp#27;[39m&amp#27;[32m200&amp#27;[39m &amp#27;[90m4248 ms - 137&amp#27;[39m
&amp#27;[38;5;0m[HTTP]&amp#27;[0m &amp#27;[90m&amp#27;[39m
&amp#27;[38;5;0m[HTTP]&amp#27;[0m &amp#27;[37m-->&amp#27;[39m &amp#27;[37mGET&amp#27;[39m &amp#27;[37m/session/702e746e-f803-4824-aa27-03cbfaa3c8f8/context&amp#27;[39m
&amp#27;[38;5;0m[HTTP]&amp#27;[0m &amp#27;[90m{}&amp#27;[39m
&amp#27;[38;5;32m[AndroidUiautomator2Driver@1cda (702e746e)]&amp#27;[0m Calling AppiumDriver.getCurrentContext() with args: ["702e746e-f803-4824-aa27-03cbfaa3c8f8"]
&amp#27;[38;5;32m[AndroidUiautomator2Driver@1cda (702e746e)]&amp#27;[0m Responding to client with driver.getCurrentContext() result: "NATIVE_APP"
&amp#27;[38;5;0m[HTTP]&amp#27;[0m &amp#27;[37m<-- GET /session/702e746e-f803-4824-aa27-03cbfaa3c8f8/context &amp#27;[39m&amp#27;[32m200&amp#27;[39m &amp#27;[90m1 ms - 22&amp#27;[39m
&amp#27;[38;5;0m[HTTP]&amp#27;[0m &amp#27;[90m&amp#27;[39m
&amp#27;[38;5;0m[HTTP]&amp#27;[0m &amp#27;[37m-->&amp#27;[39m &amp#27;[37mPOST&amp#27;[39m &amp#27;[37m/session/702e746e-f803-4824-aa27-03cbfaa3c8f8/element&amp#27;[39m
&amp#27;[38;5;0m[HTTP]&amp#27;[0m &amp#27;[90m{"value":"//android.widget.TextView[@resource-id=\"android:id/text1\" and @text=\"Argentina\"]","using":"xpath"}&amp#27;[39m
&amp#27;[38;5;32m[AndroidUiautomator2Driver@1cda (702e746e)]&amp#27;[0m Calling AppiumDriver.findElement() with args: ["xpath","//android.widget.TextView[@resource-id=\"android:id/text1\" and @text=\"Argentina\"]","702e746e-f803-4824-aa27-03cbfaa3c8f8"]
&amp#27;[38;5;32m[AndroidUiautomator2Driver@1cda (702e746e)]&amp#27;[0m Valid locator strategies for this request: xpath, id, class name, accessibility id, css selector, -android uiautomator
&amp#27;[38;5;32m[AndroidUiautomator2Driver@1cda (702e746e)]&amp#27;[0m Waiting up to 10000 ms for condition
&amp#27;[38;5;32m[AndroidUiautomator2Driver@1cda (702e746e)]&amp#27;[0m Matched '/element' to command name 'findElement'
&amp#27;[38;5;32m[AndroidUiautomator2Driver@1cda (702e746e)]&amp#27;[0m Proxying [POST /element] to [POST http://127.0.0.1:8200/session/2a92d35f-a802-4be3-9b00-3b12f97adc8c/element] with body: {"strategy":"xpath","selector":"//android.widget.TextView[@resource-id=\"android:id/text1\" and @text=\"Argentina\"]","context":"","multiple":false}
&amp#27;[38;5;32m[AndroidUiautomator2Driver@1cda (702e746e)]&amp#27;[0m Got response with status 200: {"sessionId":"2a92d35f-a802-4be3-9b00-3b12f97adc8c","value":{"ELEMENT":"00000000-0000-0014-ffff-ffff000000fd","element-6066-11e4-a52e-4f735466cecf":"00000000-0000-0014-ffff-ffff000000fd"}}
&amp#27;[38;5;32m[AndroidUiautomator2Driver@1cda (702e746e)]&amp#27;[0m Responding to client with driver.findElement() result: {"element-6066-11e4-a52e-4f735466cecf":"00000000-0000-0014-ffff-ffff000000fd","ELEMENT":"00000000-0000-0014-ffff-ffff000000fd"}
&amp#27;[38;5;0m[HTTP]&amp#27;[0m &amp#27;[37m<-- POST /session/702e746e-f803-4824-aa27-03cbfaa3c8f8/element &amp#27;[39m&amp#27;[32m200&amp#27;[39m &amp#27;[90m78 ms - 137&amp#27;[39m
&amp#27;[38;5;0m[HTTP]&amp#27;[0m &amp#27;[90m&amp#27;[39m
&amp#27;[38;5;0m[HTTP]&amp#27;[0m &amp#27;[37m-->&amp#27;[39m &amp#27;[37mPOST&amp#27;[39m &amp#27;[37m/session/702e746e-f803-4824-aa27-03cbfaa3c8f8/element/00000000-0000-0014-ffff-ffff000000fd/click&amp#27;[39m
&amp#27;[38;5;0m[HTTP]&amp#27;[0m &amp#27;[90m{"id":"00000000-0000-0014-ffff-ffff000000fd"}&amp#27;[39m
&amp#27;[38;5;32m[AndroidUiautomator2Driver@1cda (702e746e)]&amp#27;[0m Calling AppiumDriver.click() with args: ["00000000-0000-0014-ffff-ffff000000fd","702e746e-f803-4824-aa27-03cbfaa3c8f8"]
&amp#27;[38;5;32m[AndroidUiautomator2Driver@1cda (702e746e)]&amp#27;[0m Matched '/element/00000000-0000-0014-ffff-ffff000000fd/click' to command name 'click'
&amp#27;[38;5;32m[AndroidUiautomator2Driver@1cda (702e746e)]&amp#27;[0m Proxying [POST /element/00000000-0000-0014-ffff-ffff000000fd/click] to [POST http://127.0.0.1:8200/session/2a92d35f-a802-4be3-9b00-3b12f97adc8c/element/00000000-0000-0014-ffff-ffff000000fd/click] with body: {"element":"00000000-0000-0014-ffff-ffff000000fd"}
&amp#27;[38;5;32m[AndroidUiautomator2Driver@1cda (702e746e)]&amp#27;[0m Got response with status 200: {"sessionId":"2a92d35f-a802-4be3-9b00-3b12f97adc8c","value":null}
&amp#27;[38;5;32m[AndroidUiautomator2Driver@1cda (702e746e)]&amp#27;[0m Responding to client with driver.click() result: null
&amp#27;[38;5;0m[HTTP]&amp#27;[0m &amp#27;[37m<-- POST /session/702e746e-f803-4824-aa27-03cbfaa3c8f8/element/00000000-0000-0014-ffff-ffff000000fd/click &amp#27;[39m&amp#27;[32m200&amp#27;[39m &amp#27;[90m716 ms - 14&amp#27;[39m
&amp#27;[38;5;0m[HTTP]&amp#27;[0m &amp#27;[90m&amp#27;[39m
&amp#27;[38;5;0m[HTTP]&amp#27;[0m &amp#27;[37m-->&amp#27;[39m &amp#27;[37mGET&amp#27;[39m &amp#27;[37m/session/702e746e-f803-4824-aa27-03cbfaa3c8f8/context&amp#27;[39m
&amp#27;[38;5;0m[HTTP]&amp#27;[0m &amp#27;[90m{}&amp#27;[39m
&amp#27;[38;5;32m[AndroidUiautomator2Driver@1cda (702e746e)]&amp#27;[0m Calling AppiumDriver.getCurrentContext() with args: ["702e746e-f803-4824-aa27-03cbfaa3c8f8"]
&amp#27;[38;5;32m[AndroidUiautomator2Driver@1cda (702e746e)]&amp#27;[0m Responding to client with driver.getCurrentContext() result: "NATIVE_APP"
&amp#27;[38;5;0m[HTTP]&amp#27;[0m &amp#27;[37m<-- GET /session/702e746e-f803-4824-aa27-03cbfaa3c8f8/context &amp#27;[39m&amp#27;[32m200&amp#27;[39m &amp#27;[90m1 ms - 22&amp#27;[39m
&amp#27;[38;5;0m[HTTP]&amp#27;[0m &amp#27;[90m&amp#27;[39m
&amp#27;[38;5;0m[HTTP]&amp#27;[0m &amp#27;[37m-->&amp#27;[39m &amp#27;[37mPOST&amp#27;[39m &amp#27;[37m/session/702e746e-f803-4824-aa27-03cbfaa3c8f8/element&amp#27;[39m
&amp#27;[38;5;0m[HTTP]&amp#27;[0m &amp#27;[90m{"value":"com.androidsample.generalstore:id/btnLetsShop","using":"id"}&amp#27;[39m
&amp#27;[38;5;32m[AndroidUiautomator2Driver@1cda (702e746e)]&amp#27;[0m Calling AppiumDriver.findElement() with args: ["id","com.androidsample.generalstore:id/btnLetsShop","702e746e-f803-4824-aa27-03cbfaa3c8f8"]
&amp#27;[38;5;32m[AndroidUiautomator2Driver@1cda (702e746e)]&amp#27;[0m Valid locator strategies for this request: xpath, id, class name, accessibility id, css selector, -android uiautomator
&amp#27;[38;5;32m[AndroidUiautomator2Driver@1cda (702e746e)]&amp#27;[0m Waiting up to 10000 ms for condition
&amp#27;[38;5;32m[AndroidUiautomator2Driver@1cda (702e746e)]&amp#27;[0m Matched '/element' to command name 'findElement'
&amp#27;[38;5;32m[AndroidUiautomator2Driver@1cda (702e746e)]&amp#27;[0m Proxying [POST /element] to [POST http://127.0.0.1:8200/session/2a92d35f-a802-4be3-9b00-3b12f97adc8c/element] with body: {"strategy":"id","selector":"com.androidsample.generalstore:id/btnLetsShop","context":"","multiple":false}
&amp#27;[38;5;32m[AndroidUiautomator2Driver@1cda (702e746e)]&amp#27;[0m Got response with status 200: {"sessionId":"2a92d35f-a802-4be3-9b00-3b12f97adc8c","value":{"ELEMENT":"00000000-0000-0013-ffff-ffff000000ec","element-6066-11e4-a52e-4f735466cecf":"00000000-0000-0013-ffff-ffff000000ec"}}
&amp#27;[38;5;32m[AndroidUiautomator2Driver@1cda (702e746e)]&amp#27;[0m Responding to client with driver.findElement() result: {"element-6066-11e4-a52e-4f735466cecf":"00000000-0000-0013-ffff-ffff000000ec","ELEMENT":"00000000-0000-0013-ffff-ffff000000ec"}
&amp#27;[38;5;0m[HTTP]&amp#27;[0m &amp#27;[37m<-- POST /session/702e746e-f803-4824-aa27-03cbfaa3c8f8/element &amp#27;[39m&amp#27;[32m200&amp#27;[39m &amp#27;[90m54 ms - 137&amp#27;[39m
&amp#27;[38;5;0m[HTTP]&amp#27;[0m &amp#27;[90m&amp#27;[39m
&amp#27;[38;5;0m[HTTP]&amp#27;[0m &amp#27;[37m-->&amp#27;[39m &amp#27;[37mPOST&amp#27;[39m &amp#27;[37m/session/702e746e-f803-4824-aa27-03cbfaa3c8f8/element/00000000-0000-0013-ffff-ffff000000ec/click&amp#27;[39m
&amp#27;[38;5;0m[HTTP]&amp#27;[0m &amp#27;[90m{"id":"00000000-0000-0013-ffff-ffff000000ec"}&amp#27;[39m
&amp#27;[38;5;32m[AndroidUiautomator2Driver@1cda (702e746e)]&amp#27;[0m Calling AppiumDriver.click() with args: ["00000000-0000-0013-ffff-ffff000000ec","702e746e-f803-4824-aa27-03cbfaa3c8f8"]
&amp#27;[38;5;32m[AndroidUiautomator2Driver@1cda (702e746e)]&amp#27;[0m Matched '/element/00000000-0000-0013-ffff-ffff000000ec/click' to command name 'click'
&amp#27;[38;5;32m[AndroidUiautomator2Driver@1cda (702e746e)]&amp#27;[0m Proxying [POST /element/00000000-0000-0013-ffff-ffff000000ec/click] to [POST http://127.0.0.1:8200/session/2a92d35f-a802-4be3-9b00-3b12f97adc8c/element/00000000-0000-0013-ffff-ffff000000ec/click] with body: {"element":"00000000-0000-0013-ffff-ffff000000ec"}
&amp#27;[38;5;32m[AndroidUiautomator2Driver@1cda (702e746e)]&amp#27;[0m Got response with status 200: {"sessionId":"2a92d35f-a802-4be3-9b00-3b12f97adc8c","value":null}
&amp#27;[38;5;32m[AndroidUiautomator2Driver@1cda (702e746e)]&amp#27;[0m Responding to client with driver.click() result: null
&amp#27;[38;5;0m[HTTP]&amp#27;[0m &amp#27;[37m<-- POST /session/702e746e-f803-4824-aa27-03cbfaa3c8f8/element/00000000-0000-0013-ffff-ffff000000ec/click &amp#27;[39m&amp#27;[32m200&amp#27;[39m &amp#27;[90m67 ms - 14&amp#27;[39m
&amp#27;[38;5;0m[HTTP]&amp#27;[0m &amp#27;[90m&amp#27;[39m
&amp#27;[38;5;0m[HTTP]&amp#27;[0m &amp#27;[37m-->&amp#27;[39m &amp#27;[37mGET&amp#27;[39m &amp#27;[37m/session/702e746e-f803-4824-aa27-03cbfaa3c8f8/context&amp#27;[39m
&amp#27;[38;5;0m[HTTP]&amp#27;[0m &amp#27;[90m{}&amp#27;[39m
&amp#27;[38;5;32m[AndroidUiautomator2Driver@1cda (702e746e)]&amp#27;[0m Calling AppiumDriver.getCurrentContext() with args: ["702e746e-f803-4824-aa27-03cbfaa3c8f8"]
&amp#27;[38;5;32m[AndroidUiautomator2Driver@1cda (702e746e)]&amp#27;[0m Responding to client with driver.getCurrentContext() result: "NATIVE_APP"
&amp#27;[38;5;0m[HTTP]&amp#27;[0m &amp#27;[37m<-- GET /session/702e746e-f803-4824-aa27-03cbfaa3c8f8/context &amp#27;[39m&amp#27;[32m200&amp#27;[39m &amp#27;[90m1 ms - 22&amp#27;[39m
&amp#27;[38;5;0m[HTTP]&amp#27;[0m &amp#27;[90m&amp#27;[39m
&amp#27;[38;5;0m[HTTP]&amp#27;[0m &amp#27;[37m-->&amp#27;[39m &amp#27;[37mPOST&amp#27;[39m &amp#27;[37m/session/702e746e-f803-4824-aa27-03cbfaa3c8f8/element&amp#27;[39m
&amp#27;[38;5;0m[HTTP]&amp#27;[0m &amp#27;[90m{"value":"(//android.widget.TextView[@resource-id=\"com.androidsample.generalstore:id/productAddCart\"])[1]","using":"xpath"}&amp#27;[39m
&amp#27;[38;5;32m[AndroidUiautomator2Driver@1cda (702e746e)]&amp#27;[0m Calling AppiumDriver.findElement() with args: ["xpath","(//android.widget.TextView[@resource-id=\"com.androidsample.generalstore:id/productAddCart\"])[1]","702e746e-f803-4824-aa27-03cbfaa3c8f8"]
&amp#27;[38;5;32m[AndroidUiautomator2Driver@1cda (702e746e)]&amp#27;[0m Valid locator strategies for this request: xpath, id, class name, accessibility id, css selector, -android uiautomator
&amp#27;[38;5;32m[AndroidUiautomator2Driver@1cda (702e746e)]&amp#27;[0m Waiting up to 10000 ms for condition
&amp#27;[38;5;32m[AndroidUiautomator2Driver@1cda (702e746e)]&amp#27;[0m Matched '/element' to command name 'findElement'
&amp#27;[38;5;32m[AndroidUiautomator2Driver@1cda (702e746e)]&amp#27;[0m Proxying [POST /element] to [POST http://127.0.0.1:8200/session/2a92d35f-a802-4be3-9b00-3b12f97adc8c/element] with body: {"strategy":"xpath","selector":"(//android.widget.TextView[@resource-id=\"com.androidsample.generalstore:id/productAddCart\"])[1]","context":"","multiple":false}
&amp#27;[38;5;32m[AndroidUiautomator2Driver@1cda (702e746e)]&amp#27;[0m Got response with status 200: {"sessionId":"2a92d35f-a802-4be3-9b00-3b12f97adc8c","value":{"ELEMENT":"00000000-0000-0015-ffff-ffff0000011c","element-6066-11e4-a52e-4f735466cecf":"00000000-0000-0015-ffff-ffff0000011c"}}
&amp#27;[38;5;32m[AndroidUiautomator2Driver@1cda (702e746e)]&amp#27;[0m Responding to client with driver.findElement() result: {"element-6066-11e4-a52e-4f735466cecf":"00000000-0000-0015-ffff-ffff0000011c","ELEMENT":"00000000-0000-0015-ffff-ffff0000011c"}
&amp#27;[38;5;0m[HTTP]&amp#27;[0m &amp#27;[37m<-- POST /session/702e746e-f803-4824-aa27-03cbfaa3c8f8/element &amp#27;[39m&amp#27;[32m200&amp#27;[39m &amp#27;[90m129 ms - 137&amp#27;[39m
&amp#27;[38;5;0m[HTTP]&amp#27;[0m &amp#27;[90m&amp#27;[39m
&amp#27;[38;5;0m[HTTP]&amp#27;[0m &amp#27;[37m-->&amp#27;[39m &amp#27;[37mPOST&amp#27;[39m &amp#27;[37m/session/702e746e-f803-4824-aa27-03cbfaa3c8f8/element/00000000-0000-0015-ffff-ffff0000011c/click&amp#27;[39m
&amp#27;[38;5;0m[HTTP]&amp#27;[0m &amp#27;[90m{"id":"00000000-0000-0015-ffff-ffff0000011c"}&amp#27;[39m
&amp#27;[38;5;32m[AndroidUiautomator2Driver@1cda (702e746e)]&amp#27;[0m Calling AppiumDriver.click() with args: ["00000000-0000-0015-ffff-ffff0000011c","702e746e-f803-4824-aa27-03cbfaa3c8f8"]
&amp#27;[38;5;32m[AndroidUiautomator2Driver@1cda (702e746e)]&amp#27;[0m Matched '/element/00000000-0000-0015-ffff-ffff0000011c/click' to command name 'click'
&amp#27;[38;5;32m[AndroidUiautomator2Driver@1cda (702e746e)]&amp#27;[0m Proxying [POST /element/00000000-0000-0015-ffff-ffff0000011c/click] to [POST http://127.0.0.1:8200/session/2a92d35f-a802-4be3-9b00-3b12f97adc8c/element/00000000-0000-0015-ffff-ffff0000011c/click] with body: {"element":"00000000-0000-0015-ffff-ffff0000011c"}
&amp#27;[38;5;32m[AndroidUiautomator2Driver@1cda (702e746e)]&amp#27;[0m Got response with status 200: {"sessionId":"2a92d35f-a802-4be3-9b00-3b12f97adc8c","value":null}
&amp#27;[38;5;32m[AndroidUiautomator2Driver@1cda (702e746e)]&amp#27;[0m Responding to client with driver.click() result: null
&amp#27;[38;5;0m[HTTP]&amp#27;[0m &amp#27;[37m<-- POST /session/702e746e-f803-4824-aa27-03cbfaa3c8f8/element/00000000-0000-0015-ffff-ffff0000011c/click &amp#27;[39m&amp#27;[32m200&amp#27;[39m &amp#27;[90m557 ms - 14&amp#27;[39m
&amp#27;[38;5;0m[HTTP]&amp#27;[0m &amp#27;[90m&amp#27;[39m
&amp#27;[38;5;0m[HTTP]&amp#27;[0m &amp#27;[37m-->&amp#27;[39m &amp#27;[37mGET&amp#27;[39m &amp#27;[37m/session/702e746e-f803-4824-aa27-03cbfaa3c8f8/context&amp#27;[39m
&amp#27;[38;5;0m[HTTP]&amp#27;[0m &amp#27;[90m{}&amp#27;[39m
&amp#27;[38;5;32m[AndroidUiautomator2Driver@1cda (702e746e)]&amp#27;[0m Calling AppiumDriver.getCurrentContext() with args: ["702e746e-f803-4824-aa27-03cbfaa3c8f8"]
&amp#27;[38;5;32m[AndroidUiautomator2Driver@1cda (702e746e)]&amp#27;[0m Responding to client with driver.getCurrentContext() result: "NATIVE_APP"
&amp#27;[38;5;0m[HTTP]&amp#27;[0m &amp#27;[37m<-- GET /session/702e746e-f803-4824-aa27-03cbfaa3c8f8/context &amp#27;[39m&amp#27;[32m200&amp#27;[39m &amp#27;[90m1 ms - 22&amp#27;[39m
&amp#27;[38;5;0m[HTTP]&amp#27;[0m &amp#27;[90m&amp#27;[39m
&amp#27;[38;5;0m[HTTP]&amp#27;[0m &amp#27;[37m-->&amp#27;[39m &amp#27;[37mPOST&amp#27;[39m &amp#27;[37m/session/702e746e-f803-4824-aa27-03cbfaa3c8f8/element&amp#27;[39m
&amp#27;[38;5;0m[HTTP]&amp#27;[0m &amp#27;[90m{"value":"(//android.widget.TextView[@resource-id=\"com.androidsample.generalstore:id/productAddCart\"])[2]","using":"xpath"}&amp#27;[39m
&amp#27;[38;5;32m[AndroidUiautomator2Driver@1cda (702e746e)]&amp#27;[0m Calling AppiumDriver.findElement() with args: ["xpath","(//android.widget.TextView[@resource-id=\"com.androidsample.generalstore:id/productAddCart\"])[2]","702e746e-f803-4824-aa27-03cbfaa3c8f8"]
&amp#27;[38;5;32m[AndroidUiautomator2Driver@1cda (702e746e)]&amp#27;[0m Valid locator strategies for this request: xpath, id, class name, accessibility id, css selector, -android uiautomator
&amp#27;[38;5;32m[AndroidUiautomator2Driver@1cda (702e746e)]&amp#27;[0m Waiting up to 10000 ms for condition
&amp#27;[38;5;32m[AndroidUiautomator2Driver@1cda (702e746e)]&amp#27;[0m Matched '/element' to command name 'findElement'
&amp#27;[38;5;32m[AndroidUiautomator2Driver@1cda (702e746e)]&amp#27;[0m Proxying [POST /element] to [POST http://127.0.0.1:8200/session/2a92d35f-a802-4be3-9b00-3b12f97adc8c/element] with body: {"strategy":"xpath","selector":"(//android.widget.TextView[@resource-id=\"com.androidsample.generalstore:id/productAddCart\"])[2]","context":"","multiple":false}
&amp#27;[38;5;32m[AndroidUiautomator2Driver@1cda (702e746e)]&amp#27;[0m Got response with status 200: {"sessionId":"2a92d35f-a802-4be3-9b00-3b12f97adc8c","value":{"ELEMENT":"00000000-0000-0015-ffff-ffff00000124","element-6066-11e4-a52e-4f735466cecf":"00000000-0000-0015-ffff-ffff00000124"}}
&amp#27;[38;5;32m[AndroidUiautomator2Driver@1cda (702e746e)]&amp#27;[0m Responding to client with driver.findElement() result: {"element-6066-11e4-a52e-4f735466cecf":"00000000-0000-0015-ffff-ffff00000124","ELEMENT":"00000000-0000-0015-ffff-ffff00000124"}
&amp#27;[38;5;0m[HTTP]&amp#27;[0m &amp#27;[37m<-- POST /session/702e746e-f803-4824-aa27-03cbfaa3c8f8/element &amp#27;[39m&amp#27;[32m200&amp#27;[39m &amp#27;[90m126 ms - 137&amp#27;[39m
&amp#27;[38;5;0m[HTTP]&amp#27;[0m &amp#27;[90m&amp#27;[39m
&amp#27;[38;5;0m[HTTP]&amp#27;[0m &amp#27;[37m-->&amp#27;[39m &amp#27;[37mPOST&amp#27;[39m &amp#27;[37m/session/702e746e-f803-4824-aa27-03cbfaa3c8f8/element/00000000-0000-0015-ffff-ffff00000124/click&amp#27;[39m
&amp#27;[38;5;0m[HTTP]&amp#27;[0m &amp#27;[90m{"id":"00000000-0000-0015-ffff-ffff00000124"}&amp#27;[39m
&amp#27;[38;5;32m[AndroidUiautomator2Driver@1cda (702e746e)]&amp#27;[0m Calling AppiumDriver.click() with args: ["00000000-0000-0015-ffff-ffff00000124","702e746e-f803-4824-aa27-03cbfaa3c8f8"]
&amp#27;[38;5;32m[AndroidUiautomator2Driver@1cda (702e746e)]&amp#27;[0m Matched '/element/00000000-0000-0015-ffff-ffff00000124/click' to command name 'click'
&amp#27;[38;5;32m[AndroidUiautomator2Driver@1cda (702e746e)]&amp#27;[0m Proxying [POST /element/00000000-0000-0015-ffff-ffff00000124/click] to [POST http://127.0.0.1:8200/session/2a92d35f-a802-4be3-9b00-3b12f97adc8c/element/00000000-0000-0015-ffff-ffff00000124/click] with body: {"element":"00000000-0000-0015-ffff-ffff00000124"}
&amp#27;[38;5;32m[AndroidUiautomator2Driver@1cda (702e746e)]&amp#27;[0m Got response with status 200: {"sessionId":"2a92d35f-a802-4be3-9b00-3b12f97adc8c","value":null}
&amp#27;[38;5;32m[AndroidUiautomator2Driver@1cda (702e746e)]&amp#27;[0m Responding to client with driver.click() result: null
&amp#27;[38;5;0m[HTTP]&amp#27;[0m &amp#27;[37m<-- POST /session/702e746e-f803-4824-aa27-03cbfaa3c8f8/element/00000000-0000-0015-ffff-ffff00000124/click &amp#27;[39m&amp#27;[32m200&amp#27;[39m &amp#27;[90m555 ms - 14&amp#27;[39m
&amp#27;[38;5;0m[HTTP]&amp#27;[0m &amp#27;[90m&amp#27;[39m
&amp#27;[38;5;0m[HTTP]&amp#27;[0m &amp#27;[37m-->&amp#27;[39m &amp#27;[37mGET&amp#27;[39m &amp#27;[37m/session/702e746e-f803-4824-aa27-03cbfaa3c8f8/context&amp#27;[39m
&amp#27;[38;5;0m[HTTP]&amp#27;[0m &amp#27;[90m{}&amp#27;[39m
&amp#27;[38;5;32m[AndroidUiautomator2Driver@1cda (702e746e)]&amp#27;[0m Calling AppiumDriver.getCurrentContext() with args: ["702e746e-f803-4824-aa27-03cbfaa3c8f8"]
&amp#27;[38;5;32m[AndroidUiautomator2Driver@1cda (702e746e)]&amp#27;[0m Responding to client with driver.getCurrentContext() result: "NATIVE_APP"
&amp#27;[38;5;0m[HTTP]&amp#27;[0m &amp#27;[37m<-- GET /session/702e746e-f803-4824-aa27-03cbfaa3c8f8/context &amp#27;[39m&amp#27;[32m200&amp#27;[39m &amp#27;[90m1 ms - 22&amp#27;[39m
&amp#27;[38;5;0m[HTTP]&amp#27;[0m &amp#27;[90m&amp#27;[39m
&amp#27;[38;5;0m[HTTP]&amp#27;[0m &amp#27;[37m-->&amp#27;[39m &amp#27;[37mPOST&amp#27;[39m &amp#27;[37m/session/702e746e-f803-4824-aa27-03cbfaa3c8f8/element&amp#27;[39m
&amp#27;[38;5;0m[HTTP]&amp#27;[0m &amp#27;[90m{"value":"com.androidsample.generalstore:id/appbar_btn_cart","using":"id"}&amp#27;[39m
&amp#27;[38;5;32m[AndroidUiautomator2Driver@1cda (702e746e)]&amp#27;[0m Calling AppiumDriver.findElement() with args: ["id","com.androidsample.generalstore:id/appbar_btn_cart","702e746e-f803-4824-aa27-03cbfaa3c8f8"]
&amp#27;[38;5;32m[AndroidUiautomator2Driver@1cda (702e746e)]&amp#27;[0m Valid locator strategies for this request: xpath, id, class name, accessibility id, css selector, -android uiautomator
&amp#27;[38;5;32m[AndroidUiautomator2Driver@1cda (702e746e)]&amp#27;[0m Waiting up to 10000 ms for condition
&amp#27;[38;5;32m[AndroidUiautomator2Driver@1cda (702e746e)]&amp#27;[0m Matched '/element' to command name 'findElement'
&amp#27;[38;5;32m[AndroidUiautomator2Driver@1cda (702e746e)]&amp#27;[0m Proxying [POST /element] to [POST http://127.0.0.1:8200/session/2a92d35f-a802-4be3-9b00-3b12f97adc8c/element] with body: {"strategy":"id","selector":"com.androidsample.generalstore:id/appbar_btn_cart","context":"","multiple":false}
&amp#27;[38;5;32m[AndroidUiautomator2Driver@1cda (702e746e)]&amp#27;[0m Got response with status 200: {"sessionId":"2a92d35f-a802-4be3-9b00-3b12f97adc8c","value":{"ELEMENT":"00000000-0000-0015-ffff-ffff0000010f","element-6066-11e4-a52e-4f735466cecf":"00000000-0000-0015-ffff-ffff0000010f"}}
&amp#27;[38;5;32m[AndroidUiautomator2Driver@1cda (702e746e)]&amp#27;[0m Responding to client with driver.findElement() result: {"element-6066-11e4-a52e-4f735466cecf":"00000000-0000-0015-ffff-ffff0000010f","ELEMENT":"00000000-0000-0015-ffff-ffff0000010f"}
&amp#27;[38;5;0m[HTTP]&amp#27;[0m &amp#27;[37m<-- POST /session/702e746e-f803-4824-aa27-03cbfaa3c8f8/element &amp#27;[39m&amp#27;[32m200&amp#27;[39m &amp#27;[90m43 ms - 137&amp#27;[39m
&amp#27;[38;5;0m[HTTP]&amp#27;[0m &amp#27;[90m&amp#27;[39m
&amp#27;[38;5;0m[HTTP]&amp#27;[0m &amp#27;[37m-->&amp#27;[39m &amp#27;[37mPOST&amp#27;[39m &amp#27;[37m/session/702e746e-f803-4824-aa27-03cbfaa3c8f8/element/00000000-0000-0015-ffff-ffff0000010f/click&amp#27;[39m
&amp#27;[38;5;0m[HTTP]&amp#27;[0m &amp#27;[90m{"id":"00000000-0000-0015-ffff-ffff0000010f"}&amp#27;[39m
&amp#27;[38;5;32m[AndroidUiautomator2Driver@1cda (702e746e)]&amp#27;[0m Calling AppiumDriver.click() with args: ["00000000-0000-0015-ffff-ffff0000010f","702e746e-f803-4824-aa27-03cbfaa3c8f8"]
&amp#27;[38;5;32m[AndroidUiautomator2Driver@1cda (702e746e)]&amp#27;[0m Matched '/element/00000000-0000-0015-ffff-ffff0000010f/click' to command name 'click'
&amp#27;[38;5;32m[AndroidUiautomator2Driver@1cda (702e746e)]&amp#27;[0m Proxying [POST /element/00000000-0000-0015-ffff-ffff0000010f/click] to [POST http://127.0.0.1:8200/session/2a92d35f-a802-4be3-9b00-3b12f97adc8c/element/00000000-0000-0015-ffff-ffff0000010f/click] with body: {"element":"00000000-0000-0015-ffff-ffff0000010f"}
&amp#27;[38;5;32m[AndroidUiautomator2Driver@1cda (702e746e)]&amp#27;[0m Got response with status 200: {"sessionId":"2a92d35f-a802-4be3-9b00-3b12f97adc8c","value":null}
&amp#27;[38;5;32m[AndroidUiautomator2Driver@1cda (702e746e)]&amp#27;[0m Responding to client with driver.click() result: null
&amp#27;[38;5;0m[HTTP]&amp#27;[0m &amp#27;[37m<-- POST /session/702e746e-f803-4824-aa27-03cbfaa3c8f8/element/00000000-0000-0015-ffff-ffff0000010f/click &amp#27;[39m&amp#27;[32m200&amp#27;[39m &amp#27;[90m1430 ms - 14&amp#27;[39m
&amp#27;[38;5;0m[HTTP]&amp#27;[0m &amp#27;[90m&amp#27;[39m
&amp#27;[38;5;0m[HTTP]&amp#27;[0m &amp#27;[37m-->&amp#27;[39m &amp#27;[37mGET&amp#27;[39m &amp#27;[37m/session/702e746e-f803-4824-aa27-03cbfaa3c8f8/context&amp#27;[39m
&amp#27;[38;5;0m[HTTP]&amp#27;[0m &amp#27;[90m{}&amp#27;[39m
&amp#27;[38;5;32m[AndroidUiautomator2Driver@1cda (702e746e)]&amp#27;[0m Calling AppiumDriver.getCurrentContext() with args: ["702e746e-f803-4824-aa27-03cbfaa3c8f8"]
&amp#27;[38;5;32m[AndroidUiautomator2Driver@1cda (702e746e)]&amp#27;[0m Responding to client with driver.getCurrentContext() result: "NATIVE_APP"
&amp#27;[38;5;0m[HTTP]&amp#27;[0m &amp#27;[37m<-- GET /session/702e746e-f803-4824-aa27-03cbfaa3c8f8/context &amp#27;[39m&amp#27;[32m200&amp#27;[39m &amp#27;[90m2 ms - 22&amp#27;[39m
&amp#27;[38;5;0m[HTTP]&amp#27;[0m &amp#27;[90m&amp#27;[39m
&amp#27;[38;5;0m[HTTP]&amp#27;[0m &amp#27;[37m-->&amp#27;[39m &amp#27;[37mPOST&amp#27;[39m &amp#27;[37m/session/702e746e-f803-4824-aa27-03cbfaa3c8f8/element&amp#27;[39m
&amp#27;[38;5;0m[HTTP]&amp#27;[0m &amp#27;[90m{"value":"com.androidsample.generalstore:id/toolbar_title","using":"id"}&amp#27;[39m
&amp#27;[38;5;32m[AndroidUiautomator2Driver@1cda (702e746e)]&amp#27;[0m Calling AppiumDriver.findElement() with args: ["id","com.androidsample.generalstore:id/toolbar_title","702e746e-f803-4824-aa27-03cbfaa3c8f8"]
&amp#27;[38;5;32m[AndroidUiautomator2Driver@1cda (702e746e)]&amp#27;[0m Valid locator strategies for this request: xpath, id, class name, accessibility id, css selector, -android uiautomator
&amp#27;[38;5;32m[AndroidUiautomator2Driver@1cda (702e746e)]&amp#27;[0m Waiting up to 10000 ms for condition
&amp#27;[38;5;32m[AndroidUiautomator2Driver@1cda (702e746e)]&amp#27;[0m Matched '/element' to command name 'findElement'
&amp#27;[38;5;32m[AndroidUiautomator2Driver@1cda (702e746e)]&amp#27;[0m Proxying [POST /element] to [POST http://127.0.0.1:8200/session/2a92d35f-a802-4be3-9b00-3b12f97adc8c/element] with body: {"strategy":"id","selector":"com.androidsample.generalstore:id/toolbar_title","context":"","multiple":false}
&amp#27;[38;5;32m[AndroidUiautomator2Driver@1cda (702e746e)]&amp#27;[0m Got response with status 200: {"sessionId":"2a92d35f-a802-4be3-9b00-3b12f97adc8c","value":{"ELEMENT":"00000000-0000-0016-ffff-ffff0000013a","element-6066-11e4-a52e-4f735466cecf":"00000000-0000-0016-ffff-ffff0000013a"}}
&amp#27;[38;5;32m[AndroidUiautomator2Driver@1cda (702e746e)]&amp#27;[0m Responding to client with driver.findElement() result: {"element-6066-11e4-a52e-4f735466cecf":"00000000-0000-0016-ffff-ffff0000013a","ELEMENT":"00000000-0000-0016-ffff-ffff0000013a"}
&amp#27;[38;5;0m[HTTP]&amp#27;[0m &amp#27;[37m<-- POST /session/702e746e-f803-4824-aa27-03cbfaa3c8f8/element &amp#27;[39m&amp#27;[32m200&amp#27;[39m &amp#27;[90m46 ms - 137&amp#27;[39m
&amp#27;[38;5;0m[HTTP]&amp#27;[0m &amp#27;[90m&amp#27;[39m
&amp#27;[38;5;0m[HTTP]&amp#27;[0m &amp#27;[37m-->&amp#27;[39m &amp#27;[37mGET&amp#27;[39m &amp#27;[37m/session/702e746e-f803-4824-aa27-03cbfaa3c8f8/element/00000000-0000-0016-ffff-ffff0000013a/attribute/text&amp#27;[39m
&amp#27;[38;5;0m[HTTP]&amp#27;[0m &amp#27;[90m{}&amp#27;[39m
&amp#27;[38;5;32m[AndroidUiautomator2Driver@1cda (702e746e)]&amp#27;[0m Calling AppiumDriver.getAttribute() with args: ["text","00000000-0000-0016-ffff-ffff0000013a","702e746e-f803-4824-aa27-03cbfaa3c8f8"]
&amp#27;[38;5;32m[AndroidUiautomator2Driver@1cda (702e746e)]&amp#27;[0m Matched '/element/00000000-0000-0016-ffff-ffff0000013a/attribute/text' to command name 'getAttribute'
&amp#27;[38;5;32m[AndroidUiautomator2Driver@1cda (702e746e)]&amp#27;[0m Proxying [GET /element/00000000-0000-0016-ffff-ffff0000013a/attribute/text] to [GET http://127.0.0.1:8200/session/2a92d35f-a802-4be3-9b00-3b12f97adc8c/element/00000000-0000-0016-ffff-ffff0000013a/attribute/text] with no body
&amp#27;[38;5;32m[AndroidUiautomator2Driver@1cda (702e746e)]&amp#27;[0m Got response with status 200: {"sessionId":"2a92d35f-a802-4be3-9b00-3b12f97adc8c","value":"Cart"}
&amp#27;[38;5;32m[AndroidUiautomator2Driver@1cda (702e746e)]&amp#27;[0m Responding to client with driver.getAttribute() result: "Cart"
&amp#27;[38;5;0m[HTTP]&amp#27;[0m &amp#27;[37m<-- GET /session/702e746e-f803-4824-aa27-03cbfaa3c8f8/element/00000000-0000-0016-ffff-ffff0000013a/attribute/text &amp#27;[39m&amp#27;[32m200&amp#27;[39m &amp#27;[90m20 ms - 16&amp#27;[39m
&amp#27;[38;5;0m[HTTP]&amp#27;[0m &amp#27;[90m&amp#27;[39m
&amp#27;[38;5;0m[HTTP]&amp#27;[0m &amp#27;[37m-->&amp#27;[39m &amp#27;[37mGET&amp#27;[39m &amp#27;[37m/session/702e746e-f803-4824-aa27-03cbfaa3c8f8/context&amp#27;[39m
&amp#27;[38;5;0m[HTTP]&amp#27;[0m &amp#27;[90m{}&amp#27;[39m
&amp#27;[38;5;32m[AndroidUiautomator2Driver@1cda (702e746e)]&amp#27;[0m Calling AppiumDriver.getCurrentContext() with args: ["702e746e-f803-4824-aa27-03cbfaa3c8f8"]
&amp#27;[38;5;32m[AndroidUiautomator2Driver@1cda (702e746e)]&amp#27;[0m Responding to client with driver.getCurrentContext() result: "NATIVE_APP"
&amp#27;[38;5;0m[HTTP]&amp#27;[0m &amp#27;[37m<-- GET /session/702e746e-f803-4824-aa27-03cbfaa3c8f8/context &amp#27;[39m&amp#27;[32m200&amp#27;[39m &amp#27;[90m1 ms - 22&amp#27;[39m
&amp#27;[38;5;0m[HTTP]&amp#27;[0m &amp#27;[90m&amp#27;[39m
&amp#27;[38;5;0m[HTTP]&amp#27;[0m &amp#27;[37m-->&amp#27;[39m &amp#27;[37mPOST&amp#27;[39m &amp#27;[37m/session/702e746e-f803-4824-aa27-03cbfaa3c8f8/element&amp#27;[39m
&amp#27;[38;5;0m[HTTP]&amp#27;[0m &amp#27;[90m{"value":"com.androidsample.generalstore:id/totalAmountLbl","using":"id"}&amp#27;[39m
&amp#27;[38;5;32m[AndroidUiautomator2Driver@1cda (702e746e)]&amp#27;[0m Calling AppiumDriver.findElement() with args: ["id","com.androidsample.generalstore:id/totalAmountLbl","702e746e-f803-4824-aa27-03cbfaa3c8f8"]
&amp#27;[38;5;32m[AndroidUiautomator2Driver@1cda (702e746e)]&amp#27;[0m Valid locator strategies for this request: xpath, id, class name, accessibility id, css selector, -android uiautomator
&amp#27;[38;5;32m[AndroidUiautomator2Driver@1cda (702e746e)]&amp#27;[0m Waiting up to 10000 ms for condition
&amp#27;[38;5;32m[AndroidUiautomator2Driver@1cda (702e746e)]&amp#27;[0m Matched '/element' to command name 'findElement'
&amp#27;[38;5;32m[AndroidUiautomator2Driver@1cda (702e746e)]&amp#27;[0m Proxying [POST /element] to [POST http://127.0.0.1:8200/session/2a92d35f-a802-4be3-9b00-3b12f97adc8c/element] with body: {"strategy":"id","selector":"com.androidsample.generalstore:id/totalAmountLbl","context":"","multiple":false}
&amp#27;[38;5;32m[AndroidUiautomator2Driver@1cda (702e746e)]&amp#27;[0m Got response with status 200: {"sessionId":"2a92d35f-a802-4be3-9b00-3b12f97adc8c","value":{"ELEMENT":"00000000-0000-0016-ffff-ffff00000145","element-6066-11e4-a52e-4f735466cecf":"00000000-0000-0016-ffff-ffff00000145"}}
&amp#27;[38;5;32m[AndroidUiautomator2Driver@1cda (702e746e)]&amp#27;[0m Responding to client with driver.findElement() result: {"element-6066-11e4-a52e-4f735466cecf":"00000000-0000-0016-ffff-ffff00000145","ELEMENT":"00000000-0000-0016-ffff-ffff00000145"}
&amp#27;[38;5;0m[HTTP]&amp#27;[0m &amp#27;[37m<-- POST /session/702e746e-f803-4824-aa27-03cbfaa3c8f8/element &amp#27;[39m&amp#27;[32m200&amp#27;[39m &amp#27;[90m61 ms - 137&amp#27;[39m
&amp#27;[38;5;0m[HTTP]&amp#27;[0m &amp#27;[90m&amp#27;[39m
&amp#27;[38;5;0m[HTTP]&amp#27;[0m &amp#27;[37m-->&amp#27;[39m &amp#27;[37mGET&amp#27;[39m &amp#27;[37m/session/702e746e-f803-4824-aa27-03cbfaa3c8f8/element/00000000-0000-0016-ffff-ffff00000145/text&amp#27;[39m
&amp#27;[38;5;0m[HTTP]&amp#27;[0m &amp#27;[90m{}&amp#27;[39m
&amp#27;[38;5;32m[AndroidUiautomator2Driver@1cda (702e746e)]&amp#27;[0m Driver proxy active, passing request on via HTTP proxy
&amp#27;[38;5;32m[AndroidUiautomator2Driver@1cda (702e746e)]&amp#27;[0m Matched '/session/702e746e-f803-4824-aa27-03cbfaa3c8f8/element/00000000-0000-0016-ffff-ffff00000145/text' to command name 'getText'
&amp#27;[38;5;32m[AndroidUiautomator2Driver@1cda (702e746e)]&amp#27;[0m Proxying [GET /session/702e746e-f803-4824-aa27-03cbfaa3c8f8/element/00000000-0000-0016-ffff-ffff00000145/text] to [GET http://127.0.0.1:8200/session/2a92d35f-a802-4be3-9b00-3b12f97adc8c/element/00000000-0000-0016-ffff-ffff00000145/text] with no body
&amp#27;[38;5;32m[AndroidUiautomator2Driver@1cda (702e746e)]&amp#27;[0m Got response with status 200: {"sessionId":"2a92d35f-a802-4be3-9b00-3b12f97adc8c","value":"$ 280.97"}
&amp#27;[38;5;32m[AndroidUiautomator2Driver@1cda (702e746e)]&amp#27;[0m Replacing sessionId 2a92d35f-a802-4be3-9b00-3b12f97adc8c with 702e746e-f803-4824-aa27-03cbfaa3c8f8
&amp#27;[38;5;0m[HTTP]&amp#27;[0m &amp#27;[37m<-- GET /session/702e746e-f803-4824-aa27-03cbfaa3c8f8/element/00000000-0000-0016-ffff-ffff00000145/text &amp#27;[39m&amp#27;[32m200&amp#27;[39m &amp#27;[90m19 ms - 71&amp#27;[39m
&amp#27;[38;5;0m[HTTP]&amp#27;[0m &amp#27;[90m&amp#27;[39m
&amp#27;[38;5;0m[HTTP]&amp#27;[0m &amp#27;[37m-->&amp#27;[39m &amp#27;[37mGET&amp#27;[39m &amp#27;[37m/session/702e746e-f803-4824-aa27-03cbfaa3c8f8/context&amp#27;[39m
&amp#27;[38;5;0m[HTTP]&amp#27;[0m &amp#27;[90m{}&amp#27;[39m
&amp#27;[38;5;32m[AndroidUiautomator2Driver@1cda (702e746e)]&amp#27;[0m Calling AppiumDriver.getCurrentContext() with args: ["702e746e-f803-4824-aa27-03cbfaa3c8f8"]
&amp#27;[38;5;32m[AndroidUiautomator2Driver@1cda (702e746e)]&amp#27;[0m Responding to client with driver.getCurrentContext() result: "NATIVE_APP"
&amp#27;[38;5;0m[HTTP]&amp#27;[0m &amp#27;[37m<-- GET /session/702e746e-f803-4824-aa27-03cbfaa3c8f8/context &amp#27;[39m&amp#27;[32m200&amp#27;[39m &amp#27;[90m1 ms - 22&amp#27;[39m
&amp#27;[38;5;0m[HTTP]&amp#27;[0m &amp#27;[90m&amp#27;[39m
&amp#27;[38;5;0m[HTTP]&amp#27;[0m &amp#27;[37m-->&amp#27;[39m &amp#27;[37mPOST&amp#27;[39m &amp#27;[37m/session/702e746e-f803-4824-aa27-03cbfaa3c8f8/elements&amp#27;[39m
&amp#27;[38;5;0m[HTTP]&amp#27;[0m &amp#27;[90m{"value":"com.androidsample.generalstore:id/productPrice","using":"id"}&amp#27;[39m
&amp#27;[38;5;32m[AndroidUiautomator2Driver@1cda (702e746e)]&amp#27;[0m Calling AppiumDriver.findElements() with args: ["id","com.androidsample.generalstore:id/productPrice","702e746e-f803-4824-aa27-03cbfaa3c8f8"]
&amp#27;[38;5;32m[AndroidUiautomator2Driver@1cda (702e746e)]&amp#27;[0m Valid locator strategies for this request: xpath, id, class name, accessibility id, css selector, -android uiautomator
&amp#27;[38;5;32m[AndroidUiautomator2Driver@1cda (702e746e)]&amp#27;[0m Waiting up to 10000 ms for condition
&amp#27;[38;5;32m[AndroidUiautomator2Driver@1cda (702e746e)]&amp#27;[0m Matched '/elements' to command name 'findElements'
&amp#27;[38;5;32m[AndroidUiautomator2Driver@1cda (702e746e)]&amp#27;[0m Proxying [POST /elements] to [POST http://127.0.0.1:8200/session/2a92d35f-a802-4be3-9b00-3b12f97adc8c/elements] with body: {"strategy":"id","selector":"com.androidsample.generalstore:id/productPrice","context":"","multiple":true}
&amp#27;[38;5;32m[AndroidUiautomator2Driver@1cda (702e746e)]&amp#27;[0m Got response with status 200: {"sessionId":"2a92d35f-a802-4be3-9b00-3b12f97adc8c","value":[{"ELEMENT":"00000000-0000-0016-ffff-ffff00000151","element-6066-11e4-a52e-4f735466cecf":"00000000-0000-0016-ffff-ffff00000151"},{"ELEMENT":"00000000-0000-0016-ffff-ffff00000159","element-6066-11e4-a52e-4f735466cecf":"00000000-0000-0016-ffff-ffff00000159"}]}
&amp#27;[38;5;32m[AndroidUiautomator2Driver@1cda (702e746e)]&amp#27;[0m Responding to client with driver.findElements() result: [{"element-6066-11e4-a52e-4f735466cecf":"00000000-0000-0016-ffff-ffff00000151","ELEMENT":"00000000-0000-0016-ffff-ffff00000151"},{"element-6066-11e4-a52e-4f735466cecf":"00000000-0000-0016-ffff-ffff00000159","ELEMENT":"00000000-0000-0016-ffff-ffff00000159"}]
&amp#27;[38;5;0m[HTTP]&amp#27;[0m &amp#27;[37m<-- POST /session/702e746e-f803-4824-aa27-03cbfaa3c8f8/elements &amp#27;[39m&amp#27;[32m200&amp#27;[39m &amp#27;[90m69 ms - 267&amp#27;[39m
&amp#27;[38;5;0m[HTTP]&amp#27;[0m &amp#27;[90m&amp#27;[39m
&amp#27;[38;5;0m[HTTP]&amp#27;[0m &amp#27;[37m-->&amp#27;[39m &amp#27;[37mGET&amp#27;[39m &amp#27;[37m/session/702e746e-f803-4824-aa27-03cbfaa3c8f8/context&amp#27;[39m
&amp#27;[38;5;0m[HTTP]&amp#27;[0m &amp#27;[90m{}&amp#27;[39m
&amp#27;[38;5;32m[AndroidUiautomator2Driver@1cda (702e746e)]&amp#27;[0m Calling AppiumDriver.getCurrentContext() with args: ["702e746e-f803-4824-aa27-03cbfaa3c8f8"]
&amp#27;[38;5;32m[AndroidUiautomator2Driver@1cda (702e746e)]&amp#27;[0m Responding to client with driver.getCurrentContext() result: "NATIVE_APP"
&amp#27;[38;5;0m[HTTP]&amp#27;[0m &amp#27;[37m<-- GET /session/702e746e-f803-4824-aa27-03cbfaa3c8f8/context &amp#27;[39m&amp#27;[32m200&amp#27;[39m &amp#27;[90m1 ms - 22&amp#27;[39m
&amp#27;[38;5;0m[HTTP]&amp#27;[0m &amp#27;[90m&amp#27;[39m
&amp#27;[38;5;0m[HTTP]&amp#27;[0m &amp#27;[37m-->&amp#27;[39m &amp#27;[37mPOST&amp#27;[39m &amp#27;[37m/session/702e746e-f803-4824-aa27-03cbfaa3c8f8/elements&amp#27;[39m
&amp#27;[38;5;0m[HTTP]&amp#27;[0m &amp#27;[90m{"value":"com.androidsample.generalstore:id/productPrice","using":"id"}&amp#27;[39m
&amp#27;[38;5;32m[AndroidUiautomator2Driver@1cda (702e746e)]&amp#27;[0m Calling AppiumDriver.findElements() with args: ["id","com.androidsample.generalstore:id/productPrice","702e746e-f803-4824-aa27-03cbfaa3c8f8"]
&amp#27;[38;5;32m[AndroidUiautomator2Driver@1cda (702e746e)]&amp#27;[0m Valid locator strategies for this request: xpath, id, class name, accessibility id, css selector, -android uiautomator
&amp#27;[38;5;32m[AndroidUiautomator2Driver@1cda (702e746e)]&amp#27;[0m Waiting up to 10000 ms for condition
&amp#27;[38;5;32m[AndroidUiautomator2Driver@1cda (702e746e)]&amp#27;[0m Matched '/elements' to command name 'findElements'
&amp#27;[38;5;32m[AndroidUiautomator2Driver@1cda (702e746e)]&amp#27;[0m Proxying [POST /elements] to [POST http://127.0.0.1:8200/session/2a92d35f-a802-4be3-9b00-3b12f97adc8c/elements] with body: {"strategy":"id","selector":"com.androidsample.generalstore:id/productPrice","context":"","multiple":true}
&amp#27;[38;5;32m[AndroidUiautomator2Driver@1cda (702e746e)]&amp#27;[0m Got response with status 200: {"sessionId":"2a92d35f-a802-4be3-9b00-3b12f97adc8c","value":[{"ELEMENT":"00000000-0000-0016-ffff-ffff00000151","element-6066-11e4-a52e-4f735466cecf":"00000000-0000-0016-ffff-ffff00000151"},{"ELEMENT":"00000000-0000-0016-ffff-ffff00000159","element-6066-11e4-a52e-4f735466cecf":"00000000-0000-0016-ffff-ffff00000159"}]}
&amp#27;[38;5;32m[AndroidUiautomator2Driver@1cda (702e746e)]&amp#27;[0m Responding to client with driver.findElements() result: [{"element-6066-11e4-a52e-4f735466cecf":"00000000-0000-0016-ffff-ffff00000151","ELEMENT":"00000000-0000-0016-ffff-ffff00000151"},{"element-6066-11e4-a52e-4f735466cecf":"00000000-0000-0016-ffff-ffff00000159","ELEMENT":"00000000-0000-0016-ffff-ffff00000159"}]
&amp#27;[38;5;0m[HTTP]&amp#27;[0m &amp#27;[37m<-- POST /session/702e746e-f803-4824-aa27-03cbfaa3c8f8/elements &amp#27;[39m&amp#27;[32m200&amp#27;[39m &amp#27;[90m77 ms - 267&amp#27;[39m
&amp#27;[38;5;0m[HTTP]&amp#27;[0m &amp#27;[90m&amp#27;[39m
&amp#27;[38;5;0m[HTTP]&amp#27;[0m &amp#27;[37m-->&amp#27;[39m &amp#27;[37mGET&amp#27;[39m &amp#27;[37m/session/702e746e-f803-4824-aa27-03cbfaa3c8f8/element/00000000-0000-0016-ffff-ffff00000151/text&amp#27;[39m
&amp#27;[38;5;0m[HTTP]&amp#27;[0m &amp#27;[90m{}&amp#27;[39m
&amp#27;[38;5;32m[AndroidUiautomator2Driver@1cda (702e746e)]&amp#27;[0m Driver proxy active, passing request on via HTTP proxy
&amp#27;[38;5;32m[AndroidUiautomator2Driver@1cda (702e746e)]&amp#27;[0m Matched '/session/702e746e-f803-4824-aa27-03cbfaa3c8f8/element/00000000-0000-0016-ffff-ffff00000151/text' to command name 'getText'
&amp#27;[38;5;32m[AndroidUiautomator2Driver@1cda (702e746e)]&amp#27;[0m Proxying [GET /session/702e746e-f803-4824-aa27-03cbfaa3c8f8/element/00000000-0000-0016-ffff-ffff00000151/text] to [GET http://127.0.0.1:8200/session/2a92d35f-a802-4be3-9b00-3b12f97adc8c/element/00000000-0000-0016-ffff-ffff00000151/text] with no body
&amp#27;[38;5;32m[AndroidUiautomator2Driver@1cda (702e746e)]&amp#27;[0m Got response with status 200: {"sessionId":"2a92d35f-a802-4be3-9b00-3b12f97adc8c","value":"$160.97"}
&amp#27;[38;5;32m[AndroidUiautomator2Driver@1cda (702e746e)]&amp#27;[0m Replacing sessionId 2a92d35f-a802-4be3-9b00-3b12f97adc8c with 702e746e-f803-4824-aa27-03cbfaa3c8f8
&amp#27;[38;5;0m[HTTP]&amp#27;[0m &amp#27;[37m<-- GET /session/702e746e-f803-4824-aa27-03cbfaa3c8f8/element/00000000-0000-0016-ffff-ffff00000151/text &amp#27;[39m&amp#27;[32m200&amp#27;[39m &amp#27;[90m14 ms - 70&amp#27;[39m
&amp#27;[38;5;0m[HTTP]&amp#27;[0m &amp#27;[90m&amp#27;[39m
&amp#27;[38;5;0m[HTTP]&amp#27;[0m &amp#27;[37m-->&amp#27;[39m &amp#27;[37mGET&amp#27;[39m &amp#27;[37m/session/702e746e-f803-4824-aa27-03cbfaa3c8f8/context&amp#27;[39m
&amp#27;[38;5;0m[HTTP]&amp#27;[0m &amp#27;[90m{}&amp#27;[39m
&amp#27;[38;5;32m[AndroidUiautomator2Driver@1cda (702e746e)]&amp#27;[0m Calling AppiumDriver.getCurrentContext() with args: ["702e746e-f803-4824-aa27-03cbfaa3c8f8"]
&amp#27;[38;5;32m[AndroidUiautomator2Driver@1cda (702e746e)]&amp#27;[0m Responding to client with driver.getCurrentContext() result: "NATIVE_APP"
&amp#27;[38;5;0m[HTTP]&amp#27;[0m &amp#27;[37m<-- GET /session/702e746e-f803-4824-aa27-03cbfaa3c8f8/context &amp#27;[39m&amp#27;[32m200&amp#27;[39m &amp#27;[90m1 ms - 22&amp#27;[39m
&amp#27;[38;5;0m[HTTP]&amp#27;[0m &amp#27;[90m&amp#27;[39m
&amp#27;[38;5;0m[HTTP]&amp#27;[0m &amp#27;[37m-->&amp#27;[39m &amp#27;[37mPOST&amp#27;[39m &amp#27;[37m/session/702e746e-f803-4824-aa27-03cbfaa3c8f8/elements&amp#27;[39m
&amp#27;[38;5;0m[HTTP]&amp#27;[0m &amp#27;[90m{"value":"com.androidsample.generalstore:id/productPrice","using":"id"}&amp#27;[39m
&amp#27;[38;5;32m[AndroidUiautomator2Driver@1cda (702e746e)]&amp#27;[0m Calling AppiumDriver.findElements() with args: ["id","com.androidsample.generalstore:id/productPrice","702e746e-f803-4824-aa27-03cbfaa3c8f8"]
&amp#27;[38;5;32m[AndroidUiautomator2Driver@1cda (702e746e)]&amp#27;[0m Valid locator strategies for this request: xpath, id, class name, accessibility id, css selector, -android uiautomator
&amp#27;[38;5;32m[AndroidUiautomator2Driver@1cda (702e746e)]&amp#27;[0m Waiting up to 10000 ms for condition
&amp#27;[38;5;32m[AndroidUiautomator2Driver@1cda (702e746e)]&amp#27;[0m Matched '/elements' to command name 'findElements'
&amp#27;[38;5;32m[AndroidUiautomator2Driver@1cda (702e746e)]&amp#27;[0m Proxying [POST /elements] to [POST http://127.0.0.1:8200/session/2a92d35f-a802-4be3-9b00-3b12f97adc8c/elements] with body: {"strategy":"id","selector":"com.androidsample.generalstore:id/productPrice","context":"","multiple":true}
&amp#27;[38;5;32m[AndroidUiautomator2Driver@1cda (702e746e)]&amp#27;[0m Got response with status 200: {"sessionId":"2a92d35f-a802-4be3-9b00-3b12f97adc8c","value":[{"ELEMENT":"00000000-0000-0016-ffff-ffff00000151","element-6066-11e4-a52e-4f735466cecf":"00000000-0000-0016-ffff-ffff00000151"},{"ELEMENT":"00000000-0000-0016-ffff-ffff00000159","element-6066-11e4-a52e-4f735466cecf":"00000000-0000-0016-ffff-ffff00000159"}]}
&amp#27;[38;5;32m[AndroidUiautomator2Driver@1cda (702e746e)]&amp#27;[0m Responding to client with driver.findElements() result: [{"element-6066-11e4-a52e-4f735466cecf":"00000000-0000-0016-ffff-ffff00000151","ELEMENT":"00000000-0000-0016-ffff-ffff00000151"},{"element-6066-11e4-a52e-4f735466cecf":"00000000-0000-0016-ffff-ffff00000159","ELEMENT":"00000000-0000-0016-ffff-ffff00000159"}]
&amp#27;[38;5;0m[HTTP]&amp#27;[0m &amp#27;[37m<-- POST /session/702e746e-f803-4824-aa27-03cbfaa3c8f8/elements &amp#27;[39m&amp#27;[32m200&amp#27;[39m &amp#27;[90m83 ms - 267&amp#27;[39m
&amp#27;[38;5;0m[HTTP]&amp#27;[0m &amp#27;[90m&amp#27;[39m
&amp#27;[38;5;0m[HTTP]&amp#27;[0m &amp#27;[37m-->&amp#27;[39m &amp#27;[37mGET&amp#27;[39m &amp#27;[37m/session/702e746e-f803-4824-aa27-03cbfaa3c8f8/element/00000000-0000-0016-ffff-ffff00000159/text&amp#27;[39m
&amp#27;[38;5;0m[HTTP]&amp#27;[0m &amp#27;[90m{}&amp#27;[39m
&amp#27;[38;5;32m[AndroidUiautomator2Driver@1cda (702e746e)]&amp#27;[0m Driver proxy active, passing request on via HTTP proxy
&amp#27;[38;5;32m[AndroidUiautomator2Driver@1cda (702e746e)]&amp#27;[0m Matched '/session/702e746e-f803-4824-aa27-03cbfaa3c8f8/element/00000000-0000-0016-ffff-ffff00000159/text' to command name 'getText'
&amp#27;[38;5;32m[AndroidUiautomator2Driver@1cda (702e746e)]&amp#27;[0m Proxying [GET /session/702e746e-f803-4824-aa27-03cbfaa3c8f8/element/00000000-0000-0016-ffff-ffff00000159/text] to [GET http://127.0.0.1:8200/session/2a92d35f-a802-4be3-9b00-3b12f97adc8c/element/00000000-0000-0016-ffff-ffff00000159/text] with no body
&amp#27;[38;5;32m[AndroidUiautomator2Driver@1cda (702e746e)]&amp#27;[0m Got response with status 200: {"sessionId":"2a92d35f-a802-4be3-9b00-3b12f97adc8c","value":"$120.0"}
&amp#27;[38;5;32m[AndroidUiautomator2Driver@1cda (702e746e)]&amp#27;[0m Replacing sessionId 2a92d35f-a802-4be3-9b00-3b12f97adc8c with 702e746e-f803-4824-aa27-03cbfaa3c8f8
&amp#27;[38;5;0m[HTTP]&amp#27;[0m &amp#27;[37m<-- GET /session/702e746e-f803-4824-aa27-03cbfaa3c8f8/element/00000000-0000-0016-ffff-ffff00000159/text &amp#27;[39m&amp#27;[32m200&amp#27;[39m &amp#27;[90m19 ms - 69&amp#27;[39m
&amp#27;[38;5;0m[HTTP]&amp#27;[0m &amp#27;[90m&amp#27;[39m
&amp#27;[38;5;0m[HTTP]&amp#27;[0m &amp#27;[37m-->&amp#27;[39m &amp#27;[37mGET&amp#27;[39m &amp#27;[37m/session/702e746e-f803-4824-aa27-03cbfaa3c8f8/context&amp#27;[39m
&amp#27;[38;5;0m[HTTP]&amp#27;[0m &amp#27;[90m{}&amp#27;[39m
&amp#27;[38;5;32m[AndroidUiautomator2Driver@1cda (702e746e)]&amp#27;[0m Calling AppiumDriver.getCurrentContext() with args: ["702e746e-f803-4824-aa27-03cbfaa3c8f8"]
&amp#27;[38;5;32m[AndroidUiautomator2Driver@1cda (702e746e)]&amp#27;[0m Responding to client with driver.getCurrentContext() result: "NATIVE_APP"
&amp#27;[38;5;0m[HTTP]&amp#27;[0m &amp#27;[37m<-- GET /session/702e746e-f803-4824-aa27-03cbfaa3c8f8/context &amp#27;[39m&amp#27;[32m200&amp#27;[39m &amp#27;[90m1 ms - 22&amp#27;[39m
&amp#27;[38;5;0m[HTTP]&amp#27;[0m &amp#27;[90m&amp#27;[39m
&amp#27;[38;5;0m[HTTP]&amp#27;[0m &amp#27;[37m-->&amp#27;[39m &amp#27;[37mPOST&amp#27;[39m &amp#27;[37m/session/702e746e-f803-4824-aa27-03cbfaa3c8f8/element&amp#27;[39m
&amp#27;[38;5;0m[HTTP]&amp#27;[0m &amp#27;[90m{"value":"com.androidsample.generalstore:id/termsButton","using":"id"}&amp#27;[39m
&amp#27;[38;5;32m[AndroidUiautomator2Driver@1cda (702e746e)]&amp#27;[0m Calling AppiumDriver.findElement() with args: ["id","com.androidsample.generalstore:id/termsButton","702e746e-f803-4824-aa27-03cbfaa3c8f8"]
&amp#27;[38;5;32m[AndroidUiautomator2Driver@1cda (702e746e)]&amp#27;[0m Valid locator strategies for this request: xpath, id, class name, accessibility id, css selector, -android uiautomator
&amp#27;[38;5;32m[AndroidUiautomator2Driver@1cda (702e746e)]&amp#27;[0m Waiting up to 10000 ms for condition
&amp#27;[38;5;32m[AndroidUiautomator2Driver@1cda (702e746e)]&amp#27;[0m Matched '/element' to command name 'findElement'
&amp#27;[38;5;32m[AndroidUiautomator2Driver@1cda (702e746e)]&amp#27;[0m Proxying [POST /element] to [POST http://127.0.0.1:8200/session/2a92d35f-a802-4be3-9b00-3b12f97adc8c/element] with body: {"strategy":"id","selector":"com.androidsample.generalstore:id/termsButton","context":"","multiple":false}
&amp#27;[38;5;32m[AndroidUiautomator2Driver@1cda (702e746e)]&amp#27;[0m Got response with status 200: {"sessionId":"2a92d35f-a802-4be3-9b00-3b12f97adc8c","value":{"ELEMENT":"00000000-0000-0016-ffff-ffff00000148","element-6066-11e4-a52e-4f735466cecf":"00000000-0000-0016-ffff-ffff00000148"}}
&amp#27;[38;5;32m[AndroidUiautomator2Driver@1cda (702e746e)]&amp#27;[0m Responding to client with driver.findElement() result: {"element-6066-11e4-a52e-4f735466cecf":"00000000-0000-0016-ffff-ffff00000148","ELEMENT":"00000000-0000-0016-ffff-ffff00000148"}
&amp#27;[38;5;0m[HTTP]&amp#27;[0m &amp#27;[37m<-- POST /session/702e746e-f803-4824-aa27-03cbfaa3c8f8/element &amp#27;[39m&amp#27;[32m200&amp#27;[39m &amp#27;[90m71 ms - 137&amp#27;[39m
&amp#27;[38;5;0m[HTTP]&amp#27;[0m &amp#27;[90m&amp#27;[39m
&amp#27;[38;5;0m[HTTP]&amp#27;[0m &amp#27;[37m-->&amp#27;[39m &amp#27;[37mPOST&amp#27;[39m &amp#27;[37m/session/702e746e-f803-4824-aa27-03cbfaa3c8f8/execute/sync&amp#27;[39m
&amp#27;[38;5;0m[HTTP]&amp#27;[0m &amp#27;[90m{"args":[{"elementId":"00000000-0000-0016-ffff-ffff00000148","Duration":2000}],"script":"mobile: longClickGesture"}&amp#27;[39m
&amp#27;[38;5;32m[AndroidUiautomator2Driver@1cda (702e746e)]&amp#27;[0m Calling AppiumDriver.execute() with args: ["mobile: longClickGesture",[{"elementId":"00000000-0000-0016-ffff-ffff00000148","Duration":2000}],"702e746e-f803-4824-aa27-03cbfaa3c8f8"]
&amp#27;[38;5;32m[AndroidUiautomator2Driver@1cda (702e746e)]&amp#27;[0m Executing method 'mobile: longClickGesture'
&amp#27;[38;5;32m[AndroidUiautomator2Driver@1cda (702e746e)]&amp#27;[0m Proxying [POST /appium/gestures/long_click] to [POST http://127.0.0.1:8200/session/2a92d35f-a802-4be3-9b00-3b12f97adc8c/appium/gestures/long_click] with body: {"origin":{"ELEMENT":"00000000-0000-0016-ffff-ffff00000148","element-6066-11e4-a52e-4f735466cecf":"00000000-0000-0016-ffff-ffff00000148"}}
&amp#27;[38;5;32m[AndroidUiautomator2Driver@1cda (702e746e)]&amp#27;[0m Got response with status 200: {"sessionId":"2a92d35f-a802-4be3-9b00-3b12f97adc8c","value":null}
&amp#27;[38;5;32m[AndroidUiautomator2Driver@1cda (702e746e)]&amp#27;[0m Responding to client with driver.execute() result: null
&amp#27;[38;5;0m[HTTP]&amp#27;[0m &amp#27;[37m<-- POST /session/702e746e-f803-4824-aa27-03cbfaa3c8f8/execute/sync &amp#27;[39m&amp#27;[32m200&amp#27;[39m &amp#27;[90m779 ms - 14&amp#27;[39m
&amp#27;[38;5;0m[HTTP]&amp#27;[0m &amp#27;[90m&amp#27;[39m
&amp#27;[38;5;0m[HTTP]&amp#27;[0m &amp#27;[37m-->&amp#27;[39m &amp#27;[37mGET&amp#27;[39m &amp#27;[37m/session/702e746e-f803-4824-aa27-03cbfaa3c8f8/context&amp#27;[39m
&amp#27;[38;5;0m[HTTP]&amp#27;[0m &amp#27;[90m{}&amp#27;[39m
&amp#27;[38;5;32m[AndroidUiautomator2Driver@1cda (702e746e)]&amp#27;[0m Calling AppiumDriver.getCurrentContext() with args: ["702e746e-f803-4824-aa27-03cbfaa3c8f8"]
&amp#27;[38;5;32m[AndroidUiautomator2Driver@1cda (702e746e)]&amp#27;[0m Responding to client with driver.getCurrentContext() result: "NATIVE_APP"
&amp#27;[38;5;0m[HTTP]&amp#27;[0m &amp#27;[37m<-- GET /session/702e746e-f803-4824-aa27-03cbfaa3c8f8/context &amp#27;[39m&amp#27;[32m200&amp#27;[39m &amp#27;[90m1 ms - 22&amp#27;[39m
&amp#27;[38;5;0m[HTTP]&amp#27;[0m &amp#27;[90m&amp#27;[39m
&amp#27;[38;5;0m[HTTP]&amp#27;[0m &amp#27;[37m-->&amp#27;[39m &amp#27;[37mPOST&amp#27;[39m &amp#27;[37m/session/702e746e-f803-4824-aa27-03cbfaa3c8f8/element&amp#27;[39m
&amp#27;[38;5;0m[HTTP]&amp#27;[0m &amp#27;[90m{"value":"android:id/button1","using":"id"}&amp#27;[39m
&amp#27;[38;5;32m[AndroidUiautomator2Driver@1cda (702e746e)]&amp#27;[0m Calling AppiumDriver.findElement() with args: ["id","android:id/button1","702e746e-f803-4824-aa27-03cbfaa3c8f8"]
&amp#27;[38;5;32m[AndroidUiautomator2Driver@1cda (702e746e)]&amp#27;[0m Valid locator strategies for this request: xpath, id, class name, accessibility id, css selector, -android uiautomator
&amp#27;[38;5;32m[AndroidUiautomator2Driver@1cda (702e746e)]&amp#27;[0m Waiting up to 10000 ms for condition
&amp#27;[38;5;32m[AndroidUiautomator2Driver@1cda (702e746e)]&amp#27;[0m Matched '/element' to command name 'findElement'
&amp#27;[38;5;32m[AndroidUiautomator2Driver@1cda (702e746e)]&amp#27;[0m Proxying [POST /element] to [POST http://127.0.0.1:8200/session/2a92d35f-a802-4be3-9b00-3b12f97adc8c/element] with body: {"strategy":"id","selector":"android:id/button1","context":"","multiple":false}
&amp#27;[38;5;32m[AndroidUiautomator2Driver@1cda (702e746e)]&amp#27;[0m Got response with status 200: {"sessionId":"2a92d35f-a802-4be3-9b00-3b12f97adc8c","value":{"ELEMENT":"00000000-0000-0017-ffff-ffff00000174","element-6066-11e4-a52e-4f735466cecf":"00000000-0000-0017-ffff-ffff00000174"}}
&amp#27;[38;5;32m[AndroidUiautomator2Driver@1cda (702e746e)]&amp#27;[0m Responding to client with driver.findElement() result: {"element-6066-11e4-a52e-4f735466cecf":"00000000-0000-0017-ffff-ffff00000174","ELEMENT":"00000000-0000-0017-ffff-ffff00000174"}
&amp#27;[38;5;0m[HTTP]&amp#27;[0m &amp#27;[37m<-- POST /session/702e746e-f803-4824-aa27-03cbfaa3c8f8/element &amp#27;[39m&amp#27;[32m200&amp#27;[39m &amp#27;[90m407 ms - 137&amp#27;[39m
&amp#27;[38;5;0m[HTTP]&amp#27;[0m &amp#27;[90m&amp#27;[39m
&amp#27;[38;5;0m[HTTP]&amp#27;[0m &amp#27;[37m-->&amp#27;[39m &amp#27;[37mPOST&amp#27;[39m &amp#27;[37m/session/702e746e-f803-4824-aa27-03cbfaa3c8f8/element/00000000-0000-0017-ffff-ffff00000174/click&amp#27;[39m
&amp#27;[38;5;0m[HTTP]&amp#27;[0m &amp#27;[90m{"id":"00000000-0000-0017-ffff-ffff00000174"}&amp#27;[39m
&amp#27;[38;5;32m[AndroidUiautomator2Driver@1cda (702e746e)]&amp#27;[0m Calling AppiumDriver.click() with args: ["00000000-0000-0017-ffff-ffff00000174","702e746e-f803-4824-aa27-03cbfaa3c8f8"]
&amp#27;[38;5;32m[AndroidUiautomator2Driver@1cda (702e746e)]&amp#27;[0m Matched '/element/00000000-0000-0017-ffff-ffff00000174/click' to command name 'click'
&amp#27;[38;5;32m[AndroidUiautomator2Driver@1cda (702e746e)]&amp#27;[0m Proxying [POST /element/00000000-0000-0017-ffff-ffff00000174/click] to [POST http://127.0.0.1:8200/session/2a92d35f-a802-4be3-9b00-3b12f97adc8c/element/00000000-0000-0017-ffff-ffff00000174/click] with body: {"element":"00000000-0000-0017-ffff-ffff00000174"}
&amp#27;[38;5;32m[AndroidUiautomator2Driver@1cda (702e746e)]&amp#27;[0m Got response with status 200: {"sessionId":"2a92d35f-a802-4be3-9b00-3b12f97adc8c","value":null}
&amp#27;[38;5;32m[AndroidUiautomator2Driver@1cda (702e746e)]&amp#27;[0m Responding to client with driver.click() result: null
&amp#27;[38;5;0m[HTTP]&amp#27;[0m &amp#27;[37m<-- POST /session/702e746e-f803-4824-aa27-03cbfaa3c8f8/element/00000000-0000-0017-ffff-ffff00000174/click &amp#27;[39m&amp#27;[32m200&amp#27;[39m &amp#27;[90m82 ms - 14&amp#27;[39m
&amp#27;[38;5;0m[HTTP]&amp#27;[0m &amp#27;[90m&amp#27;[39m
&amp#27;[38;5;0m[HTTP]&amp#27;[0m &amp#27;[37m-->&amp#27;[39m &amp#27;[37mGET&amp#27;[39m &amp#27;[37m/session/702e746e-f803-4824-aa27-03cbfaa3c8f8/context&amp#27;[39m
&amp#27;[38;5;0m[HTTP]&amp#27;[0m &amp#27;[90m{}&amp#27;[39m
&amp#27;[38;5;32m[AndroidUiautomator2Driver@1cda (702e746e)]&amp#27;[0m Calling AppiumDriver.getCurrentContext() with args: ["702e746e-f803-4824-aa27-03cbfaa3c8f8"]
&amp#27;[38;5;32m[AndroidUiautomator2Driver@1cda (702e746e)]&amp#27;[0m Responding to client with driver.getCurrentContext() result: "NATIVE_APP"
&amp#27;[38;5;0m[HTTP]&amp#27;[0m &amp#27;[37m<-- GET /session/702e746e-f803-4824-aa27-03cbfaa3c8f8/context &amp#27;[39m&amp#27;[32m200&amp#27;[39m &amp#27;[90m1 ms - 22&amp#27;[39m
&amp#27;[38;5;0m[HTTP]&amp#27;[0m &amp#27;[90m&amp#27;[39m
&amp#27;[38;5;0m[HTTP]&amp#27;[0m &amp#27;[37m-->&amp#27;[39m &amp#27;[37mPOST&amp#27;[39m &amp#27;[37m/session/702e746e-f803-4824-aa27-03cbfaa3c8f8/element&amp#27;[39m
&amp#27;[38;5;0m[HTTP]&amp#27;[0m &amp#27;[90m{"value":"android.widget.CheckBox","using":"class name"}&amp#27;[39m
&amp#27;[38;5;32m[AndroidUiautomator2Driver@1cda (702e746e)]&amp#27;[0m Calling AppiumDriver.findElement() with args: ["class name","android.widget.CheckBox","702e746e-f803-4824-aa27-03cbfaa3c8f8"]
&amp#27;[38;5;32m[AndroidUiautomator2Driver@1cda (702e746e)]&amp#27;[0m Valid locator strategies for this request: xpath, id, class name, accessibility id, css selector, -android uiautomator
&amp#27;[38;5;32m[AndroidUiautomator2Driver@1cda (702e746e)]&amp#27;[0m Waiting up to 10000 ms for condition
&amp#27;[38;5;32m[AndroidUiautomator2Driver@1cda (702e746e)]&amp#27;[0m Matched '/element' to command name 'findElement'
&amp#27;[38;5;32m[AndroidUiautomator2Driver@1cda (702e746e)]&amp#27;[0m Proxying [POST /element] to [POST http://127.0.0.1:8200/session/2a92d35f-a802-4be3-9b00-3b12f97adc8c/element] with body: {"strategy":"class name","selector":"android.widget.CheckBox","context":"","multiple":false}
&amp#27;[38;5;32m[AndroidUiautomator2Driver@1cda (702e746e)]&amp#27;[0m Got response with status 200: {"sessionId":"2a92d35f-a802-4be3-9b00-3b12f97adc8c","value":{"ELEMENT":"00000000-0000-0016-ffff-ffff00000146","element-6066-11e4-a52e-4f735466cecf":"00000000-0000-0016-ffff-ffff00000146"}}
&amp#27;[38;5;32m[AndroidUiautomator2Driver@1cda (702e746e)]&amp#27;[0m Responding to client with driver.findElement() result: {"element-6066-11e4-a52e-4f735466cecf":"00000000-0000-0016-ffff-ffff00000146","ELEMENT":"00000000-0000-0016-ffff-ffff00000146"}
&amp#27;[38;5;0m[HTTP]&amp#27;[0m &amp#27;[37m<-- POST /session/702e746e-f803-4824-aa27-03cbfaa3c8f8/element &amp#27;[39m&amp#27;[32m200&amp#27;[39m &amp#27;[90m328 ms - 137&amp#27;[39m
&amp#27;[38;5;0m[HTTP]&amp#27;[0m &amp#27;[90m&amp#27;[39m
&amp#27;[38;5;0m[HTTP]&amp#27;[0m &amp#27;[37m-->&amp#27;[39m &amp#27;[37mPOST&amp#27;[39m &amp#27;[37m/session/702e746e-f803-4824-aa27-03cbfaa3c8f8/element/00000000-0000-0016-ffff-ffff00000146/click&amp#27;[39m
&amp#27;[38;5;0m[HTTP]&amp#27;[0m &amp#27;[90m{"id":"00000000-0000-0016-ffff-ffff00000146"}&amp#27;[39m
&amp#27;[38;5;32m[AndroidUiautomator2Driver@1cda (702e746e)]&amp#27;[0m Calling AppiumDriver.click() with args: ["00000000-0000-0016-ffff-ffff00000146","702e746e-f803-4824-aa27-03cbfaa3c8f8"]
&amp#27;[38;5;32m[AndroidUiautomator2Driver@1cda (702e746e)]&amp#27;[0m Matched '/element/00000000-0000-0016-ffff-ffff00000146/click' to command name 'click'
&amp#27;[38;5;32m[AndroidUiautomator2Driver@1cda (702e746e)]&amp#27;[0m Proxying [POST /element/00000000-0000-0016-ffff-ffff00000146/click] to [POST http://127.0.0.1:8200/session/2a92d35f-a802-4be3-9b00-3b12f97adc8c/element/00000000-0000-0016-ffff-ffff00000146/click] with body: {"element":"00000000-0000-0016-ffff-ffff00000146"}
&amp#27;[38;5;32m[AndroidUiautomator2Driver@1cda (702e746e)]&amp#27;[0m Got response with status 200: {"sessionId":"2a92d35f-a802-4be3-9b00-3b12f97adc8c","value":null}
&amp#27;[38;5;32m[AndroidUiautomator2Driver@1cda (702e746e)]&amp#27;[0m Responding to client with driver.click() result: null
&amp#27;[38;5;0m[HTTP]&amp#27;[0m &amp#27;[37m<-- POST /session/702e746e-f803-4824-aa27-03cbfaa3c8f8/element/00000000-0000-0016-ffff-ffff00000146/click &amp#27;[39m&amp#27;[32m200&amp#27;[39m &amp#27;[90m330 ms - 14&amp#27;[39m
&amp#27;[38;5;0m[HTTP]&amp#27;[0m &amp#27;[90m&amp#27;[39m
&amp#27;[38;5;0m[HTTP]&amp#27;[0m &amp#27;[37m-->&amp#27;[39m &amp#27;[37mGET&amp#27;[39m &amp#27;[37m/session/702e746e-f803-4824-aa27-03cbfaa3c8f8/context&amp#27;[39m
&amp#27;[38;5;0m[HTTP]&amp#27;[0m &amp#27;[90m{}&amp#27;[39m
&amp#27;[38;5;32m[AndroidUiautomator2Driver@1cda (702e746e)]&amp#27;[0m Calling AppiumDriver.getCurrentContext() with args: ["702e746e-f803-4824-aa27-03cbfaa3c8f8"]
&amp#27;[38;5;32m[AndroidUiautomator2Driver@1cda (702e746e)]&amp#27;[0m Responding to client with driver.getCurrentContext() result: "NATIVE_APP"
&amp#27;[38;5;0m[HTTP]&amp#27;[0m &amp#27;[37m<-- GET /session/702e746e-f803-4824-aa27-03cbfaa3c8f8/context &amp#27;[39m&amp#27;[32m200&amp#27;[39m &amp#27;[90m1 ms - 22&amp#27;[39m
&amp#27;[38;5;0m[HTTP]&amp#27;[0m &amp#27;[90m&amp#27;[39m
&amp#27;[38;5;0m[HTTP]&amp#27;[0m &amp#27;[37m-->&amp#27;[39m &amp#27;[37mPOST&amp#27;[39m &amp#27;[37m/session/702e746e-f803-4824-aa27-03cbfaa3c8f8/element&amp#27;[39m
&amp#27;[38;5;0m[HTTP]&amp#27;[0m &amp#27;[90m{"value":"com.androidsample.generalstore:id/btnProceed","using":"id"}&amp#27;[39m
&amp#27;[38;5;32m[AndroidUiautomator2Driver@1cda (702e746e)]&amp#27;[0m Calling AppiumDriver.findElement() with args: ["id","com.androidsample.generalstore:id/btnProceed","702e746e-f803-4824-aa27-03cbfaa3c8f8"]
&amp#27;[38;5;32m[AndroidUiautomator2Driver@1cda (702e746e)]&amp#27;[0m Valid locator strategies for this request: xpath, id, class name, accessibility id, css selector, -android uiautomator
&amp#27;[38;5;32m[AndroidUiautomator2Driver@1cda (702e746e)]&amp#27;[0m Waiting up to 10000 ms for condition
&amp#27;[38;5;32m[AndroidUiautomator2Driver@1cda (702e746e)]&amp#27;[0m Matched '/element' to command name 'findElement'
&amp#27;[38;5;32m[AndroidUiautomator2Driver@1cda (702e746e)]&amp#27;[0m Proxying [POST /element] to [POST http://127.0.0.1:8200/session/2a92d35f-a802-4be3-9b00-3b12f97adc8c/element] with body: {"strategy":"id","selector":"com.androidsample.generalstore:id/btnProceed","context":"","multiple":false}
&amp#27;[38;5;32m[AndroidUiautomator2Driver@1cda (702e746e)]&amp#27;[0m Got response with status 200: {"sessionId":"2a92d35f-a802-4be3-9b00-3b12f97adc8c","value":{"ELEMENT":"00000000-0000-0016-ffff-ffff00000147","element-6066-11e4-a52e-4f735466cecf":"00000000-0000-0016-ffff-ffff00000147"}}
&amp#27;[38;5;32m[AndroidUiautomator2Driver@1cda (702e746e)]&amp#27;[0m Responding to client with driver.findElement() result: {"element-6066-11e4-a52e-4f735466cecf":"00000000-0000-0016-ffff-ffff00000147","ELEMENT":"00000000-0000-0016-ffff-ffff00000147"}
&amp#27;[38;5;0m[HTTP]&amp#27;[0m &amp#27;[37m<-- POST /session/702e746e-f803-4824-aa27-03cbfaa3c8f8/element &amp#27;[39m&amp#27;[32m200&amp#27;[39m &amp#27;[90m663 ms - 137&amp#27;[39m
&amp#27;[38;5;0m[HTTP]&amp#27;[0m &amp#27;[90m&amp#27;[39m
&amp#27;[38;5;0m[HTTP]&amp#27;[0m &amp#27;[37m-->&amp#27;[39m &amp#27;[37mPOST&amp#27;[39m &amp#27;[37m/session/702e746e-f803-4824-aa27-03cbfaa3c8f8/element/00000000-0000-0016-ffff-ffff00000147/click&amp#27;[39m
&amp#27;[38;5;0m[HTTP]&amp#27;[0m &amp#27;[90m{"id":"00000000-0000-0016-ffff-ffff00000147"}&amp#27;[39m
&amp#27;[38;5;32m[AndroidUiautomator2Driver@1cda (702e746e)]&amp#27;[0m Calling AppiumDriver.click() with args: ["00000000-0000-0016-ffff-ffff00000147","702e746e-f803-4824-aa27-03cbfaa3c8f8"]
&amp#27;[38;5;32m[AndroidUiautomator2Driver@1cda (702e746e)]&amp#27;[0m Matched '/element/00000000-0000-0016-ffff-ffff00000147/click' to command name 'click'
&amp#27;[38;5;32m[AndroidUiautomator2Driver@1cda (702e746e)]&amp#27;[0m Proxying [POST /element/00000000-0000-0016-ffff-ffff00000147/click] to [POST http://127.0.0.1:8200/session/2a92d35f-a802-4be3-9b00-3b12f97adc8c/element/00000000-0000-0016-ffff-ffff00000147/click] with body: {"element":"00000000-0000-0016-ffff-ffff00000147"}
&amp#27;[38;5;32m[AndroidUiautomator2Driver@1cda (702e746e)]&amp#27;[0m Got response with status 200: {"sessionId":"2a92d35f-a802-4be3-9b00-3b12f97adc8c","value":null}
&amp#27;[38;5;32m[AndroidUiautomator2Driver@1cda (702e746e)]&amp#27;[0m Responding to client with driver.click() result: null
&amp#27;[38;5;0m[HTTP]&amp#27;[0m &amp#27;[37m<-- POST /session/702e746e-f803-4824-aa27-03cbfaa3c8f8/element/00000000-0000-0016-ffff-ffff00000147/click &amp#27;[39m&amp#27;[32m200&amp#27;[39m &amp#27;[90m87 ms - 14&amp#27;[39m
&amp#27;[38;5;0m[HTTP]&amp#27;[0m &amp#27;[90m&amp#27;[39m
]]></system-out>
  </testcase>
  <testcase name="ToastMessageValidation" classname="org.joyacademy.Testcases01" time="5.889">
    <system-out><![CDATA[&amp#27;[38;5;0m[HTTP]&amp#27;[0m &amp#27;[37m-->&amp#27;[39m &amp#27;[37mPOST&amp#27;[39m &amp#27;[37m/session/702e746e-f803-4824-aa27-03cbfaa3c8f8/execute/sync&amp#27;[39m
&amp#27;[38;5;0m[HTTP]&amp#27;[0m &amp#27;[90m{"args":[{"intent":"com.androidsample.generalstore/com.androidsample.generalstore.MainActivity"}],"script":"mobile:startActivity"}&amp#27;[39m
&amp#27;[38;5;32m[AndroidUiautomator2Driver@1cda (702e746e)]&amp#27;[0m Calling AppiumDriver.execute() with args: ["mobile:startActivity",[{"intent":"com.androidsample.generalstore/com.androidsample.generalstore.MainActivity"}],"702e746e-f803-4824-aa27-03cbfaa3c8f8"]
&amp#27;[38;5;32m[AndroidUiautomator2Driver@1cda (702e746e)]&amp#27;[0m Executing method 'mobile: startActivity'
&amp#27;[38;5;48m[ADB]&amp#27;[0m Running 'C:\Users\joych\AppData\Local\Android\Sdk\platform-tools\adb.exe -P 5037 -s emulator-5554 shell am start-activity com.androidsample.generalstore/com.androidsample.generalstore.MainActivity'
&amp#27;[38;5;32m[AndroidUiautomator2Driver@1cda (702e746e)]&amp#27;[0m Responding to client with driver.execute() result: "Starting: Intent { act=android.intent.action.MAIN cat=[android.intent.category.LAUNCHER] cmp=com.androidsample.generalstore/.MainActivity }"
&amp#27;[38;5;0m[HTTP]&amp#27;[0m &amp#27;[37m<-- POST /session/702e746e-f803-4824-aa27-03cbfaa3c8f8/execute/sync &amp#27;[39m&amp#27;[32m200&amp#27;[39m &amp#27;[90m68 ms - 151&amp#27;[39m
&amp#27;[38;5;0m[HTTP]&amp#27;[0m &amp#27;[90m&amp#27;[39m
&amp#27;[38;5;0m[HTTP]&amp#27;[0m &amp#27;[37m-->&amp#27;[39m &amp#27;[37mGET&amp#27;[39m &amp#27;[37m/session/702e746e-f803-4824-aa27-03cbfaa3c8f8/context&amp#27;[39m
&amp#27;[38;5;0m[HTTP]&amp#27;[0m &amp#27;[90m{}&amp#27;[39m
&amp#27;[38;5;32m[AndroidUiautomator2Driver@1cda (702e746e)]&amp#27;[0m Calling AppiumDriver.getCurrentContext() with args: ["702e746e-f803-4824-aa27-03cbfaa3c8f8"]
&amp#27;[38;5;32m[AndroidUiautomator2Driver@1cda (702e746e)]&amp#27;[0m Responding to client with driver.getCurrentContext() result: "NATIVE_APP"
&amp#27;[38;5;0m[HTTP]&amp#27;[0m &amp#27;[37m<-- GET /session/702e746e-f803-4824-aa27-03cbfaa3c8f8/context &amp#27;[39m&amp#27;[32m200&amp#27;[39m &amp#27;[90m1 ms - 22&amp#27;[39m
&amp#27;[38;5;0m[HTTP]&amp#27;[0m &amp#27;[90m&amp#27;[39m
&amp#27;[38;5;0m[HTTP]&amp#27;[0m &amp#27;[37m-->&amp#27;[39m &amp#27;[37mPOST&amp#27;[39m &amp#27;[37m/session/702e746e-f803-4824-aa27-03cbfaa3c8f8/element&amp#27;[39m
&amp#27;[38;5;0m[HTTP]&amp#27;[0m &amp#27;[90m{"value":"com.androidsample.generalstore:id/btnLetsShop","using":"id"}&amp#27;[39m
&amp#27;[38;5;32m[AndroidUiautomator2Driver@1cda (702e746e)]&amp#27;[0m Calling AppiumDriver.findElement() with args: ["id","com.androidsample.generalstore:id/btnLetsShop","702e746e-f803-4824-aa27-03cbfaa3c8f8"]
&amp#27;[38;5;32m[AndroidUiautomator2Driver@1cda (702e746e)]&amp#27;[0m Valid locator strategies for this request: xpath, id, class name, accessibility id, css selector, -android uiautomator
&amp#27;[38;5;32m[AndroidUiautomator2Driver@1cda (702e746e)]&amp#27;[0m Waiting up to 10000 ms for condition
&amp#27;[38;5;32m[AndroidUiautomator2Driver@1cda (702e746e)]&amp#27;[0m Matched '/element' to command name 'findElement'
&amp#27;[38;5;32m[AndroidUiautomator2Driver@1cda (702e746e)]&amp#27;[0m Proxying [POST /element] to [POST http://127.0.0.1:8200/session/2a92d35f-a802-4be3-9b00-3b12f97adc8c/element] with body: {"strategy":"id","selector":"com.androidsample.generalstore:id/btnLetsShop","context":"","multiple":false}
&amp#27;[38;5;32m[AndroidUiautomator2Driver@1cda (702e746e)]&amp#27;[0m Got response with status 404: {"sessionId":"2a92d35f-a802-4be3-9b00-3b12f97adc8c","value":{"error":"no such element","message":"An element could not be located on the page using the given search parameters","stacktrace":"io.appium.uiautomator2.common.exceptions.ElementNotFoundException: An element could not be located on the page using the given search parameters\n\tat io.appium.uiautomator2.handler.FindElement.safeHandle(FindElement.java:63)\n\tat io.appium.uiautomator2.handler.request.SafeRequestHandler.handle(SafeRequestHandler.java:59)\n\tat io.appium.uiautomator2.server.AppiumServlet.handleRequest(AppiumServlet.java:259)\n\tat io.appium.uiautomator2.server.AppiumServlet.handleHttpRequest(AppiumServlet.java:253)\n\tat io.appium.uiautomator2.http.ServerHandler.channelRead(ServerHandler.java:77)\n\tat io.netty.channel.AbstractChannelHandlerContext.invokeChannelRead(AbstractChannelHandlerContext.java:366)\n\tat io.netty.channel.AbstractChannelHandlerContext.invokeChannelRead(AbstractChannelHandlerContext.java:352)\n\tat io.netty.chann...
&amp#27;[38;5;128m[W3C]&amp#27;[0m Matched W3C error code 'no such element' to NoSuchElementError
&amp#27;[38;5;32m[AndroidUiautomator2Driver@1cda (702e746e)]&amp#27;[0m Waited for 318 ms so far
&amp#27;[38;5;32m[AndroidUiautomator2Driver@1cda (702e746e)]&amp#27;[0m Matched '/element' to command name 'findElement'
&amp#27;[38;5;32m[AndroidUiautomator2Driver@1cda (702e746e)]&amp#27;[0m Proxying [POST /element] to [POST http://127.0.0.1:8200/session/2a92d35f-a802-4be3-9b00-3b12f97adc8c/element] with body: {"strategy":"id","selector":"com.androidsample.generalstore:id/btnLetsShop","context":"","multiple":false}
&amp#27;[38;5;32m[AndroidUiautomator2Driver@1cda (702e746e)]&amp#27;[0m Got response with status 200: {"sessionId":"2a92d35f-a802-4be3-9b00-3b12f97adc8c","value":{"ELEMENT":"00000000-0000-0019-ffff-ffff0000019a","element-6066-11e4-a52e-4f735466cecf":"00000000-0000-0019-ffff-ffff0000019a"}}
&amp#27;[38;5;32m[AndroidUiautomator2Driver@1cda (702e746e)]&amp#27;[0m Responding to client with driver.findElement() result: {"element-6066-11e4-a52e-4f735466cecf":"00000000-0000-0019-ffff-ffff0000019a","ELEMENT":"00000000-0000-0019-ffff-ffff0000019a"}
&amp#27;[38;5;0m[HTTP]&amp#27;[0m &amp#27;[37m<-- POST /session/702e746e-f803-4824-aa27-03cbfaa3c8f8/element &amp#27;[39m&amp#27;[32m200&amp#27;[39m &amp#27;[90m1560 ms - 137&amp#27;[39m
&amp#27;[38;5;0m[HTTP]&amp#27;[0m &amp#27;[90m&amp#27;[39m
&amp#27;[38;5;0m[HTTP]&amp#27;[0m &amp#27;[37m-->&amp#27;[39m &amp#27;[37mPOST&amp#27;[39m &amp#27;[37m/session/702e746e-f803-4824-aa27-03cbfaa3c8f8/element/00000000-0000-0019-ffff-ffff0000019a/click&amp#27;[39m
&amp#27;[38;5;0m[HTTP]&amp#27;[0m &amp#27;[90m{"id":"00000000-0000-0019-ffff-ffff0000019a"}&amp#27;[39m
&amp#27;[38;5;32m[AndroidUiautomator2Driver@1cda (702e746e)]&amp#27;[0m Calling AppiumDriver.click() with args: ["00000000-0000-0019-ffff-ffff0000019a","702e746e-f803-4824-aa27-03cbfaa3c8f8"]
&amp#27;[38;5;32m[AndroidUiautomator2Driver@1cda (702e746e)]&amp#27;[0m Matched '/element/00000000-0000-0019-ffff-ffff0000019a/click' to command name 'click'
&amp#27;[38;5;32m[AndroidUiautomator2Driver@1cda (702e746e)]&amp#27;[0m Proxying [POST /element/00000000-0000-0019-ffff-ffff0000019a/click] to [POST http://127.0.0.1:8200/session/2a92d35f-a802-4be3-9b00-3b12f97adc8c/element/00000000-0000-0019-ffff-ffff0000019a/click] with body: {"element":"00000000-0000-0019-ffff-ffff0000019a"}
&amp#27;[38;5;32m[AndroidUiautomator2Driver@1cda (702e746e)]&amp#27;[0m Got response with status 200: {"sessionId":"2a92d35f-a802-4be3-9b00-3b12f97adc8c","value":null}
&amp#27;[38;5;32m[AndroidUiautomator2Driver@1cda (702e746e)]&amp#27;[0m Responding to client with driver.click() result: null
&amp#27;[38;5;0m[HTTP]&amp#27;[0m &amp#27;[37m<-- POST /session/702e746e-f803-4824-aa27-03cbfaa3c8f8/element/00000000-0000-0019-ffff-ffff0000019a/click &amp#27;[39m&amp#27;[32m200&amp#27;[39m &amp#27;[90m81 ms - 14&amp#27;[39m
&amp#27;[38;5;0m[HTTP]&amp#27;[0m &amp#27;[90m&amp#27;[39m
&amp#27;[38;5;0m[HTTP]&amp#27;[0m &amp#27;[37m-->&amp#27;[39m &amp#27;[37mPOST&amp#27;[39m &amp#27;[37m/session/702e746e-f803-4824-aa27-03cbfaa3c8f8/element&amp#27;[39m
&amp#27;[38;5;0m[HTTP]&amp#27;[0m &amp#27;[90m{"value":"(//android.widget.Toast)[1]","using":"xpath"}&amp#27;[39m
&amp#27;[38;5;32m[AndroidUiautomator2Driver@1cda (702e746e)]&amp#27;[0m Calling AppiumDriver.findElement() with args: ["xpath","(//android.widget.Toast)[1]","702e746e-f803-4824-aa27-03cbfaa3c8f8"]
&amp#27;[38;5;32m[AndroidUiautomator2Driver@1cda (702e746e)]&amp#27;[0m Valid locator strategies for this request: xpath, id, class name, accessibility id, css selector, -android uiautomator
&amp#27;[38;5;32m[AndroidUiautomator2Driver@1cda (702e746e)]&amp#27;[0m Waiting up to 10000 ms for condition
&amp#27;[38;5;32m[AndroidUiautomator2Driver@1cda (702e746e)]&amp#27;[0m Matched '/element' to command name 'findElement'
&amp#27;[38;5;32m[AndroidUiautomator2Driver@1cda (702e746e)]&amp#27;[0m Proxying [POST /element] to [POST http://127.0.0.1:8200/session/2a92d35f-a802-4be3-9b00-3b12f97adc8c/element] with body: {"strategy":"xpath","selector":"(//android.widget.Toast)[1]","context":"","multiple":false}
&amp#27;[38;5;32m[AndroidUiautomator2Driver@1cda (702e746e)]&amp#27;[0m Got response with status 200: {"sessionId":"2a92d35f-a802-4be3-9b00-3b12f97adc8c","value":{"ELEMENT":"0fd726d1-274f-4c9b-ac5d-4417e4f70171","element-6066-11e4-a52e-4f735466cecf":"0fd726d1-274f-4c9b-ac5d-4417e4f70171"}}
&amp#27;[38;5;32m[AndroidUiautomator2Driver@1cda (702e746e)]&amp#27;[0m Responding to client with driver.findElement() result: {"element-6066-11e4-a52e-4f735466cecf":"0fd726d1-274f-4c9b-ac5d-4417e4f70171","ELEMENT":"0fd726d1-274f-4c9b-ac5d-4417e4f70171"}
&amp#27;[38;5;0m[HTTP]&amp#27;[0m &amp#27;[37m<-- POST /session/702e746e-f803-4824-aa27-03cbfaa3c8f8/element &amp#27;[39m&amp#27;[32m200&amp#27;[39m &amp#27;[90m127 ms - 137&amp#27;[39m
&amp#27;[38;5;0m[HTTP]&amp#27;[0m &amp#27;[90m&amp#27;[39m
&amp#27;[38;5;0m[HTTP]&amp#27;[0m &amp#27;[37m-->&amp#27;[39m &amp#27;[37mGET&amp#27;[39m &amp#27;[37m/session/702e746e-f803-4824-aa27-03cbfaa3c8f8/element/0fd726d1-274f-4c9b-ac5d-4417e4f70171/attribute/name&amp#27;[39m
&amp#27;[38;5;0m[HTTP]&amp#27;[0m &amp#27;[90m{}&amp#27;[39m
&amp#27;[38;5;32m[AndroidUiautomator2Driver@1cda (702e746e)]&amp#27;[0m Calling AppiumDriver.getAttribute() with args: ["name","0fd726d1-274f-4c9b-ac5d-4417e4f70171","702e746e-f803-4824-aa27-03cbfaa3c8f8"]
&amp#27;[38;5;32m[AndroidUiautomator2Driver@1cda (702e746e)]&amp#27;[0m Matched '/element/0fd726d1-274f-4c9b-ac5d-4417e4f70171/attribute/name' to command name 'getAttribute'
&amp#27;[38;5;32m[AndroidUiautomator2Driver@1cda (702e746e)]&amp#27;[0m Proxying [GET /element/0fd726d1-274f-4c9b-ac5d-4417e4f70171/attribute/name] to [GET http://127.0.0.1:8200/session/2a92d35f-a802-4be3-9b00-3b12f97adc8c/element/0fd726d1-274f-4c9b-ac5d-4417e4f70171/attribute/name] with no body
&amp#27;[38;5;32m[AndroidUiautomator2Driver@1cda (702e746e)]&amp#27;[0m Got response with status 200: {"sessionId":"2a92d35f-a802-4be3-9b00-3b12f97adc8c","value":"Please enter your name"}
&amp#27;[38;5;32m[AndroidUiautomator2Driver@1cda (702e746e)]&amp#27;[0m Responding to client with driver.getAttribute() result: "Please enter your name"
&amp#27;[38;5;0m[HTTP]&amp#27;[0m &amp#27;[37m<-- GET /session/702e746e-f803-4824-aa27-03cbfaa3c8f8/element/0fd726d1-274f-4c9b-ac5d-4417e4f70171/attribute/name &amp#27;[39m&amp#27;[32m200&amp#27;[39m &amp#27;[90m77 ms - 34&amp#27;[39m
&amp#27;[38;5;0m[HTTP]&amp#27;[0m &amp#27;[90m&amp#27;[39m
]]></system-out>
  </testcase>
  <testcase name="DragDrop" classname="org.joyacademy.DragandDrop" time="10.98">
    <failure message="An element could not be located on the page using the given search parameters.&#10;For documentation on this error, please visit: https://www.selenium.dev/documentation/webdriver/troubleshooting/errors#no-such-element-exception&#10;Build info: version: &apos;4.25.0&apos;, revision: &apos;8a8aea2337&apos;&#10;System info: os.name: &apos;Windows 11&apos;, os.arch: &apos;amd64&apos;, os.version: &apos;10.0&apos;, java.version: &apos;22.0.1&apos;&#10;Driver info: io.appium.java_client.android.AndroidDriver&#10;Command: [9fd5263c-c5f9-485d-ae71-e5fecdfd7f97, findElement {value=Views, using=accessibility id}]&#10;Capabilities {appium:app: C:\Users\joych\eclipse-work..., appium:appPackage: com.androidsample.generalstore, appium:automationName: UIAutomator2, appium:databaseEnabled: false, appium:desired: {app: C:\Users\joych\eclipse-work..., automationName: UIAutomator2, platformName: ANDROID}, appium:deviceApiLevel: 34, appium:deviceManufacturer: Google, appium:deviceModel: sdk_gphone64_x86_64, appium:deviceName: emulator-5554, appium:deviceScreenDensity: 560, appium:deviceScreenSize: 1440x2880, appium:deviceUDID: emulator-5554, appium:javascriptEnabled: true, appium:locationContextEnabled: false, appium:networkConnectionEnabled: true, appium:pixelRatio: 3.5, appium:platformVersion: 14, appium:statBarHeight: 98, appium:takesScreenshot: true, appium:viewportRect: {height: 2782, left: 0, top: 98, width: 1440}, appium:warnings: {}, appium:webStorageEnabled: false, platformName: ANDROID}&#10;Session ID: 9fd5263c-c5f9-485d-ae71-e5fecdfd7f97" type="org.openqa.selenium.NoSuchElementException"><![CDATA[org.openqa.selenium.NoSuchElementException: 
An element could not be located on the page using the given search parameters.
For documentation on this error, please visit: https://www.selenium.dev/documentation/webdriver/troubleshooting/errors#no-such-element-exception
Build info: version: '4.25.0', revision: '8a8aea2337'
System info: os.name: 'Windows 11', os.arch: 'amd64', os.version: '10.0', java.version: '22.0.1'
Driver info: io.appium.java_client.android.AndroidDriver
Command: [9fd5263c-c5f9-485d-ae71-e5fecdfd7f97, findElement {value=Views, using=accessibility id}]
Capabilities {appium:app: C:\Users\joych\eclipse-work..., appium:appPackage: com.androidsample.generalstore, appium:automationName: UIAutomator2, appium:databaseEnabled: false, appium:desired: {app: C:\Users\joych\eclipse-work..., automationName: UIAutomator2, platformName: ANDROID}, appium:deviceApiLevel: 34, appium:deviceManufacturer: Google, appium:deviceModel: sdk_gphone64_x86_64, appium:deviceName: emulator-5554, appium:deviceScreenDensity: 560, appium:deviceScreenSize: 1440x2880, appium:deviceUDID: emulator-5554, appium:javascriptEnabled: true, appium:locationContextEnabled: false, appium:networkConnectionEnabled: true, appium:pixelRatio: 3.5, appium:platformVersion: 14, appium:statBarHeight: 98, appium:takesScreenshot: true, appium:viewportRect: {height: 2782, left: 0, top: 98, width: 1440}, appium:warnings: {}, appium:webStorageEnabled: false, platformName: ANDROID}
Session ID: 9fd5263c-c5f9-485d-ae71-e5fecdfd7f97
	at java.base/jdk.internal.reflect.DirectConstructorHandleAccessor.newInstance(DirectConstructorHandleAccessor.java:62)
	at java.base/java.lang.reflect.Constructor.newInstanceWithCaller(Constructor.java:502)
	at java.base/java.lang.reflect.Constructor.newInstance(Constructor.java:486)
	at org.openqa.selenium.remote.ErrorCodec.decode(ErrorCodec.java:167)
	at org.openqa.selenium.remote.codec.w3c.W3CHttpResponseCodec.decode(W3CHttpResponseCodec.java:138)
	at org.openqa.selenium.remote.codec.w3c.W3CHttpResponseCodec.decode(W3CHttpResponseCodec.java:50)
	at org.openqa.selenium.remote.HttpCommandExecutor.execute(HttpCommandExecutor.java:190)
	at io.appium.java_client.remote.AppiumCommandExecutor.execute(AppiumCommandExecutor.java:237)
	at org.openqa.selenium.remote.RemoteWebDriver.execute(RemoteWebDriver.java:518)
	at org.openqa.selenium.remote.ElementLocation$ElementFinder$2.findElement(ElementLocation.java:165)
	at org.openqa.selenium.remote.ElementLocation.findElement(ElementLocation.java:66)
	at org.openqa.selenium.remote.RemoteWebDriver.findElement(RemoteWebDriver.java:355)
	at org.openqa.selenium.remote.RemoteWebDriver.findElement(RemoteWebDriver.java:349)
	at org.joyacademy.DragandDrop.DragDrop(DragandDrop.java:21)
	at java.base/jdk.internal.reflect.DirectMethodHandleAccessor.invoke(DirectMethodHandleAccessor.java:103)
	at java.base/java.lang.reflect.Method.invoke(Method.java:580)
	at org.testng.internal.invokers.MethodInvocationHelper.invokeMethod(MethodInvocationHelper.java:139)
	at org.testng.internal.invokers.TestInvoker.invokeMethod(TestInvoker.java:664)
	at org.testng.internal.invokers.TestInvoker.invokeTestMethod(TestInvoker.java:228)
	at org.testng.internal.invokers.MethodRunner.runInSequence(MethodRunner.java:63)
	at org.testng.internal.invokers.TestInvoker$MethodInvocationAgent.invoke(TestInvoker.java:961)
	at org.testng.internal.invokers.TestInvoker.invokeTestMethods(TestInvoker.java:201)
	at org.testng.internal.invokers.TestMethodWorker.invokeTestMethods(TestMethodWorker.java:148)
	at org.testng.internal.invokers.TestMethodWorker.run(TestMethodWorker.java:128)
	at java.base/java.util.ArrayList.forEach(ArrayList.java:1597)
	at org.testng.TestRunner.privateRun(TestRunner.java:819)
	at org.testng.TestRunner.run(TestRunner.java:619)
	at org.testng.SuiteRunner.runTest(SuiteRunner.java:443)
	at org.testng.SuiteRunner.runSequentially(SuiteRunner.java:437)
	at org.testng.SuiteRunner.privateRun(SuiteRunner.java:397)
	at org.testng.SuiteRunner.run(SuiteRunner.java:336)
	at org.testng.SuiteRunnerWorker.runSuite(SuiteRunnerWorker.java:52)
	at org.testng.SuiteRunnerWorker.run(SuiteRunnerWorker.java:95)
	at org.testng.TestNG.runSuitesSequentially(TestNG.java:1301)
	at org.testng.TestNG.runSuitesLocally(TestNG.java:1228)
	at org.testng.TestNG.runSuites(TestNG.java:1134)
	at org.testng.TestNG.run(TestNG.java:1101)
	at org.apache.maven.surefire.testng.TestNGExecutor.run(TestNGExecutor.java:308)
	at org.apache.maven.surefire.testng.TestNGXmlTestSuite.execute(TestNGXmlTestSuite.java:71)
	at org.apache.maven.surefire.testng.TestNGProvider.invoke(TestNGProvider.java:113)
	at org.apache.maven.surefire.booter.ForkedBooter.runSuitesInProcess(ForkedBooter.java:385)
	at org.apache.maven.surefire.booter.ForkedBooter.execute(ForkedBooter.java:162)
	at org.apache.maven.surefire.booter.ForkedBooter.run(ForkedBooter.java:507)
	at org.apache.maven.surefire.booter.ForkedBooter.main(ForkedBooter.java:495)
]]></failure>
    <system-out><![CDATA[&amp#27;[38;5;0m[HTTP]&amp#27;[0m &amp#27;[37m-->&amp#27;[39m &amp#27;[37mDELETE&amp#27;[39m &amp#27;[37m/session/702e746e-f803-4824-aa27-03cbfaa3c8f8&amp#27;[39m
&amp#27;[38;5;0m[HTTP]&amp#27;[0m &amp#27;[90m{}&amp#27;[39m
&amp#27;[38;5;32m[AndroidUiautomator2Driver@1cda (702e746e)]&amp#27;[0m Calling AppiumDriver.deleteSession() with args: ["702e746e-f803-4824-aa27-03cbfaa3c8f8"]
&amp#27;[38;5;16m[AppiumDriver@7cb0]&amp#27;[0m Event 'quitSessionRequested' logged at 1727179054400 (17:27:34 GMT+0530 (India Standard Time))
&amp#27;[38;5;16m[AppiumDriver@7cb0]&amp#27;[0m Removing session 702e746e-f803-4824-aa27-03cbfaa3c8f8 from our master session list
&amp#27;[38;5;32m[AndroidUiautomator2Driver@1cda (702e746e)]&amp#27;[0m Deleting UiAutomator2 session
&amp#27;[38;5;32m[AndroidUiautomator2Driver@1cda (702e746e)]&amp#27;[0m Deleting UiAutomator2 server session
&amp#27;[38;5;32m[AndroidUiautomator2Driver@1cda (702e746e)]&amp#27;[0m Matched '/' to command name 'deleteSession'
&amp#27;[38;5;32m[AndroidUiautomator2Driver@1cda (702e746e)]&amp#27;[0m Proxying [DELETE /] to [DELETE http://127.0.0.1:8200/session/2a92d35f-a802-4be3-9b00-3b12f97adc8c] with no body
&amp#27;[38;5;32m[AndroidUiautomator2Driver@1cda (702e746e)]&amp#27;[0m Got response with status 200: {"sessionId":"2a92d35f-a802-4be3-9b00-3b12f97adc8c","value":null}
&amp#27;[38;5;48m[ADB]&amp#27;[0m Running 'C:\Users\joych\AppData\Local\Android\Sdk\platform-tools\adb.exe -P 5037 -s emulator-5554 shell dumpsys activity services io.appium.settings/.recorder.RecorderService'
&amp#27;[38;5;48m[ADB]&amp#27;[0m Running 'C:\Users\joych\AppData\Local\Android\Sdk\platform-tools\adb.exe -P 5037 -s emulator-5554 shell am force-stop com.androidsample.generalstore'
&amp#27;[38;5;96m[Logcat]&amp#27;[0m Stopping logcat capture
&amp#27;[38;5;48m[ADB]&amp#27;[0m Removing forwarded port socket connection: 8200 
&amp#27;[38;5;48m[ADB]&amp#27;[0m Running 'C:\Users\joych\AppData\Local\Android\Sdk\platform-tools\adb.exe -P 5037 -s emulator-5554 forward --remove tcp:8200'
&amp#27;[38;5;32m[AndroidUiautomator2Driver@1cda (702e746e)]&amp#27;[0m Restoring hidden api policy to the device default configuration
&amp#27;[38;5;48m[ADB]&amp#27;[0m Running 'C:\Users\joych\AppData\Local\Android\Sdk\platform-tools\adb.exe -P 5037 -s emulator-5554 shell 'settings delete global hidden_api_policy_pre_p_apps;settings delete global hidden_api_policy_p_apps;settings delete global hidden_api_policy''
&amp#27;[38;5;112m[Instrumentation]&amp#27;[0m .
&amp#27;[38;5;16m[AppiumDriver@7cb0]&amp#27;[0m Event 'quitSessionFinished' logged at 1727179054871 (17:27:34 GMT+0530 (India Standard Time))
&amp#27;[38;5;16m[AppiumDriver@7cb0]&amp#27;[0m Received response: null
&amp#27;[38;5;16m[AppiumDriver@7cb0]&amp#27;[0m But deleting session, so not returning
&amp#27;[38;5;16m[AppiumDriver@7cb0]&amp#27;[0m Responding to client with driver.deleteSession() result: null
&amp#27;[38;5;0m[HTTP]&amp#27;[0m &amp#27;[37m<-- DELETE /session/702e746e-f803-4824-aa27-03cbfaa3c8f8 &amp#27;[39m&amp#27;[32m200&amp#27;[39m &amp#27;[90m473 ms - 14&amp#27;[39m
&amp#27;[38;5;0m[HTTP]&amp#27;[0m &amp#27;[90m&amp#27;[39m
&amp#27;[35m[Appium]&amp#27;[39m Welcome to Appium v2.5.4
&amp#27;[35m[Appium]&amp#27;[39m Non-default server args:
&amp#27;[35m[Appium]&amp#27;[39m { address: &amp#27;[32m'192.168.31.162'&amp#27;[39m }
&amp#27;[35m[Appium]&amp#27;[39m The autodetected Appium home path: C:\Users\joych
&amp#27;[35m[Appium]&amp#27;[39m Attempting to load driver uiautomator2...
&amp#27;[35m[Appium]&amp#27;[39m Attempting to load driver chromium...
&amp#27;[35m[Appium]&amp#27;[39m Attempting to load driver gecko...
&amp#27;[35m[Appium]&amp#27;[39m Requiring driver at C:\Users\joych\node_modules\appium-geckodriver\build\index.js
&amp#27;[35m[Appium]&amp#27;[39m Requiring driver at C:\Users\joych\node_modules\appium-uiautomator2-driver\build\index.js
&amp#27;[35m[Appium]&amp#27;[39m Requiring driver at C:\Users\joych\node_modules\appium-chromium-driver\index.js
&amp#27;[35m[Appium]&amp#27;[39m GeckoDriver has been successfully loaded in 3.214s
&amp#27;[35m[Appium]&amp#27;[39m AndroidUiautomator2Driver has been successfully loaded in 3.215s
&amp#27;[35m[Appium]&amp#27;[39m ChromiumDriver has been successfully loaded in 3.215s
&amp#27;[35m[Appium]&amp#27;[39m Appium REST http interface listener started on http://192.168.31.162:4723
&amp#27;[35m[Appium]&amp#27;[39m Available drivers:
&amp#27;[35m[Appium]&amp#27;[39m   - uiautomator2@3.2.0 (automationName 'UiAutomator2')
&amp#27;[35m[Appium]&amp#27;[39m   - chromium@1.3.24 (automationName 'Chromium')
&amp#27;[35m[Appium]&amp#27;[39m   - gecko@1.3.3 (automationName 'Gecko')
&amp#27;[35m[Appium]&amp#27;[39m No plugins have been installed. Use the "appium plugin" command to install the one(s) you want to use.
&amp#27;[38;5;0m[HTTP]&amp#27;[0m &amp#27;[37m-->&amp#27;[39m &amp#27;[37mGET&amp#27;[39m &amp#27;[37m/status&amp#27;[39m
&amp#27;[38;5;0m[HTTP]&amp#27;[0m &amp#27;[90m{}&amp#27;[39m
&amp#27;[38;5;16m[AppiumDriver@c397]&amp#27;[0m Calling AppiumDriver.getStatus() with args: []
&amp#27;[38;5;16m[AppiumDriver@c397]&amp#27;[0m Responding to client with driver.getStatus() result: {"ready":true,"message":"The server is ready to accept new connections","build":{"version":"2.5.4"}}
&amp#27;[38;5;0m[HTTP]&amp#27;[0m &amp#27;[37m<-- GET /status &amp#27;[39m&amp#27;[32m200&amp#27;[39m &amp#27;[90m5 ms - 110&amp#27;[39m
&amp#27;[38;5;0m[HTTP]&amp#27;[0m &amp#27;[90m&amp#27;[39m
&amp#27;[38;5;0m[HTTP]&amp#27;[0m Request idempotency key: dc886b1f-ad48-4317-a965-b6453a704ee1
&amp#27;[38;5;0m[HTTP]&amp#27;[0m &amp#27;[37m-->&amp#27;[39m &amp#27;[37mPOST&amp#27;[39m &amp#27;[37m/session&amp#27;[39m
&amp#27;[38;5;0m[HTTP]&amp#27;[0m &amp#27;[90m{"capabilities":{"firstMatch":[{}],"alwaysMatch":{"appium:app":"C:\\Users\\joych\\eclipse-workspace\\AppiumFrameworkDesign\\src\\main\\java\\org\\joyacademy\\resources\\General-Store.apk","appium:automationName":"UIAutomator2","platformName":"ANDROID"}}}&amp#27;[39m
&amp#27;[38;5;16m[AppiumDriver@c397]&amp#27;[0m Calling AppiumDriver.createSession() with args: [null,null,{"firstMatch":[{}],"alwaysMatch":{"appium:app":"C:\\Users\\joych\\eclipse-workspace\\AppiumFrameworkDesign\\src\\main\\java\\org\\joyacademy\\resources\\General-Store.apk","appium:automationName":"UIAutomator2","platformName":"ANDROID"}}]
&amp#27;[38;5;16m[AppiumDriver@c397]&amp#27;[0m Event 'newSessionRequested' logged at 1727179060389 (17:27:40 GMT+0530 (India Standard Time))
&amp#27;[35m[Appium]&amp#27;[39m Attempting to find matching driver for automationName 'UIAutomator2' and platformName 'ANDROID'
&amp#27;[35m[Appium]&amp#27;[39m The 'uiautomator2' driver was installed and matched caps.
&amp#27;[35m[Appium]&amp#27;[39m Will require it at C:\Users\joych\node_modules\appium-uiautomator2-driver
&amp#27;[35m[Appium]&amp#27;[39m Requiring driver at C:\Users\joych\node_modules\appium-uiautomator2-driver\build\index.js
&amp#27;[38;5;16m[AppiumDriver@c397]&amp#27;[0m Appium v2.5.4 creating new AndroidUiautomator2Driver (v3.2.0) session
&amp#27;[38;5;16m[AppiumDriver@c397]&amp#27;[0m Checking BaseDriver versions for Appium and AndroidUiautomator2Driver
&amp#27;[38;5;16m[AppiumDriver@c397]&amp#27;[0m Appium's BaseDriver version is 9.6.0
&amp#27;[38;5;16m[AppiumDriver@c397]&amp#27;[0m AndroidUiautomator2Driver's BaseDriver version is 9.6.0
&amp#27;[38;5;32m[AndroidUiautomator2Driver@8858]&amp#27;[0m Creating session with W3C capabilities: {
&amp#27;[38;5;32m[AndroidUiautomator2Driver@8858]&amp#27;[0m   "alwaysMatch": {
&amp#27;[38;5;32m[AndroidUiautomator2Driver@8858]&amp#27;[0m     "platformName": "ANDROID",
&amp#27;[38;5;32m[AndroidUiautomator2Driver@8858]&amp#27;[0m     "appium:app": "C:\\Users\\joych\\eclipse-workspace\\AppiumFrameworkDesign\\src\\main\\java\\org\\joyacademy\\resources\\General-Store.apk",
&amp#27;[38;5;32m[AndroidUiautomator2Driver@8858]&amp#27;[0m     "appium:automationName": "UIAutomator2"
&amp#27;[38;5;32m[AndroidUiautomator2Driver@8858]&amp#27;[0m   },
&amp#27;[38;5;32m[AndroidUiautomator2Driver@8858]&amp#27;[0m   "firstMatch": [
&amp#27;[38;5;32m[AndroidUiautomator2Driver@8858]&amp#27;[0m     {}
&amp#27;[38;5;32m[AndroidUiautomator2Driver@8858]&amp#27;[0m   ]
&amp#27;[38;5;32m[AndroidUiautomator2Driver@8858]&amp#27;[0m }
&amp#27;[38;5;32m[AndroidUiautomator2Driver@8858 (9fd5263c)]&amp#27;[0m Session created with session id: 9fd5263c-c5f9-485d-ae71-e5fecdfd7f97
&amp#27;[38;5;48m[ADB]&amp#27;[0m Found 1 'build-tools' folders under 'C:\Users\joych\AppData\Local\Android\Sdk' (newest first):
&amp#27;[38;5;48m[ADB]&amp#27;[0m     C:\Users\joych\AppData\Local\Android\Sdk\build-tools\34.0.0
&amp#27;[38;5;48m[ADB]&amp#27;[0m Using 'adb.exe' from 'C:\Users\joych\AppData\Local\Android\Sdk\platform-tools\adb.exe'
&amp#27;[38;5;48m[ADB]&amp#27;[0m Running 'C:\Users\joych\AppData\Local\Android\Sdk\platform-tools\adb.exe -P 5037 start-server'
&amp#27;[38;5;32m[AndroidUiautomator2Driver@8858 (9fd5263c)]&amp#27;[0m Retrieving device list
&amp#27;[38;5;48m[ADB]&amp#27;[0m Trying to find connected Android devices
&amp#27;[38;5;48m[ADB]&amp#27;[0m Getting connected devices
&amp#27;[38;5;48m[ADB]&amp#27;[0m Connected devices: [{"udid":"emulator-5554","state":"device"}]
&amp#27;[38;5;32m[AndroidUiautomator2Driver@8858 (9fd5263c)]&amp#27;[0m Using device: emulator-5554
&amp#27;[38;5;48m[ADB]&amp#27;[0m Using 'adb.exe' from 'C:\Users\joych\AppData\Local\Android\Sdk\platform-tools\adb.exe'
&amp#27;[38;5;48m[ADB]&amp#27;[0m Running 'C:\Users\joych\AppData\Local\Android\Sdk\platform-tools\adb.exe -P 5037 start-server'
&amp#27;[38;5;48m[ADB]&amp#27;[0m Setting device id to emulator-5554
&amp#27;[38;5;64m[BaseDriver]&amp#27;[0m Using local app 'C:\Users\joych\eclipse-workspace\AppiumFrameworkDesign\src\main\java\org\joyacademy\resources\General-Store.apk'
&amp#27;[38;5;32m[AndroidUiautomator2Driver@8858 (9fd5263c)]&amp#27;[0m Checking whether app is actually present
&amp#27;[38;5;48m[ADB]&amp#27;[0m Running 'C:\Users\joych\AppData\Local\Android\Sdk\platform-tools\adb.exe -P 5037 -s emulator-5554 shell getprop ro.build.version.sdk'
&amp#27;[38;5;48m[ADB]&amp#27;[0m Current device property 'ro.build.version.sdk': 34
&amp#27;[38;5;48m[ADB]&amp#27;[0m Getting device platform version
&amp#27;[38;5;48m[ADB]&amp#27;[0m Running 'C:\Users\joych\AppData\Local\Android\Sdk\platform-tools\adb.exe -P 5037 -s emulator-5554 shell getprop ro.build.version.release'
&amp#27;[38;5;48m[ADB]&amp#27;[0m Current device property 'ro.build.version.release': 14
&amp#27;[38;5;48m[ADB]&amp#27;[0m Device API level: 34
&amp#27;[38;5;32m[AndroidUiautomator2Driver@8858 (9fd5263c)]&amp#27;[0m Relaxing hidden api policy
&amp#27;[38;5;48m[ADB]&amp#27;[0m Running 'C:\Users\joych\AppData\Local\Android\Sdk\platform-tools\adb.exe -P 5037 -s emulator-5554 shell 'settings put global hidden_api_policy_pre_p_apps 1;settings put global hidden_api_policy_p_apps 1;settings put global hidden_api_policy 1''
&amp#27;[38;5;32m[AndroidUiautomator2Driver@8858 (9fd5263c)]&amp#27;[0m Parsing package and activity from app manifest
&amp#27;[38;5;48m[ADB]&amp#27;[0m Running 'C:\Users\joych\AppData\Local\Android\Sdk\platform-tools\adb.exe -P 5037 -s emulator-5554 wait-for-device'
&amp#27;[38;5;48m[ADB]&amp#27;[0m Package name: 'com.androidsample.generalstore'
&amp#27;[38;5;48m[ADB]&amp#27;[0m Main activity name: 'com.androidsample.generalstore.SplashActivity'
&amp#27;[38;5;32m[AndroidUiautomator2Driver@8858 (9fd5263c)]&amp#27;[0m Parsed package and activity are: com.androidsample.generalstore/com.androidsample.generalstore.SplashActivity
&amp#27;[38;5;48m[ADB]&amp#27;[0m Running 'C:\Users\joych\AppData\Local\Android\Sdk\platform-tools\adb.exe -P 5037 -s emulator-5554 shell echo ping'
&amp#27;[38;5;32m[AndroidUiautomator2Driver@8858 (9fd5263c)]&amp#27;[0m Pushing settings apk to the device...
&amp#27;[38;5;48m[ADB]&amp#27;[0m Getting package info for 'io.appium.settings'
&amp#27;[38;5;48m[ADB]&amp#27;[0m Running 'C:\Users\joych\AppData\Local\Android\Sdk\platform-tools\adb.exe -P 5037 -s emulator-5554 shell dumpsys package io.appium.settings'
&amp#27;[38;5;48m[ADB]&amp#27;[0m The version name of the installed 'io.appium.settings' is greater or equal to the application version name ('5.7.9' >= '5.7.9')
&amp#27;[38;5;48m[ADB]&amp#27;[0m There is no need to install/upgrade 'C:\Users\joych\node_modules\appium-uiautomator2-driver\node_modules\io.appium.settings\apks\settings_apk-debug.apk'
&amp#27;[38;5;48m[ADB]&amp#27;[0m Running 'C:\Users\joych\AppData\Local\Android\Sdk\platform-tools\adb.exe -P 5037 -s emulator-5554 shell dumpsys activity services io.appium.settings'
&amp#27;[38;5;32m[AndroidUiautomator2Driver@8858 (9fd5263c)]&amp#27;[0m io.appium.settings is already running. There is no need to reset its permissions.
&amp#27;[38;5;80m[Logcat]&amp#27;[0m Starting logs capture with command: C:\\Users\\joych\\AppData\\Local\\Android\\Sdk\\platform-tools\\adb.exe -P 5037 -s emulator-5554 logcat -v threadtime
&amp#27;[38;5;32m[AndroidUiautomator2Driver@8858 (9fd5263c)]&amp#27;[0m Forwarding UiAutomator2 Server port 6790 to local port 8200
&amp#27;[38;5;48m[ADB]&amp#27;[0m Forwarding system: 8200 to device: 6790
&amp#27;[38;5;48m[ADB]&amp#27;[0m Running 'C:\Users\joych\AppData\Local\Android\Sdk\platform-tools\adb.exe -P 5037 -s emulator-5554 forward tcp:8200 tcp:6790'
&amp#27;[38;5;48m[ADB]&amp#27;[0m Getting package info for 'io.appium.uiautomator2.server'
&amp#27;[38;5;48m[ADB]&amp#27;[0m Running 'C:\Users\joych\AppData\Local\Android\Sdk\platform-tools\adb.exe -P 5037 -s emulator-5554 shell dumpsys package io.appium.uiautomator2.server'
&amp#27;[38;5;48m[ADB]&amp#27;[0m Getting install status for io.appium.uiautomator2.server.test
&amp#27;[38;5;48m[ADB]&amp#27;[0m Checking app cert for C:\Users\joych\eclipse-workspace\AppiumFrameworkDesign\src\main\java\org\joyacademy\resources\General-Store.apk
&amp#27;[38;5;48m[ADB]&amp#27;[0m Running 'C:\Users\joych\AppData\Local\Android\Sdk\platform-tools\adb.exe -P 5037 -s emulator-5554 shell cmd package list packages'
&amp#27;[38;5;48m[ADB]&amp#27;[0m Using 'apksigner.jar' from 'C:\Users\joych\AppData\Local\Android\Sdk\build-tools\34.0.0\lib\apksigner.jar'
&amp#27;[38;5;48m[ADB]&amp#27;[0m Starting apksigner: 'C:\\Program Files\\Common Files\\Oracle\\Java\\javapath\\java.exe' -Xmx1024M -Xss1m -jar C:\\Users\\joych\\AppData\\Local\\Android\\Sdk\\build-tools\\34.0.0\\lib\\apksigner.jar verify --print-certs C:\\Users\\joych\\eclipse-workspace\\AppiumFrameworkDesign\\src\\main\\java\\org\\joyacademy\\resources\\General-Store.apk
&amp#27;[38;5;48m[ADB]&amp#27;[0m 'io.appium.uiautomator2.server.test' is installed
&amp#27;[38;5;48m[ADB]&amp#27;[0m The version name of the installed 'io.appium.uiautomator2.server' is greater or equal to the application version name ('7.0.5' >= '7.0.5')
&amp#27;[38;5;32m[AndroidUiautomator2Driver@8858 (9fd5263c)]&amp#27;[0m Server packages status: [{"installState":"sameVersionInstalled","appPath":"C:\\Users\\joych\\node_modules\\appium-uiautomator2-driver\\node_modules\\appium-uiautomator2-server\\apks\\appium-uiautomator2-server-v7.0.5.apk","appId":"io.appium.uiautomator2.server"},{"installState":"sameVersionInstalled","appPath":"C:\\Users\\joych\\node_modules\\appium-uiautomator2-driver\\node_modules\\appium-uiautomator2-server\\apks\\appium-uiautomator2-server-debug-androidTest.apk","appId":"io.appium.uiautomator2.server.test"}]
&amp#27;[38;5;32m[AndroidUiautomator2Driver@8858 (9fd5263c)]&amp#27;[0m Server packages are not going to be (re)installed
&amp#27;[38;5;32m[AndroidUiautomator2Driver@8858 (9fd5263c)]&amp#27;[0m Waiting up to 30000ms for services to be available
&amp#27;[38;5;48m[ADB]&amp#27;[0m Running 'C:\Users\joych\AppData\Local\Android\Sdk\platform-tools\adb.exe -P 5037 -s emulator-5554 shell pm list instrumentation'
&amp#27;[38;5;32m[AndroidUiautomator2Driver@8858 (9fd5263c)]&amp#27;[0m Instrumentation target 'io.appium.uiautomator2.server.test/androidx.test.runner.AndroidJUnitRunner' is available
&amp#27;[38;5;48m[ADB]&amp#27;[0m Adding packages ["io.appium.settings","io.appium.uiautomator2.server","io.appium.uiautomator2.server.test"] to Doze whitelist
&amp#27;[38;5;48m[ADB]&amp#27;[0m Got the following command chunks to execute: [["dumpsys","deviceidle","whitelist","+io.appium.settings",";","dumpsys","deviceidle","whitelist","+io.appium.uiautomator2.server",";","dumpsys","deviceidle","whitelist","+io.appium.uiautomator2.server.test",";"]]
&amp#27;[38;5;48m[ADB]&amp#27;[0m Running 'C:\Users\joych\AppData\Local\Android\Sdk\platform-tools\adb.exe -P 5037 -s emulator-5554 shell dumpsys deviceidle whitelist +io.appium.settings ; dumpsys deviceidle whitelist +io.appium.uiautomator2.server ; dumpsys deviceidle whitelist +io.appium.uiautomator2.server.test ;'
&amp#27;[38;5;48m[ADB]&amp#27;[0m apksigner stdout: Signer #1 certificate DN: C=US, O=Android, CN=Android Debug
&amp#27;[38;5;48m[ADB]&amp#27;[0m Signer #1 certificate SHA-256 digest: f5f5931c019be6bff8a26255f76ae9ef8a8e631d2a702ec10e91110231549eef
&amp#27;[38;5;48m[ADB]&amp#27;[0m Signer #1 certificate SHA-1 digest: b250161db8b5d0a1bd39154c9fd749bdad79c1a3
&amp#27;[38;5;48m[ADB]&amp#27;[0m Signer #1 certificate MD5 digest: 7a5550323d84472ca25a0861c63e0a6c
&amp#27;[38;5;48m[ADB]&amp#27;[0m 
&amp#27;[38;5;48m[ADB]&amp#27;[0m 'C:\Users\joych\eclipse-workspace\AppiumFrameworkDesign\src\main\java\org\joyacademy\resources\General-Store.apk' is signed with a non-default certificate
&amp#27;[38;5;48m[ADB]&amp#27;[0m Getting package info for 'com.androidsample.generalstore'
&amp#27;[38;5;48m[ADB]&amp#27;[0m Running 'C:\Users\joych\AppData\Local\Android\Sdk\platform-tools\adb.exe -P 5037 -s emulator-5554 shell dumpsys package com.androidsample.generalstore'
&amp#27;[38;5;48m[ADB]&amp#27;[0m The version name of the installed 'com.androidsample.generalstore' is greater or equal to the application version name ('1.0.0' >= '1.0.0')
&amp#27;[38;5;48m[ADB]&amp#27;[0m There is no need to install/upgrade 'C:\Users\joych\eclipse-workspace\AppiumFrameworkDesign\src\main\java\org\joyacademy\resources\General-Store.apk'
&amp#27;[38;5;32m[AndroidUiautomator2Driver@8858 (9fd5263c)]&amp#27;[0m Performing fast reset on 'com.androidsample.generalstore'
&amp#27;[38;5;48m[ADB]&amp#27;[0m Getting install status for com.androidsample.generalstore
&amp#27;[38;5;48m[ADB]&amp#27;[0m Running 'C:\Users\joych\AppData\Local\Android\Sdk\platform-tools\adb.exe -P 5037 -s emulator-5554 shell cmd package list packages'
&amp#27;[38;5;48m[ADB]&amp#27;[0m 'com.androidsample.generalstore' is installed
&amp#27;[38;5;48m[ADB]&amp#27;[0m Running 'C:\Users\joych\AppData\Local\Android\Sdk\platform-tools\adb.exe -P 5037 -s emulator-5554 shell am force-stop com.androidsample.generalstore'
&amp#27;[38;5;48m[ADB]&amp#27;[0m Running 'C:\Users\joych\AppData\Local\Android\Sdk\platform-tools\adb.exe -P 5037 -s emulator-5554 shell pm clear com.androidsample.generalstore'
&amp#27;[38;5;32m[AndroidUiautomator2Driver@8858 (9fd5263c)]&amp#27;[0m Performed fast reset on the installed 'com.androidsample.generalstore' application (stop and clear)
&amp#27;[38;5;32m[AndroidUiautomator2Driver@8858 (9fd5263c)]&amp#27;[0m Performing shallow cleanup of automation leftovers
&amp#27;[38;5;32m[AndroidUiautomator2Driver@8858 (9fd5263c)]&amp#27;[0m No obsolete sessions have been detected (socket hang up)
&amp#27;[38;5;48m[ADB]&amp#27;[0m Running 'C:\Users\joych\AppData\Local\Android\Sdk\platform-tools\adb.exe -P 5037 -s emulator-5554 shell am force-stop io.appium.uiautomator2.server.test'
&amp#27;[38;5;32m[AndroidUiautomator2Driver@8858 (9fd5263c)]&amp#27;[0m Starting UIAutomator2 server 7.0.5
&amp#27;[38;5;32m[AndroidUiautomator2Driver@8858 (9fd5263c)]&amp#27;[0m Using UIAutomator2 server from 'C:\Users\joych\node_modules\appium-uiautomator2-driver\node_modules\appium-uiautomator2-server\apks\appium-uiautomator2-server-v7.0.5.apk' and test from 'C:\Users\joych\node_modules\appium-uiautomator2-driver\node_modules\appium-uiautomator2-server\apks\appium-uiautomator2-server-debug-androidTest.apk'
&amp#27;[38;5;32m[AndroidUiautomator2Driver@8858 (9fd5263c)]&amp#27;[0m Waiting up to 30000ms for UiAutomator2 to be online...
&amp#27;[38;5;48m[ADB]&amp#27;[0m Creating ADB subprocess with args: ["-P","5037","-s","emulator-5554","shell","am","instrument","-w","-e","disableAnalytics","true","io.appium.uiautomator2.server.test/androidx.test.runner.AndroidJUnitRunner"]
&amp#27;[38;5;32m[AndroidUiautomator2Driver@8858 (9fd5263c)]&amp#27;[0m Matched '/status' to command name 'getStatus'
&amp#27;[38;5;32m[AndroidUiautomator2Driver@8858 (9fd5263c)]&amp#27;[0m Proxying [GET /status] to [GET http://127.0.0.1:8200/status] with no body
&amp#27;[38;5;32m[AndroidUiautomator2Driver@8858 (9fd5263c)]&amp#27;[0m socket hang up
&amp#27;[38;5;96m[Instrumentation]&amp#27;[0m io.appium.uiautomator2.server.test.AppiumUiAutomator2Server:
&amp#27;[38;5;32m[AndroidUiautomator2Driver@8858 (9fd5263c)]&amp#27;[0m Matched '/status' to command name 'getStatus'
&amp#27;[38;5;32m[AndroidUiautomator2Driver@8858 (9fd5263c)]&amp#27;[0m Proxying [GET /status] to [GET http://127.0.0.1:8200/status] with no body
&amp#27;[38;5;32m[AndroidUiautomator2Driver@8858 (9fd5263c)]&amp#27;[0m socket hang up
&amp#27;[38;5;32m[AndroidUiautomator2Driver@8858 (9fd5263c)]&amp#27;[0m Matched '/status' to command name 'getStatus'
&amp#27;[38;5;32m[AndroidUiautomator2Driver@8858 (9fd5263c)]&amp#27;[0m Proxying [GET /status] to [GET http://127.0.0.1:8200/status] with no body
&amp#27;[38;5;32m[AndroidUiautomator2Driver@8858 (9fd5263c)]&amp#27;[0m Got response with status 200: {"sessionId":"None","value":{"message":"UiAutomator2 Server is ready to accept commands","ready":true}}
&amp#27;[38;5;32m[AndroidUiautomator2Driver@8858 (9fd5263c)]&amp#27;[0m The initialization of the instrumentation process took 2182ms
&amp#27;[38;5;32m[AndroidUiautomator2Driver@8858 (9fd5263c)]&amp#27;[0m Matched '/session' to command name 'createSession'
&amp#27;[38;5;32m[AndroidUiautomator2Driver@8858 (9fd5263c)]&amp#27;[0m Proxying [POST /session] to [POST http://127.0.0.1:8200/session] with body: {"capabilities":{"firstMatch":[{"platformName":"ANDROID","app":"C:\\Users\\joych\\eclipse-workspace\\AppiumFrameworkDesign\\src\\main\\java\\org\\joyacademy\\resources\\General-Store.apk","automationName":"UIAutomator2","platform":"LINUX","webStorageEnabled":false,"takesScreenshot":true,"javascriptEnabled":true,"databaseEnabled":false,"networkConnectionEnabled":true,"locationContextEnabled":false,"warnings":{},"desired":{"platformName":"ANDROID","app":"C:\\Users\\joych\\eclipse-workspace\\AppiumFrameworkDesign\\src\\main\\java\\org\\joyacademy\\resources\\General-Store.apk","automationName":"UIAutomator2"},"deviceName":"emulator-5554","deviceUDID":"emulator-5554","appPackage":"com.androidsample.generalstore"}],"alwaysMatch":{}}}
&amp#27;[38;5;32m[AndroidUiautomator2Driver@8858 (9fd5263c)]&amp#27;[0m Got response with status 200: {"sessionId":"0cdefa8e-3ea7-4129-95de-aa0e77fcdd5b","value":{"capabilities":{"firstMatch":[{"platformName":"ANDROID","app":"C:\\Users\\joych\\eclipse-workspace\\AppiumFrameworkDesign\\src\\main\\java\\org\\joyacademy\\resources\\General-Store.apk","automationName":"UIAutomator2","platform":"LINUX","webStorageEnabled":false,"takesScreenshot":true,"javascriptEnabled":true,"databaseEnabled":false,"networkConnectionEnabled":true,"locationContextEnabled":false,"warnings":{},"desired":{"platformName":"ANDROID","app":"C:\\Users\\joych\\eclipse-workspace\\AppiumFrameworkDesign\\src\\main\\java\\org\\joyacademy\\resources\\General-Store.apk","automationName":"UIAutomator2"},"deviceName":"emulator-5554","deviceUDID":"emulator-5554","appPackage":"com.androidsample.generalstore"}],"alwaysMatch":{}},"sessionId":"0cdefa8e-3ea7-4129-95de-aa0e77fcdd5b"}}
&amp#27;[38;5;32m[AndroidUiautomator2Driver@8858 (9fd5263c)]&amp#27;[0m Determined the downstream protocol as 'W3C'
&amp#27;[38;5;32m[AndroidUiautomator2Driver@8858 (9fd5263c)]&amp#27;[0m Proxying [GET /appium/device/pixel_ratio] to [GET http://127.0.0.1:8200/session/0cdefa8e-3ea7-4129-95de-aa0e77fcdd5b/appium/device/pixel_ratio] with no body
&amp#27;[38;5;32m[AndroidUiautomator2Driver@8858 (9fd5263c)]&amp#27;[0m Matched '/appium/device/system_bars' to command name 'getSystemBars'
&amp#27;[38;5;32m[AndroidUiautomator2Driver@8858 (9fd5263c)]&amp#27;[0m Proxying [GET /appium/device/system_bars] to [GET http://127.0.0.1:8200/session/0cdefa8e-3ea7-4129-95de-aa0e77fcdd5b/appium/device/system_bars] with no body
&amp#27;[38;5;32m[AndroidUiautomator2Driver@8858 (9fd5263c)]&amp#27;[0m Matched '/window/current/size' to command name 'getWindowSize'
&amp#27;[38;5;32m[AndroidUiautomator2Driver@8858 (9fd5263c)]&amp#27;[0m Proxying [GET /window/current/size] to [GET http://127.0.0.1:8200/session/0cdefa8e-3ea7-4129-95de-aa0e77fcdd5b/window/current/size] with no body
&amp#27;[38;5;32m[AndroidUiautomator2Driver@8858 (9fd5263c)]&amp#27;[0m Proxying [GET /appium/device/info] to [GET http://127.0.0.1:8200/session/0cdefa8e-3ea7-4129-95de-aa0e77fcdd5b/appium/device/info] with no body
&amp#27;[38;5;48m[ADB]&amp#27;[0m Running 'C:\Users\joych\AppData\Local\Android\Sdk\platform-tools\adb.exe -P 5037 -s emulator-5554 shell dumpsys window'
&amp#27;[38;5;48m[ADB]&amp#27;[0m Running 'C:\Users\joych\AppData\Local\Android\Sdk\platform-tools\adb.exe -P 5037 -s emulator-5554 shell dumpsys power'
&amp#27;[38;5;32m[AndroidUiautomator2Driver@8858 (9fd5263c)]&amp#27;[0m Got response with status 200: {"sessionId":"0cdefa8e-3ea7-4129-95de-aa0e77fcdd5b","value":3.5}
&amp#27;[38;5;32m[AndroidUiautomator2Driver@8858 (9fd5263c)]&amp#27;[0m Got response with status 200: {"sessionId":"0cdefa8e-3ea7-4129-95de-aa0e77fcdd5b","value":{"statusBar":98}}
&amp#27;[38;5;32m[AndroidUiautomator2Driver@8858 (9fd5263c)]&amp#27;[0m Got response with status 200: {"sessionId":"0cdefa8e-3ea7-4129-95de-aa0e77fcdd5b","value":{"height":2880,"width":1440}}
&amp#27;[38;5;32m[AndroidUiautomator2Driver@8858 (9fd5263c)]&amp#27;[0m Screen already unlocked, doing nothing
&amp#27;[38;5;32m[AndroidUiautomator2Driver@8858 (9fd5263c)]&amp#27;[0m Starting 'com.androidsample.generalstore/com.androidsample.generalstore.SplashActivity and waiting for 'com.androidsample.generalstore/com.androidsample.generalstore.SplashActivity'
&amp#27;[38;5;48m[ADB]&amp#27;[0m Running 'C:\Users\joych\AppData\Local\Android\Sdk\platform-tools\adb.exe -P 5037 -s emulator-5554 shell am start -W -n com.androidsample.generalstore/com.androidsample.generalstore.SplashActivity -S -a android.intent.action.MAIN -c android.intent.category.LAUNCHER -f 0x10200000'
&amp#27;[38;5;32m[AndroidUiautomator2Driver@8858 (9fd5263c)]&amp#27;[0m Got response with status 200: {"sessionId":"0cdefa8e-3ea7-4129-95de-aa0e77fcdd5b","value":{"androidId":"04e7585edaaf2e2d","apiVersion":"34","bluetooth":{"state":"ON"},"brand":"google","carrierName":"T-Mobile","displayDensity":560,"locale":"en_US","manufacturer":"Google","model":"sdk_gphone64_x86_64","networks":[{"capabilities":{"SSID":null,"linkDownBandwidthKbps":30000,"linkUpstreamBandwidthKbps":12000,"networkCapabilities":"NET_CAPABILITY_NOT_METERED,NET_CAPABILITY_INTERNET,NET_CAPABILITY_NOT_RESTRICTED,NET_CAPABILITY_TRUSTED,NET_CAPABILITY_NOT_VPN,NET_CAPABILITY_VALIDATED,NET_CAPABILITY_NOT_ROAMING,NET_CAPABILITY_FOREGROUND,NET_CAPABILITY_NOT_CONGESTED,NET_CAPABILITY_NOT_SUSPENDED","signalStrength":-50,"transportTypes":"TRANSPORT_WIFI"},"detailedState":"CONNECTED","extraInfo":"","isAvailable":true,"isConnected":true,"isFailover":false,"isRoaming":false,"state":"CONNECTED","subtype":-1,"subtypeName":"","type":1,"typeName":"WIFI"},{"capabilities":{"SSID":null,"linkDownBandwidthKbps":30000,"linkUpstreamBandwidthKbps":15000,"networkCapab...
&amp#27;[38;5;48m[ADB]&amp#27;[0m Waiting up to 20000ms for activity matching pkg: 'com.androidsample.generalstore' and activity: 'com.androidsample.generalstore.SplashActivity' to be focused
&amp#27;[38;5;48m[ADB]&amp#27;[0m Possible activities, to be checked: 'com.androidsample.generalstore.SplashActivity', 'com.androidsample.generalstore.com.androidsample.generalstore.SplashActivity'
&amp#27;[38;5;48m[ADB]&amp#27;[0m Getting focused package and activity
&amp#27;[38;5;48m[ADB]&amp#27;[0m Running 'C:\Users\joych\AppData\Local\Android\Sdk\platform-tools\adb.exe -P 5037 -s emulator-5554 shell dumpsys window displays'
&amp#27;[38;5;48m[ADB]&amp#27;[0m Found package: 'com.androidsample.generalstore' and fully qualified activity name : 'com.androidsample.generalstore.SplashActivity'
&amp#27;[38;5;16m[AppiumDriver@c397]&amp#27;[0m New AndroidUiautomator2Driver session created successfully, session 9fd5263c-c5f9-485d-ae71-e5fecdfd7f97 added to master session list
&amp#27;[38;5;16m[AppiumDriver@c397]&amp#27;[0m Event 'newSessionStarted' logged at 1727179065237 (17:27:45 GMT+0530 (India Standard Time))
&amp#27;[38;5;32m[AndroidUiautomator2Driver@8858 (9fd5263c)]&amp#27;[0m Cached the protocol value 'W3C' for the new session 9fd5263c-c5f9-485d-ae71-e5fecdfd7f97
&amp#27;[38;5;32m[AndroidUiautomator2Driver@8858 (9fd5263c)]&amp#27;[0m Responding to client with driver.createSession() result: {"capabilities":{"platformName":"ANDROID","app":"C:\\Users\\joych\\eclipse-workspace\\AppiumFrameworkDesign\\src\\main\\java\\org\\joyacademy\\resources\\General-Store.apk","automationName":"UIAutomator2","platform":"LINUX","webStorageEnabled":false,"takesScreenshot":true,"javascriptEnabled":true,"databaseEnabled":false,"networkConnectionEnabled":true,"locationContextEnabled":false,"warnings":{},"desired":{"platformName":"ANDROID","app":"C:\\Users\\joych\\eclipse-workspace\\AppiumFrameworkDesign\\src\\main\\java\\org\\joyacademy\\resources\\General-Store.apk","automationName":"UIAutomator2"},"deviceName":"emulator-5554","deviceUDID":"emulator-5554","appPackage":"com.androidsample.generalstore","pixelRatio":"3.5","statBarHeight":98,"viewportRect":{"left":0,"top":98,"width":1440,"height":2782},"deviceApiLevel":34,"platformVersion":"14","deviceManufacturer":"Google","deviceModel":"sdk_gphone64_x86_64","deviceScreenSize":"1440x2880","deviceScreenDensity":560}}
&amp#27;[38;5;0m[HTTP]&amp#27;[0m &amp#27;[37m<-- POST /session &amp#27;[39m&amp#27;[32m200&amp#27;[39m &amp#27;[90m4851 ms - 1031&amp#27;[39m
&amp#27;[38;5;0m[HTTP]&amp#27;[0m &amp#27;[90m&amp#27;[39m
&amp#27;[38;5;0m[HTTP]&amp#27;[0m &amp#27;[37m-->&amp#27;[39m &amp#27;[37mPOST&amp#27;[39m &amp#27;[37m/session/9fd5263c-c5f9-485d-ae71-e5fecdfd7f97/timeouts&amp#27;[39m
&amp#27;[38;5;0m[HTTP]&amp#27;[0m &amp#27;[90m{"implicit":10000}&amp#27;[39m
&amp#27;[38;5;32m[AndroidUiautomator2Driver@8858 (9fd5263c)]&amp#27;[0m Calling AppiumDriver.timeouts() with args: [null,null,null,null,10000,"9fd5263c-c5f9-485d-ae71-e5fecdfd7f97"]
&amp#27;[38;5;32m[AndroidUiautomator2Driver@8858 (9fd5263c)]&amp#27;[0m W3C timeout argument: {"implicit":10000}}
&amp#27;[38;5;32m[AndroidUiautomator2Driver@8858 (9fd5263c)]&amp#27;[0m Set implicit wait to 10000ms
&amp#27;[38;5;32m[AndroidUiautomator2Driver@8858 (9fd5263c)]&amp#27;[0m Responding to client with driver.timeouts() result: null
&amp#27;[38;5;0m[HTTP]&amp#27;[0m &amp#27;[37m<-- POST /session/9fd5263c-c5f9-485d-ae71-e5fecdfd7f97/timeouts &amp#27;[39m&amp#27;[32m200&amp#27;[39m &amp#27;[90m9 ms - 14&amp#27;[39m
&amp#27;[38;5;0m[HTTP]&amp#27;[0m &amp#27;[90m&amp#27;[39m
&amp#27;[38;5;0m[HTTP]&amp#27;[0m &amp#27;[37m-->&amp#27;[39m &amp#27;[37mPOST&amp#27;[39m &amp#27;[37m/session/9fd5263c-c5f9-485d-ae71-e5fecdfd7f97/element&amp#27;[39m
&amp#27;[38;5;0m[HTTP]&amp#27;[0m &amp#27;[90m{"value":"Views","using":"accessibility id"}&amp#27;[39m
&amp#27;[38;5;32m[AndroidUiautomator2Driver@8858 (9fd5263c)]&amp#27;[0m Calling AppiumDriver.findElement() with args: ["accessibility id","Views","9fd5263c-c5f9-485d-ae71-e5fecdfd7f97"]
&amp#27;[38;5;32m[AndroidUiautomator2Driver@8858 (9fd5263c)]&amp#27;[0m Valid locator strategies for this request: xpath, id, class name, accessibility id, css selector, -android uiautomator
&amp#27;[38;5;32m[AndroidUiautomator2Driver@8858 (9fd5263c)]&amp#27;[0m Waiting up to 10000 ms for condition
&amp#27;[38;5;32m[AndroidUiautomator2Driver@8858 (9fd5263c)]&amp#27;[0m Matched '/element' to command name 'findElement'
&amp#27;[38;5;32m[AndroidUiautomator2Driver@8858 (9fd5263c)]&amp#27;[0m Proxying [POST /element] to [POST http://127.0.0.1:8200/session/0cdefa8e-3ea7-4129-95de-aa0e77fcdd5b/element] with body: {"strategy":"accessibility id","selector":"Views","context":"","multiple":false}
&amp#27;[38;5;32m[AndroidUiautomator2Driver@8858 (9fd5263c)]&amp#27;[0m Got response with status 404: {"sessionId":"0cdefa8e-3ea7-4129-95de-aa0e77fcdd5b","value":{"error":"no such element","message":"An element could not be located on the page using the given search parameters","stacktrace":"io.appium.uiautomator2.common.exceptions.ElementNotFoundException: An element could not be located on the page using the given search parameters\n\tat io.appium.uiautomator2.handler.FindElement.safeHandle(FindElement.java:63)\n\tat io.appium.uiautomator2.handler.request.SafeRequestHandler.handle(SafeRequestHandler.java:59)\n\tat io.appium.uiautomator2.server.AppiumServlet.handleRequest(AppiumServlet.java:259)\n\tat io.appium.uiautomator2.server.AppiumServlet.handleHttpRequest(AppiumServlet.java:253)\n\tat io.appium.uiautomator2.http.ServerHandler.channelRead(ServerHandler.java:77)\n\tat io.netty.channel.AbstractChannelHandlerContext.invokeChannelRead(AbstractChannelHandlerContext.java:366)\n\tat io.netty.channel.AbstractChannelHandlerContext.invokeChannelRead(AbstractChannelHandlerContext.java:352)\n\tat io.netty.chann...
&amp#27;[38;5;112m[W3C]&amp#27;[0m Matched W3C error code 'no such element' to NoSuchElementError
&amp#27;[38;5;32m[AndroidUiautomator2Driver@8858 (9fd5263c)]&amp#27;[0m Waited for 766 ms so far
&amp#27;[38;5;32m[AndroidUiautomator2Driver@8858 (9fd5263c)]&amp#27;[0m Matched '/element' to command name 'findElement'
&amp#27;[38;5;32m[AndroidUiautomator2Driver@8858 (9fd5263c)]&amp#27;[0m Proxying [POST /element] to [POST http://127.0.0.1:8200/session/0cdefa8e-3ea7-4129-95de-aa0e77fcdd5b/element] with body: {"strategy":"accessibility id","selector":"Views","context":"","multiple":false}
&amp#27;[38;5;32m[AndroidUiautomator2Driver@8858 (9fd5263c)]&amp#27;[0m Got response with status 404: {"sessionId":"0cdefa8e-3ea7-4129-95de-aa0e77fcdd5b","value":{"error":"no such element","message":"An element could not be located on the page using the given search parameters","stacktrace":"io.appium.uiautomator2.common.exceptions.ElementNotFoundException: An element could not be located on the page using the given search parameters\n\tat io.appium.uiautomator2.handler.FindElement.safeHandle(FindElement.java:63)\n\tat io.appium.uiautomator2.handler.request.SafeRequestHandler.handle(SafeRequestHandler.java:59)\n\tat io.appium.uiautomator2.server.AppiumServlet.handleRequest(AppiumServlet.java:259)\n\tat io.appium.uiautomator2.server.AppiumServlet.handleHttpRequest(AppiumServlet.java:253)\n\tat io.appium.uiautomator2.http.ServerHandler.channelRead(ServerHandler.java:77)\n\tat io.netty.channel.AbstractChannelHandlerContext.invokeChannelRead(AbstractChannelHandlerContext.java:366)\n\tat io.netty.channel.AbstractChannelHandlerContext.invokeChannelRead(AbstractChannelHandlerContext.java:352)\n\tat io.netty.chann...
&amp#27;[38;5;112m[W3C]&amp#27;[0m Matched W3C error code 'no such element' to NoSuchElementError
&amp#27;[38;5;32m[AndroidUiautomator2Driver@8858 (9fd5263c)]&amp#27;[0m Waited for 1309 ms so far
&amp#27;[38;5;32m[AndroidUiautomator2Driver@8858 (9fd5263c)]&amp#27;[0m Matched '/element' to command name 'findElement'
&amp#27;[38;5;32m[AndroidUiautomator2Driver@8858 (9fd5263c)]&amp#27;[0m Proxying [POST /element] to [POST http://127.0.0.1:8200/session/0cdefa8e-3ea7-4129-95de-aa0e77fcdd5b/element] with body: {"strategy":"accessibility id","selector":"Views","context":"","multiple":false}
&amp#27;[38;5;32m[AndroidUiautomator2Driver@8858 (9fd5263c)]&amp#27;[0m Got response with status 404: {"sessionId":"0cdefa8e-3ea7-4129-95de-aa0e77fcdd5b","value":{"error":"no such element","message":"An element could not be located on the page using the given search parameters","stacktrace":"io.appium.uiautomator2.common.exceptions.ElementNotFoundException: An element could not be located on the page using the given search parameters\n\tat io.appium.uiautomator2.handler.FindElement.safeHandle(FindElement.java:63)\n\tat io.appium.uiautomator2.handler.request.SafeRequestHandler.handle(SafeRequestHandler.java:59)\n\tat io.appium.uiautomator2.server.AppiumServlet.handleRequest(AppiumServlet.java:259)\n\tat io.appium.uiautomator2.server.AppiumServlet.handleHttpRequest(AppiumServlet.java:253)\n\tat io.appium.uiautomator2.http.ServerHandler.channelRead(ServerHandler.java:77)\n\tat io.netty.channel.AbstractChannelHandlerContext.invokeChannelRead(AbstractChannelHandlerContext.java:366)\n\tat io.netty.channel.AbstractChannelHandlerContext.invokeChannelRead(AbstractChannelHandlerContext.java:352)\n\tat io.netty.chann...
&amp#27;[38;5;112m[W3C]&amp#27;[0m Matched W3C error code 'no such element' to NoSuchElementError
&amp#27;[38;5;32m[AndroidUiautomator2Driver@8858 (9fd5263c)]&amp#27;[0m Waited for 1845 ms so far
&amp#27;[38;5;32m[AndroidUiautomator2Driver@8858 (9fd5263c)]&amp#27;[0m Matched '/element' to command name 'findElement'
&amp#27;[38;5;32m[AndroidUiautomator2Driver@8858 (9fd5263c)]&amp#27;[0m Proxying [POST /element] to [POST http://127.0.0.1:8200/session/0cdefa8e-3ea7-4129-95de-aa0e77fcdd5b/element] with body: {"strategy":"accessibility id","selector":"Views","context":"","multiple":false}
&amp#27;[38;5;32m[AndroidUiautomator2Driver@8858 (9fd5263c)]&amp#27;[0m Got response with status 404: {"sessionId":"0cdefa8e-3ea7-4129-95de-aa0e77fcdd5b","value":{"error":"no such element","message":"An element could not be located on the page using the given search parameters","stacktrace":"io.appium.uiautomator2.common.exceptions.ElementNotFoundException: An element could not be located on the page using the given search parameters\n\tat io.appium.uiautomator2.handler.FindElement.safeHandle(FindElement.java:63)\n\tat io.appium.uiautomator2.handler.request.SafeRequestHandler.handle(SafeRequestHandler.java:59)\n\tat io.appium.uiautomator2.server.AppiumServlet.handleRequest(AppiumServlet.java:259)\n\tat io.appium.uiautomator2.server.AppiumServlet.handleHttpRequest(AppiumServlet.java:253)\n\tat io.appium.uiautomator2.http.ServerHandler.channelRead(ServerHandler.java:77)\n\tat io.netty.channel.AbstractChannelHandlerContext.invokeChannelRead(AbstractChannelHandlerContext.java:366)\n\tat io.netty.channel.AbstractChannelHandlerContext.invokeChannelRead(AbstractChannelHandlerContext.java:352)\n\tat io.netty.chann...
&amp#27;[38;5;112m[W3C]&amp#27;[0m Matched W3C error code 'no such element' to NoSuchElementError
&amp#27;[38;5;32m[AndroidUiautomator2Driver@8858 (9fd5263c)]&amp#27;[0m Waited for 2388 ms so far
&amp#27;[38;5;32m[AndroidUiautomator2Driver@8858 (9fd5263c)]&amp#27;[0m Matched '/element' to command name 'findElement'
&amp#27;[38;5;32m[AndroidUiautomator2Driver@8858 (9fd5263c)]&amp#27;[0m Proxying [POST /element] to [POST http://127.0.0.1:8200/session/0cdefa8e-3ea7-4129-95de-aa0e77fcdd5b/element] with body: {"strategy":"accessibility id","selector":"Views","context":"","multiple":false}
&amp#27;[38;5;32m[AndroidUiautomator2Driver@8858 (9fd5263c)]&amp#27;[0m Got response with status 404: {"sessionId":"0cdefa8e-3ea7-4129-95de-aa0e77fcdd5b","value":{"error":"no such element","message":"An element could not be located on the page using the given search parameters","stacktrace":"io.appium.uiautomator2.common.exceptions.ElementNotFoundException: An element could not be located on the page using the given search parameters\n\tat io.appium.uiautomator2.handler.FindElement.safeHandle(FindElement.java:63)\n\tat io.appium.uiautomator2.handler.request.SafeRequestHandler.handle(SafeRequestHandler.java:59)\n\tat io.appium.uiautomator2.server.AppiumServlet.handleRequest(AppiumServlet.java:259)\n\tat io.appium.uiautomator2.server.AppiumServlet.handleHttpRequest(AppiumServlet.java:253)\n\tat io.appium.uiautomator2.http.ServerHandler.channelRead(ServerHandler.java:77)\n\tat io.netty.channel.AbstractChannelHandlerContext.invokeChannelRead(AbstractChannelHandlerContext.java:366)\n\tat io.netty.channel.AbstractChannelHandlerContext.invokeChannelRead(AbstractChannelHandlerContext.java:352)\n\tat io.netty.chann...
&amp#27;[38;5;112m[W3C]&amp#27;[0m Matched W3C error code 'no such element' to NoSuchElementError
&amp#27;[38;5;32m[AndroidUiautomator2Driver@8858 (9fd5263c)]&amp#27;[0m Waited for 3153 ms so far
&amp#27;[38;5;32m[AndroidUiautomator2Driver@8858 (9fd5263c)]&amp#27;[0m Matched '/element' to command name 'findElement'
&amp#27;[38;5;32m[AndroidUiautomator2Driver@8858 (9fd5263c)]&amp#27;[0m Proxying [POST /element] to [POST http://127.0.0.1:8200/session/0cdefa8e-3ea7-4129-95de-aa0e77fcdd5b/element] with body: {"strategy":"accessibility id","selector":"Views","context":"","multiple":false}
&amp#27;[38;5;32m[AndroidUiautomator2Driver@8858 (9fd5263c)]&amp#27;[0m Got response with status 404: {"sessionId":"0cdefa8e-3ea7-4129-95de-aa0e77fcdd5b","value":{"error":"no such element","message":"An element could not be located on the page using the given search parameters","stacktrace":"io.appium.uiautomator2.common.exceptions.ElementNotFoundException: An element could not be located on the page using the given search parameters\n\tat io.appium.uiautomator2.handler.FindElement.safeHandle(FindElement.java:63)\n\tat io.appium.uiautomator2.handler.request.SafeRequestHandler.handle(SafeRequestHandler.java:59)\n\tat io.appium.uiautomator2.server.AppiumServlet.handleRequest(AppiumServlet.java:259)\n\tat io.appium.uiautomator2.server.AppiumServlet.handleHttpRequest(AppiumServlet.java:253)\n\tat io.appium.uiautomator2.http.ServerHandler.channelRead(ServerHandler.java:77)\n\tat io.netty.channel.AbstractChannelHandlerContext.invokeChannelRead(AbstractChannelHandlerContext.java:366)\n\tat io.netty.channel.AbstractChannelHandlerContext.invokeChannelRead(AbstractChannelHandlerContext.java:352)\n\tat io.netty.chann...
&amp#27;[38;5;112m[W3C]&amp#27;[0m Matched W3C error code 'no such element' to NoSuchElementError
&amp#27;[38;5;32m[AndroidUiautomator2Driver@8858 (9fd5263c)]&amp#27;[0m Waited for 4479 ms so far
&amp#27;[38;5;32m[AndroidUiautomator2Driver@8858 (9fd5263c)]&amp#27;[0m Matched '/element' to command name 'findElement'
&amp#27;[38;5;32m[AndroidUiautomator2Driver@8858 (9fd5263c)]&amp#27;[0m Proxying [POST /element] to [POST http://127.0.0.1:8200/session/0cdefa8e-3ea7-4129-95de-aa0e77fcdd5b/element] with body: {"strategy":"accessibility id","selector":"Views","context":"","multiple":false}
&amp#27;[38;5;32m[AndroidUiautomator2Driver@8858 (9fd5263c)]&amp#27;[0m Got response with status 404: {"sessionId":"0cdefa8e-3ea7-4129-95de-aa0e77fcdd5b","value":{"error":"no such element","message":"An element could not be located on the page using the given search parameters","stacktrace":"io.appium.uiautomator2.common.exceptions.ElementNotFoundException: An element could not be located on the page using the given search parameters\n\tat io.appium.uiautomator2.handler.FindElement.safeHandle(FindElement.java:63)\n\tat io.appium.uiautomator2.handler.request.SafeRequestHandler.handle(SafeRequestHandler.java:59)\n\tat io.appium.uiautomator2.server.AppiumServlet.handleRequest(AppiumServlet.java:259)\n\tat io.appium.uiautomator2.server.AppiumServlet.handleHttpRequest(AppiumServlet.java:253)\n\tat io.appium.uiautomator2.http.ServerHandler.channelRead(ServerHandler.java:77)\n\tat io.netty.channel.AbstractChannelHandlerContext.invokeChannelRead(AbstractChannelHandlerContext.java:366)\n\tat io.netty.channel.AbstractChannelHandlerContext.invokeChannelRead(AbstractChannelHandlerContext.java:352)\n\tat io.netty.chann...
&amp#27;[38;5;112m[W3C]&amp#27;[0m Matched W3C error code 'no such element' to NoSuchElementError
&amp#27;[38;5;32m[AndroidUiautomator2Driver@8858 (9fd5263c)]&amp#27;[0m Waited for 5044 ms so far
&amp#27;[38;5;32m[AndroidUiautomator2Driver@8858 (9fd5263c)]&amp#27;[0m Matched '/element' to command name 'findElement'
&amp#27;[38;5;32m[AndroidUiautomator2Driver@8858 (9fd5263c)]&amp#27;[0m Proxying [POST /element] to [POST http://127.0.0.1:8200/session/0cdefa8e-3ea7-4129-95de-aa0e77fcdd5b/element] with body: {"strategy":"accessibility id","selector":"Views","context":"","multiple":false}
&amp#27;[38;5;32m[AndroidUiautomator2Driver@8858 (9fd5263c)]&amp#27;[0m Got response with status 404: {"sessionId":"0cdefa8e-3ea7-4129-95de-aa0e77fcdd5b","value":{"error":"no such element","message":"An element could not be located on the page using the given search parameters","stacktrace":"io.appium.uiautomator2.common.exceptions.ElementNotFoundException: An element could not be located on the page using the given search parameters\n\tat io.appium.uiautomator2.handler.FindElement.safeHandle(FindElement.java:63)\n\tat io.appium.uiautomator2.handler.request.SafeRequestHandler.handle(SafeRequestHandler.java:59)\n\tat io.appium.uiautomator2.server.AppiumServlet.handleRequest(AppiumServlet.java:259)\n\tat io.appium.uiautomator2.server.AppiumServlet.handleHttpRequest(AppiumServlet.java:253)\n\tat io.appium.uiautomator2.http.ServerHandler.channelRead(ServerHandler.java:77)\n\tat io.netty.channel.AbstractChannelHandlerContext.invokeChannelRead(AbstractChannelHandlerContext.java:366)\n\tat io.netty.channel.AbstractChannelHandlerContext.invokeChannelRead(AbstractChannelHandlerContext.java:352)\n\tat io.netty.chann...
&amp#27;[38;5;112m[W3C]&amp#27;[0m Matched W3C error code 'no such element' to NoSuchElementError
&amp#27;[38;5;32m[AndroidUiautomator2Driver@8858 (9fd5263c)]&amp#27;[0m Waited for 5609 ms so far
&amp#27;[38;5;32m[AndroidUiautomator2Driver@8858 (9fd5263c)]&amp#27;[0m Matched '/element' to command name 'findElement'
&amp#27;[38;5;32m[AndroidUiautomator2Driver@8858 (9fd5263c)]&amp#27;[0m Proxying [POST /element] to [POST http://127.0.0.1:8200/session/0cdefa8e-3ea7-4129-95de-aa0e77fcdd5b/element] with body: {"strategy":"accessibility id","selector":"Views","context":"","multiple":false}
&amp#27;[38;5;32m[AndroidUiautomator2Driver@8858 (9fd5263c)]&amp#27;[0m Got response with status 404: {"sessionId":"0cdefa8e-3ea7-4129-95de-aa0e77fcdd5b","value":{"error":"no such element","message":"An element could not be located on the page using the given search parameters","stacktrace":"io.appium.uiautomator2.common.exceptions.ElementNotFoundException: An element could not be located on the page using the given search parameters\n\tat io.appium.uiautomator2.handler.FindElement.safeHandle(FindElement.java:63)\n\tat io.appium.uiautomator2.handler.request.SafeRequestHandler.handle(SafeRequestHandler.java:59)\n\tat io.appium.uiautomator2.server.AppiumServlet.handleRequest(AppiumServlet.java:259)\n\tat io.appium.uiautomator2.server.AppiumServlet.handleHttpRequest(AppiumServlet.java:253)\n\tat io.appium.uiautomator2.http.ServerHandler.channelRead(ServerHandler.java:77)\n\tat io.netty.channel.AbstractChannelHandlerContext.invokeChannelRead(AbstractChannelHandlerContext.java:366)\n\tat io.netty.channel.AbstractChannelHandlerContext.invokeChannelRead(AbstractChannelHandlerContext.java:352)\n\tat io.netty.chann...
&amp#27;[38;5;112m[W3C]&amp#27;[0m Matched W3C error code 'no such element' to NoSuchElementError
&amp#27;[38;5;32m[AndroidUiautomator2Driver@8858 (9fd5263c)]&amp#27;[0m Waited for 6179 ms so far
&amp#27;[38;5;32m[AndroidUiautomator2Driver@8858 (9fd5263c)]&amp#27;[0m Matched '/element' to command name 'findElement'
&amp#27;[38;5;32m[AndroidUiautomator2Driver@8858 (9fd5263c)]&amp#27;[0m Proxying [POST /element] to [POST http://127.0.0.1:8200/session/0cdefa8e-3ea7-4129-95de-aa0e77fcdd5b/element] with body: {"strategy":"accessibility id","selector":"Views","context":"","multiple":false}
&amp#27;[38;5;32m[AndroidUiautomator2Driver@8858 (9fd5263c)]&amp#27;[0m Got response with status 404: {"sessionId":"0cdefa8e-3ea7-4129-95de-aa0e77fcdd5b","value":{"error":"no such element","message":"An element could not be located on the page using the given search parameters","stacktrace":"io.appium.uiautomator2.common.exceptions.ElementNotFoundException: An element could not be located on the page using the given search parameters\n\tat io.appium.uiautomator2.handler.FindElement.safeHandle(FindElement.java:63)\n\tat io.appium.uiautomator2.handler.request.SafeRequestHandler.handle(SafeRequestHandler.java:59)\n\tat io.appium.uiautomator2.server.AppiumServlet.handleRequest(AppiumServlet.java:259)\n\tat io.appium.uiautomator2.server.AppiumServlet.handleHttpRequest(AppiumServlet.java:253)\n\tat io.appium.uiautomator2.http.ServerHandler.channelRead(ServerHandler.java:77)\n\tat io.netty.channel.AbstractChannelHandlerContext.invokeChannelRead(AbstractChannelHandlerContext.java:366)\n\tat io.netty.channel.AbstractChannelHandlerContext.invokeChannelRead(AbstractChannelHandlerContext.java:352)\n\tat io.netty.chann...
&amp#27;[38;5;112m[W3C]&amp#27;[0m Matched W3C error code 'no such element' to NoSuchElementError
&amp#27;[38;5;32m[AndroidUiautomator2Driver@8858 (9fd5263c)]&amp#27;[0m Waited for 6752 ms so far
&amp#27;[38;5;32m[AndroidUiautomator2Driver@8858 (9fd5263c)]&amp#27;[0m Matched '/element' to command name 'findElement'
&amp#27;[38;5;32m[AndroidUiautomator2Driver@8858 (9fd5263c)]&amp#27;[0m Proxying [POST /element] to [POST http://127.0.0.1:8200/session/0cdefa8e-3ea7-4129-95de-aa0e77fcdd5b/element] with body: {"strategy":"accessibility id","selector":"Views","context":"","multiple":false}
&amp#27;[38;5;32m[AndroidUiautomator2Driver@8858 (9fd5263c)]&amp#27;[0m Got response with status 404: {"sessionId":"0cdefa8e-3ea7-4129-95de-aa0e77fcdd5b","value":{"error":"no such element","message":"An element could not be located on the page using the given search parameters","stacktrace":"io.appium.uiautomator2.common.exceptions.ElementNotFoundException: An element could not be located on the page using the given search parameters\n\tat io.appium.uiautomator2.handler.FindElement.safeHandle(FindElement.java:63)\n\tat io.appium.uiautomator2.handler.request.SafeRequestHandler.handle(SafeRequestHandler.java:59)\n\tat io.appium.uiautomator2.server.AppiumServlet.handleRequest(AppiumServlet.java:259)\n\tat io.appium.uiautomator2.server.AppiumServlet.handleHttpRequest(AppiumServlet.java:253)\n\tat io.appium.uiautomator2.http.ServerHandler.channelRead(ServerHandler.java:77)\n\tat io.netty.channel.AbstractChannelHandlerContext.invokeChannelRead(AbstractChannelHandlerContext.java:366)\n\tat io.netty.channel.AbstractChannelHandlerContext.invokeChannelRead(AbstractChannelHandlerContext.java:352)\n\tat io.netty.chann...
&amp#27;[38;5;112m[W3C]&amp#27;[0m Matched W3C error code 'no such element' to NoSuchElementError
&amp#27;[38;5;32m[AndroidUiautomator2Driver@8858 (9fd5263c)]&amp#27;[0m Waited for 7323 ms so far
&amp#27;[38;5;32m[AndroidUiautomator2Driver@8858 (9fd5263c)]&amp#27;[0m Matched '/element' to command name 'findElement'
&amp#27;[38;5;32m[AndroidUiautomator2Driver@8858 (9fd5263c)]&amp#27;[0m Proxying [POST /element] to [POST http://127.0.0.1:8200/session/0cdefa8e-3ea7-4129-95de-aa0e77fcdd5b/element] with body: {"strategy":"accessibility id","selector":"Views","context":"","multiple":false}
&amp#27;[38;5;32m[AndroidUiautomator2Driver@8858 (9fd5263c)]&amp#27;[0m Got response with status 404: {"sessionId":"0cdefa8e-3ea7-4129-95de-aa0e77fcdd5b","value":{"error":"no such element","message":"An element could not be located on the page using the given search parameters","stacktrace":"io.appium.uiautomator2.common.exceptions.ElementNotFoundException: An element could not be located on the page using the given search parameters\n\tat io.appium.uiautomator2.handler.FindElement.safeHandle(FindElement.java:63)\n\tat io.appium.uiautomator2.handler.request.SafeRequestHandler.handle(SafeRequestHandler.java:59)\n\tat io.appium.uiautomator2.server.AppiumServlet.handleRequest(AppiumServlet.java:259)\n\tat io.appium.uiautomator2.server.AppiumServlet.handleHttpRequest(AppiumServlet.java:253)\n\tat io.appium.uiautomator2.http.ServerHandler.channelRead(ServerHandler.java:77)\n\tat io.netty.channel.AbstractChannelHandlerContext.invokeChannelRead(AbstractChannelHandlerContext.java:366)\n\tat io.netty.channel.AbstractChannelHandlerContext.invokeChannelRead(AbstractChannelHandlerContext.java:352)\n\tat io.netty.chann...
&amp#27;[38;5;112m[W3C]&amp#27;[0m Matched W3C error code 'no such element' to NoSuchElementError
&amp#27;[38;5;32m[AndroidUiautomator2Driver@8858 (9fd5263c)]&amp#27;[0m Waited for 7895 ms so far
&amp#27;[38;5;32m[AndroidUiautomator2Driver@8858 (9fd5263c)]&amp#27;[0m Matched '/element' to command name 'findElement'
&amp#27;[38;5;32m[AndroidUiautomator2Driver@8858 (9fd5263c)]&amp#27;[0m Proxying [POST /element] to [POST http://127.0.0.1:8200/session/0cdefa8e-3ea7-4129-95de-aa0e77fcdd5b/element] with body: {"strategy":"accessibility id","selector":"Views","context":"","multiple":false}
&amp#27;[38;5;32m[AndroidUiautomator2Driver@8858 (9fd5263c)]&amp#27;[0m Got response with status 404: {"sessionId":"0cdefa8e-3ea7-4129-95de-aa0e77fcdd5b","value":{"error":"no such element","message":"An element could not be located on the page using the given search parameters","stacktrace":"io.appium.uiautomator2.common.exceptions.ElementNotFoundException: An element could not be located on the page using the given search parameters\n\tat io.appium.uiautomator2.handler.FindElement.safeHandle(FindElement.java:63)\n\tat io.appium.uiautomator2.handler.request.SafeRequestHandler.handle(SafeRequestHandler.java:59)\n\tat io.appium.uiautomator2.server.AppiumServlet.handleRequest(AppiumServlet.java:259)\n\tat io.appium.uiautomator2.server.AppiumServlet.handleHttpRequest(AppiumServlet.java:253)\n\tat io.appium.uiautomator2.http.ServerHandler.channelRead(ServerHandler.java:77)\n\tat io.netty.channel.AbstractChannelHandlerContext.invokeChannelRead(AbstractChannelHandlerContext.java:366)\n\tat io.netty.channel.AbstractChannelHandlerContext.invokeChannelRead(AbstractChannelHandlerContext.java:352)\n\tat io.netty.chann...
&amp#27;[38;5;112m[W3C]&amp#27;[0m Matched W3C error code 'no such element' to NoSuchElementError
&amp#27;[38;5;32m[AndroidUiautomator2Driver@8858 (9fd5263c)]&amp#27;[0m Waited for 8459 ms so far
&amp#27;[38;5;32m[AndroidUiautomator2Driver@8858 (9fd5263c)]&amp#27;[0m Matched '/element' to command name 'findElement'
&amp#27;[38;5;32m[AndroidUiautomator2Driver@8858 (9fd5263c)]&amp#27;[0m Proxying [POST /element] to [POST http://127.0.0.1:8200/session/0cdefa8e-3ea7-4129-95de-aa0e77fcdd5b/element] with body: {"strategy":"accessibility id","selector":"Views","context":"","multiple":false}
&amp#27;[38;5;32m[AndroidUiautomator2Driver@8858 (9fd5263c)]&amp#27;[0m Got response with status 404: {"sessionId":"0cdefa8e-3ea7-4129-95de-aa0e77fcdd5b","value":{"error":"no such element","message":"An element could not be located on the page using the given search parameters","stacktrace":"io.appium.uiautomator2.common.exceptions.ElementNotFoundException: An element could not be located on the page using the given search parameters\n\tat io.appium.uiautomator2.handler.FindElement.safeHandle(FindElement.java:63)\n\tat io.appium.uiautomator2.handler.request.SafeRequestHandler.handle(SafeRequestHandler.java:59)\n\tat io.appium.uiautomator2.server.AppiumServlet.handleRequest(AppiumServlet.java:259)\n\tat io.appium.uiautomator2.server.AppiumServlet.handleHttpRequest(AppiumServlet.java:253)\n\tat io.appium.uiautomator2.http.ServerHandler.channelRead(ServerHandler.java:77)\n\tat io.netty.channel.AbstractChannelHandlerContext.invokeChannelRead(AbstractChannelHandlerContext.java:366)\n\tat io.netty.channel.AbstractChannelHandlerContext.invokeChannelRead(AbstractChannelHandlerContext.java:352)\n\tat io.netty.chann...
&amp#27;[38;5;112m[W3C]&amp#27;[0m Matched W3C error code 'no such element' to NoSuchElementError
&amp#27;[38;5;32m[AndroidUiautomator2Driver@8858 (9fd5263c)]&amp#27;[0m Waited for 9029 ms so far
&amp#27;[38;5;32m[AndroidUiautomator2Driver@8858 (9fd5263c)]&amp#27;[0m Matched '/element' to command name 'findElement'
&amp#27;[38;5;32m[AndroidUiautomator2Driver@8858 (9fd5263c)]&amp#27;[0m Proxying [POST /element] to [POST http://127.0.0.1:8200/session/0cdefa8e-3ea7-4129-95de-aa0e77fcdd5b/element] with body: {"strategy":"accessibility id","selector":"Views","context":"","multiple":false}
&amp#27;[38;5;32m[AndroidUiautomator2Driver@8858 (9fd5263c)]&amp#27;[0m Got response with status 404: {"sessionId":"0cdefa8e-3ea7-4129-95de-aa0e77fcdd5b","value":{"error":"no such element","message":"An element could not be located on the page using the given search parameters","stacktrace":"io.appium.uiautomator2.common.exceptions.ElementNotFoundException: An element could not be located on the page using the given search parameters\n\tat io.appium.uiautomator2.handler.FindElement.safeHandle(FindElement.java:63)\n\tat io.appium.uiautomator2.handler.request.SafeRequestHandler.handle(SafeRequestHandler.java:59)\n\tat io.appium.uiautomator2.server.AppiumServlet.handleRequest(AppiumServlet.java:259)\n\tat io.appium.uiautomator2.server.AppiumServlet.handleHttpRequest(AppiumServlet.java:253)\n\tat io.appium.uiautomator2.http.ServerHandler.channelRead(ServerHandler.java:77)\n\tat io.netty.channel.AbstractChannelHandlerContext.invokeChannelRead(AbstractChannelHandlerContext.java:366)\n\tat io.netty.channel.AbstractChannelHandlerContext.invokeChannelRead(AbstractChannelHandlerContext.java:352)\n\tat io.netty.chann...
&amp#27;[38;5;112m[W3C]&amp#27;[0m Matched W3C error code 'no such element' to NoSuchElementError
&amp#27;[38;5;32m[AndroidUiautomator2Driver@8858 (9fd5263c)]&amp#27;[0m Waited for 9601 ms so far
&amp#27;[38;5;32m[AndroidUiautomator2Driver@8858 (9fd5263c)]&amp#27;[0m Matched '/element' to command name 'findElement'
&amp#27;[38;5;32m[AndroidUiautomator2Driver@8858 (9fd5263c)]&amp#27;[0m Proxying [POST /element] to [POST http://127.0.0.1:8200/session/0cdefa8e-3ea7-4129-95de-aa0e77fcdd5b/element] with body: {"strategy":"accessibility id","selector":"Views","context":"","multiple":false}
&amp#27;[38;5;32m[AndroidUiautomator2Driver@8858 (9fd5263c)]&amp#27;[0m Got response with status 404: {"sessionId":"0cdefa8e-3ea7-4129-95de-aa0e77fcdd5b","value":{"error":"no such element","message":"An element could not be located on the page using the given search parameters","stacktrace":"io.appium.uiautomator2.common.exceptions.ElementNotFoundException: An element could not be located on the page using the given search parameters\n\tat io.appium.uiautomator2.handler.FindElement.safeHandle(FindElement.java:63)\n\tat io.appium.uiautomator2.handler.request.SafeRequestHandler.handle(SafeRequestHandler.java:59)\n\tat io.appium.uiautomator2.server.AppiumServlet.handleRequest(AppiumServlet.java:259)\n\tat io.appium.uiautomator2.server.AppiumServlet.handleHttpRequest(AppiumServlet.java:253)\n\tat io.appium.uiautomator2.http.ServerHandler.channelRead(ServerHandler.java:77)\n\tat io.netty.channel.AbstractChannelHandlerContext.invokeChannelRead(AbstractChannelHandlerContext.java:366)\n\tat io.netty.channel.AbstractChannelHandlerContext.invokeChannelRead(AbstractChannelHandlerContext.java:352)\n\tat io.netty.chann...
&amp#27;[38;5;112m[W3C]&amp#27;[0m Matched W3C error code 'no such element' to NoSuchElementError
&amp#27;[38;5;32m[AndroidUiautomator2Driver@8858 (9fd5263c)]&amp#27;[0m Encountered internal error running command: NoSuchElementError: An element could not be located on the page using the given search parameters.
&amp#27;[38;5;32m[AndroidUiautomator2Driver@8858 (9fd5263c)]&amp#27;[0m     at AndroidUiautomator2Driver.findElOrEls (C:\Users\joych\node_modules\appium-uiautomator2-driver\node_modules\appium-android-driver\lib\commands\find.ts:86:11)
&amp#27;[38;5;32m[AndroidUiautomator2Driver@8858 (9fd5263c)]&amp#27;[0m     at processTicksAndRejections (node:internal/process/task_queues:95:5)
&amp#27;[38;5;32m[AndroidUiautomator2Driver@8858 (9fd5263c)]&amp#27;[0m     at AndroidUiautomator2Driver.findElOrElsWithProcessing (C:\Users\joych\node_modules\appium-uiautomator2-driver\node_modules\@appium\base-driver\lib\basedriver\commands\find.ts:60:12)
&amp#27;[38;5;32m[AndroidUiautomator2Driver@8858 (9fd5263c)]&amp#27;[0m     at AndroidUiautomator2Driver.findElement (C:\Users\joych\node_modules\appium-uiautomator2-driver\node_modules\@appium\base-driver\lib\basedriver\commands\find.ts:75:12)
&amp#27;[38;5;0m[HTTP]&amp#27;[0m &amp#27;[37m<-- POST /session/9fd5263c-c5f9-485d-ae71-e5fecdfd7f97/element &amp#27;[39m&amp#27;[33m404&amp#27;[39m &amp#27;[90m10083 ms - 875&amp#27;[39m
&amp#27;[38;5;0m[HTTP]&amp#27;[0m &amp#27;[90m&amp#27;[39m
&amp#27;[38;5;0m[HTTP]&amp#27;[0m &amp#27;[37m-->&amp#27;[39m &amp#27;[37mGET&amp#27;[39m &amp#27;[37m/session/9fd5263c-c5f9-485d-ae71-e5fecdfd7f97/screenshot&amp#27;[39m
&amp#27;[38;5;0m[HTTP]&amp#27;[0m &amp#27;[90m{}&amp#27;[39m
&amp#27;[38;5;32m[AndroidUiautomator2Driver@8858 (9fd5263c)]&amp#27;[0m Calling AppiumDriver.getScreenshot() with args: ["9fd5263c-c5f9-485d-ae71-e5fecdfd7f97"]
&amp#27;[38;5;32m[AndroidUiautomator2Driver@8858 (9fd5263c)]&amp#27;[0m Matched '/screenshot' to command name 'getScreenshot'
&amp#27;[38;5;32m[AndroidUiautomator2Driver@8858 (9fd5263c)]&amp#27;[0m Proxying [GET /screenshot] to [GET http://127.0.0.1:8200/session/0cdefa8e-3ea7-4129-95de-aa0e77fcdd5b/screenshot] with no body
&amp#27;[38;5;32m[AndroidUiautomator2Driver@8858 (9fd5263c)]&amp#27;[0m Got response with status 200: {"sessionId":"0cdefa8e-3ea7-4129-95de-aa0e77fcdd5b","value":"iVBORw0KGgoAAAANSUhEUgAABaAAAAtACAYAAADu24QXAAAAAXNSR0IArs4c6QAAAARzQklUCAgICHwIZIgAACAASURBVHic7N13mFxV/cfxz73Td7bX9F5IpYTQSwhgCEhTQBAUUFSqBQSsPxFQEKQpXaULCoIGREoglIQIhJ4QEtI3hWzvs7NT7v39kWTd2V7m7myy79fz+DzOmTP3nNlsdslnvvd7jJyV37QFAAAAAAAAAECSmaneAAAAAAAAAABgz0QADQAAAAAAAABwBAE0AAAAAAAAAMARBNAAAAAAAAAAAEcQQAMAAAAAAAAAHEEADQAAAAAAAABwBAE0AAAAAAAAAMARBNAAAAAAAAAAAEcQQAMAAAAAAAAAHEEADQAAAAAAAABwBAE0AAAAAAAAAMARBNAAAAAAAAAAAEcQQAMAAAAAAAAAHEEADQAAAAAAAABwBAE0AAAAAAAAAMAR7lRvABjoDBka4s7W/Ix9dVLGbE33j1KOKyhbkrFzjt1i/hfRKr0fXq+na/6rxaHPVBMPyU6YAQAAAAAAAAwORs7Kb5KMAa0YMpTrStctQ8/T3OB0BU2fjOa4ufss2aqM1+uv1W/q+tJ/KC7Lgd0CAAAAAAAAAxMBNNCCIUOjPflaPO56BUyfzF6Ezh2xZGtdZLvmbrhGDVY4adcdyEwZ8hhu+U2PRnsKdGLG/jomfab29o9RWaxGCxs+0Ut1H2lJ6DNF7LgidlRRO57qbQMAAAAAACBJCKCBnfJdGXpz3PUqcmf1qtq5u2J2XENWfVvWHtqWw5Ahr+GS1/CoyJ2tuenT9eWM/TXLP04B09tmfsyOa1O0XK/Uf6JXGj7We43rFLFjilixQVsxbsqQz/TIkCGf4Za5s12/LVtxWYrYMVm2rSY7muKdAgAAAMDAMcSdrdGeAuW5M5RtBpXlSlPQ9KnBalJ1vEE1VkgVsTpt...
&amp#27;[38;5;32m[AndroidUiautomator2Driver@8858 (9fd5263c)]&amp#27;[0m Responding to client with driver.getScreenshot() result: "iVBORw0KGgoAAAANSUhEUgAABaAAAAtACAYAAADu24QXAAAAAXNSR0IArs4c6QAAAARzQklUCAgICHwIZIgAACAASURBVHic7N13mFxV/cfxz73Td7bX9F5IpYTQSwhgCEhTQBAUUFSqBQSsPxFQEKQpXaULCoIGREoglIQIhJ4QEtI3hWzvs7NT7v39kWTd2V7m7myy79fz+DzOmTP3nNlsdslnvvd7jJyV37QFAAAAAAAAAECSmaneAAAAAAAAAABgz0QADQAAAAAAAABwBAE0AAAAAAAAAMARBNAAAAAAAAAAAEcQQAMAAAAAAAAAHEEADQAAAAAAAABwBAE0AAAAAAAAAMARBNAAAAAAAAAAAEcQQAMAAAAAAAAAHEEADQAAAAAAAABwBAE0AAAAAAAAAMARBNAAAAAAAAAAAEcQQAMAAAAAAAAAHEEADQAAAAAAAABwBAE0AAAAAAAAAMAR7lRvABjoDBka4s7W/Ix9dVLGbE33j1KOKyhbkrFzjt1i/hfRKr0fXq+na/6rxaHPVBMPyU6YAQAAAAAAAAwORs7Kb5KMAa0YMpTrStctQ8/T3OB0BU2fjOa4ufss2aqM1+uv1W/q+tJ/KC7Lgd0CAAAAAAAAAxMBNNCCIUOjPflaPO56BUyfzF6Ezh2xZGtdZLvmbrhGDVY4adcdyEwZ8hhu+U2PRnsKdGLG/jomfab29o9RWaxGCxs+0Ut1H2lJ6DNF7LgidlRRO57qbQMAAAAAACBJCKCBnfJdGXpz3PUqcmf1qtq5u2J2XENWfVvWHtqWw5Ahr+GS1/CoyJ2tuenT9eWM/TXLP04B09tmfsyOa1O0XK/Uf6JXGj7We43rFLFjilixQVsxbsqQz/TIkCGf4Za5s12/LVtxWYrYMVm2rSY7muKdAgAAAMDAMcSdrdGeAuW5M5RtBpXlSlPQ9KnBalJ1vEE1VkgVsTptipZpe6w61dsdcEZ58lUcLU/pHg5L20uHBqd0e/7vyv7p4G6QLATQGPRMGfpl...
&amp#27;[38;5;0m[HTTP]&amp#27;[0m &amp#27;[37m<-- GET /session/9fd5263c-c5f9-485d-ae71-e5fecdfd7f97/screenshot &amp#27;[39m&amp#27;[32m200&amp#27;[39m &amp#27;[90m803 ms - 882016&amp#27;[39m
&amp#27;[38;5;0m[HTTP]&amp#27;[0m &amp#27;[90m&amp#27;[39m
]]></system-out>
  </testcase>
</testsuite>