<?xml version="1.0" encoding="UTF-8"?>
<!-- Generated by org.testng.reporters.JUnitReportReporter -->
<testsuite hostname="JoyChowdhury" failures="0" tests="1" name="org.joyacademy.Testcases01" time="7.243" errors="0" timestamp="2024-09-24T11:18:05 IST" skipped="0">
  <testcase classname="org.joyacademy.Testcases01" name="ToastMessageValidation" time="7.243"/>
</testsuite> <!-- org.joyacademy.Testcases01 -->
