<?xml version="1.0" encoding="UTF-8"?>
<!-- Generated by org.testng.reporters.JUnitReportReporter -->
<testsuite hostname="JoyChowdhury" failures="0" tests="1" name="org.joyacademy.Ecommerce_TC_01" time="34.340" errors="0" timestamp="2024-07-17T13:31:25 IST" skipped="0">
  <testcase classname="org.joyacademy.Ecommerce_TC_01" name="E2ETestApplication" time="34.340"/>
</testsuite> <!-- org.joyacademy.Ecommerce_TC_01 -->
