<?xml version="1.0" encoding="UTF-8"?>
<!-- Generated by org.testng.reporters.JUnitReportReporter -->
<testsuite hostname="JoyChowdhury" failures="0" tests="3" name="org.joyacademy.Testcases01" time="88.246" errors="0" timestamp="2024-09-24T17:27:57 IST" skipped="0">
  <testcase classname="org.joyacademy.Testcases01" name="ToastMessageValidation" time="5.962"/>
  <testcase classname="org.joyacademy.Testcases01" name="E2ETestApplication" time="39.808"/>
  <testcase classname="org.joyacademy.Testcases01" name="E2ETestApplication" time="42.476"/>
</testsuite> <!-- org.joyacademy.Testcases01 -->
